
15:01:54: [Load Script File]
Path_File:C:\vivotech\regress\regression\regress_test\test_tree\SmartTap2.1_TW\ST000\ST000.txt
Items: 6
Load Case Succeed!


15:01:55: >>[Do Scripts]>>

C7-62 set private key
Pack L = 17-5669564F746563683200C7000000866E00
CMD: 56 69 56 4F 74 65 63 68 32 00 C7 62 01 20 A7 82 BE 58 B2 FB E0 51 D0 CE 53 48 88 D0 4A AB C5 22 37 D3 E2 A7 3A 41 C0 BB C1 BD 71 1B B9 F6 AE 95 A6 14 45 8A 9D 11 88 00 5C B8 20 0F 56 8F ED C8 3B 1D A9 1F BD 0F F4 92 4E 72 D7 1C A7 91 29 44 84 79 FE BA CE 55 DF 9A 2B AC 6A 40 BC 1A 1A 90 F2 18 1F 0D 5A 1E 04 0D CB 5D 90 33 3E 1A 6A 4A 36 6B FB D0 35 DC FB 95 52 F8 74 AB 47 FC 0F 99 64 96 1C 76 27 D1 AC 5F E7 7C 87 B2 02 A1 9A C2 3C 9C 8A 2C CA D6 3F 24 FF 56 52 1A 45 3B EB D7 C5 4A F5 7B D2 89 A3 E0 3B 19 CE 2A 9A E3 B9 8B 49 30 2F 97 95 FF B1 55 74 63 D7 6A A7 14 70 AD B0 A8 E8 4E 6A 74 6A 6C 29 22 B7 C6 C2 77 1E EC B5 D7 C4 E3 E2 6C 05 F1 43 B3 0A 29 62 F1 E5 49 26 63 E4 87 39 38 02 1A FE EE B7 48 70 B0 A4 FF 1A 93 10 5D CD 8E 74 5D 9B B7 34 C8 A4 7A 1C B2 79 48 D1 19 5F F5 97 04 06 3F 7D F4 BE 4D A0 27 1B D1 96 D3 C0 C4 58 CB 5F D6 D9 ED AB 12 8E B3 CD 24 BC 27 F2 DB E6 44 7C 75 5F 63 09 43 BE 36 
OUT: 56 69 56 4F 74 65 63 68 32 00 C7 00 00 00 86 6E 
ASCII: Otech2 Ç  
poll on demand
Pack L = 17-5669564F74656368320001000000125300
CMD: 56 69 56 4F 74 65 63 68 32 00 01 01 00 01 01 D7 34 
OUT: 56 69 56 4F 74 65 63 68 32 00 01 00 00 00 12 53 
ASCII: Otech2    
burst mode off
Pack L = 17-5669564F74656368320004000000AE1600
CMD: 56 69 56 4F 74 65 63 68 32 00 04 00 00 04 FF F7 01 00 B9 2E 
OUT: 56 69 56 4F 74 65 63 68 32 00 04 00 00 00 AE 16 
ASCII: Otech2    

15:02:01: CONNECT SUCCESS

15:02:07: [Load Script File]
Path_File:C:\vivotech\regress\regression\regress_test\test_tree\SmartTap2.1_TW\ST000\ST000.txt
Items: 6
Load Case Succeed!


15:02:08: >>[Do Scripts]>>

C7-62 set private key
Pack L = 17-5669564F746563683200C7000000866E00
CMD: 56 69 56 4F 74 65 63 68 32 00 C7 62 01 20 A7 82 BE 58 B2 FB E0 51 D0 CE 53 48 88 D0 4A AB C5 22 37 D3 E2 A7 3A 41 C0 BB C1 BD 71 1B B9 F6 AE 95 A6 14 45 8A 9D 11 88 00 5C B8 20 0F 56 8F ED C8 3B 1D A9 1F BD 0F F4 92 4E 72 D7 1C A7 91 29 44 84 79 FE BA CE 55 DF 9A 2B AC 6A 40 BC 1A 1A 90 F2 18 1F 0D 5A 1E 04 0D CB 5D 90 33 3E 1A 6A 4A 36 6B FB D0 35 DC FB 95 52 F8 74 AB 47 FC 0F 99 64 96 1C 76 27 D1 AC 5F E7 7C 87 B2 02 A1 9A C2 3C 9C 8A 2C CA D6 3F 24 FF 56 52 1A 45 3B EB D7 C5 4A F5 7B D2 89 A3 E0 3B 19 CE 2A 9A E3 B9 8B 49 30 2F 97 95 FF B1 55 74 63 D7 6A A7 14 70 AD B0 A8 E8 4E 6A 74 6A 6C 29 22 B7 C6 C2 77 1E EC B5 D7 C4 E3 E2 6C 05 F1 43 B3 0A 29 62 F1 E5 49 26 63 E4 87 39 38 02 1A FE EE B7 48 70 B0 A4 FF 1A 93 10 5D CD 8E 74 5D 9B B7 34 C8 A4 7A 1C B2 79 48 D1 19 5F F5 97 04 06 3F 7D F4 BE 4D A0 27 1B D1 96 D3 C0 C4 58 CB 5F D6 D9 ED AB 12 8E B3 CD 24 BC 27 F2 DB E6 44 7C 75 5F 63 09 43 BE 36 
OUT: 56 69 56 4F 74 65 63 68 32 00 C7 00 00 00 86 6E 
ASCII: Otech2 Ç  
poll on demand
Pack L = 17-5669564F74656368320001000000125300
CMD: 56 69 56 4F 74 65 63 68 32 00 01 01 00 01 01 D7 34 
OUT: 56 69 56 4F 74 65 63 68 32 00 01 00 00 00 12 53 
ASCII: Otech2    
burst mode off
Pack L = 17-5669564F74656368320004000000AE1600
CMD: 56 69 56 4F 74 65 63 68 32 00 04 00 00 04 FF F7 01 00 B9 2E 
OUT: 56 69 56 4F 74 65 63 68 32 00 04 00 00 00 AE 16 
ASCII: Otech2    

15:02:14: CONNECT SUCCESS

15:02:16: [Load Script File]
Path_File:C:\vivotech\regress\regression\regress_test\test_tree\SmartTap2.1_TW\ST000\ST000.txt
Items: 6
Load Case Succeed!


15:02:20: >>[Do Scripts]>>

C7-62 set private key
Pack L = 17-5669564F746563683200C7000000866E00
CMD: 56 69 56 4F 74 65 63 68 32 00 C7 62 01 20 A7 82 BE 58 B2 FB E0 51 D0 CE 53 48 88 D0 4A AB C5 22 37 D3 E2 A7 3A 41 C0 BB C1 BD 71 1B B9 F6 AE 95 A6 14 45 8A 9D 11 88 00 5C B8 20 0F 56 8F ED C8 3B 1D A9 1F BD 0F F4 92 4E 72 D7 1C A7 91 29 44 84 79 FE BA CE 55 DF 9A 2B AC 6A 40 BC 1A 1A 90 F2 18 1F 0D 5A 1E 04 0D CB 5D 90 33 3E 1A 6A 4A 36 6B FB D0 35 DC FB 95 52 F8 74 AB 47 FC 0F 99 64 96 1C 76 27 D1 AC 5F E7 7C 87 B2 02 A1 9A C2 3C 9C 8A 2C CA D6 3F 24 FF 56 52 1A 45 3B EB D7 C5 4A F5 7B D2 89 A3 E0 3B 19 CE 2A 9A E3 B9 8B 49 30 2F 97 95 FF B1 55 74 63 D7 6A A7 14 70 AD B0 A8 E8 4E 6A 74 6A 6C 29 22 B7 C6 C2 77 1E EC B5 D7 C4 E3 E2 6C 05 F1 43 B3 0A 29 62 F1 E5 49 26 63 E4 87 39 38 02 1A FE EE B7 48 70 B0 A4 FF 1A 93 10 5D CD 8E 74 5D 9B B7 34 C8 A4 7A 1C B2 79 48 D1 19 5F F5 97 04 06 3F 7D F4 BE 4D A0 27 1B D1 96 D3 C0 C4 58 CB 5F D6 D9 ED AB 12 8E B3 CD 24 BC 27 F2 DB E6 44 7C 75 5F 63 09 43 BE 36 
OUT: 56 69 56 4F 74 65 63 68 32 00 C7 00 00 00 86 6E 
ASCII: Otech2 Ç  
poll on demand
Pack L = 17-5669564F74656368320001000000125300
CMD: 56 69 56 4F 74 65 63 68 32 00 01 01 00 01 01 D7 34 
OUT: 56 69 56 4F 74 65 63 68 32 00 01 00 00 00 12 53 
ASCII: Otech2    
burst mode off
Pack L = 17-5669564F74656368320004000000AE1600
CMD: 56 69 56 4F 74 65 63 68 32 00 04 00 00 04 FF F7 01 00 B9 2E 
OUT: 56 69 56 4F 74 65 63 68 32 00 04 00 00 00 AE 16 
ASCII: Otech2    

15:02:26: >>[Do Scripts]>>

C7-62 set private key
Pack L = 17-5669564F746563683200C7000000866E00
CMD: 56 69 56 4F 74 65 63 68 32 00 C7 62 01 20 A7 82 BE 58 B2 FB E0 51 D0 CE 53 48 88 D0 4A AB C5 22 37 D3 E2 A7 3A 41 C0 BB C1 BD 71 1B B9 F6 AE 95 A6 14 45 8A 9D 11 88 00 5C B8 20 0F 56 8F ED C8 3B 1D A9 1F BD 0F F4 92 4E 72 D7 1C A7 91 29 44 84 79 FE BA CE 55 DF 9A 2B AC 6A 40 BC 1A 1A 90 F2 18 1F 0D 5A 1E 04 0D CB 5D 90 33 3E 1A 6A 4A 36 6B FB D0 35 DC FB 95 52 F8 74 AB 47 FC 0F 99 64 96 1C 76 27 D1 AC 5F E7 7C 87 B2 02 A1 9A C2 3C 9C 8A 2C CA D6 3F 24 FF 56 52 1A 45 3B EB D7 C5 4A F5 7B D2 89 A3 E0 3B 19 CE 2A 9A E3 B9 8B 49 30 2F 97 95 FF B1 55 74 63 D7 6A A7 14 70 AD B0 A8 E8 4E 6A 74 6A 6C 29 22 B7 C6 C2 77 1E EC B5 D7 C4 E3 E2 6C 05 F1 43 B3 0A 29 62 F1 E5 49 26 63 E4 87 39 38 02 1A FE EE B7 48 70 B0 A4 FF 1A 93 10 5D CD 8E 74 5D 9B B7 34 C8 A4 7A 1C B2 79 48 D1 19 5F F5 97 04 06 3F 7D F4 BE 4D A0 27 1B D1 96 D3 C0 C4 58 CB 5F D6 D9 ED AB 12 8E B3 CD 24 BC 27 F2 DB E6 44 7C 75 5F 63 09 43 BE 36 
OUT: 56 69 56 4F 74 65 63 68 32 00 C7 00 00 00 86 6E 
ASCII: Otech2 Ç  
poll on demand
Pack L = 17-5669564F74656368320001000000125300
CMD: 56 69 56 4F 74 65 63 68 32 00 01 01 00 01 01 D7 34 
OUT: 56 69 56 4F 74 65 63 68 32 00 01 00 00 00 12 53 
ASCII: Otech2    
burst mode off
Pack L = 17-5669564F74656368320004000000AE1600
CMD: 56 69 56 4F 74 65 63 68 32 00 04 00 00 04 FF F7 01 00 B9 2E 
OUT: 56 69 56 4F 74 65 63 68 32 00 04 00 00 00 AE 16 
ASCII: Otech2    
