
14:23:42: [Load Script File]
Path_File:C:\test_tree\CA_Public_Key_TW\CA101\NGAT\Script\CA101.txt
Items: 36
Load Case Succeed!


14:23:46: >>[Do Scripts]>>

TID:Set Group 80
Pack L = 17-5669564F74656368320004000000AE1600
CMD: 56 69 56 4F 74 65 63 68 32 00 04 03 01 19 DF EE 2D 01 80 9F 01 00 9F 40 05 00 00 00 00 00 9F 09 02 00 02 DF 81 17 01 00 DF 81 18 01 60 DF 81 19 01 08 DF 81 1A 03 9F 6A 04 9F 70 00 9F 71 00 9F 72 00 9F 73 00 9F 74 00 9F 75 00 9F 76 00 9F 77 00 9F 78 00 9F 79 00 DF 81 08 00 DF 60 00 DF 81 09 00 DF 62 00 DF 81 0A 00 DF 63 00 DF 81 0D 00 9F 1E 08 30 30 30 30 30 30 30 30 DF 81 1B 01 20 9F 6D 02 00 01 DF 81 1E 01 10 DF 81 2C 01 00 DF 81 1C 02 00 00 DF 81 1D 01 00 9F 15 02 11 11 9F 16 00 9F 4E 00 9F 7E 00 DF 81 23 06 00 00 00 01 00 00 DF 81 24 06 00 00 00 03 00 00 DF 81 25 06 00 00 00 05 00 00 DF 81 26 06 00 00 00 00 10 00 DF 81 10 01 00 DF 81 1F 01 08 FF 69 03 5F 53 00 DF 81 12 0E 5F 53 9F 5D 9F 75 9F 76 9F 77 9F 78 9F 79 DF 81 20 05 00 00 00 00 00 DF 81 21 05 00 00 00 00 00 DF 81 22 05 00 00 00 00 00 9F 33 00 9F 1A 02 00 56 9F 1C 00 9F 1D 08 6C FF 00 00 00 00 00 00 9F 35 01 22 8D 16 
OUT: 56 69 56 4F 74 65 63 68 32 00 04 00 00 00 AE 16 
ASCII: Otech2    
TIMEOUT:1000
INTERVAL:200
LOOP:1
Catch LOOP Test Demand
LOOP:1

PROTOCOL:IDG
TID:Set AID -group80
Pack L = 17-5669564F74656368320004000000AE1600
CMD: 56 69 56 4F 74 65 63 68 32 00 04 02 00 3B DF EE 2D 01 80 9F 06 07 A0 00 00 00 04 10 10 DF EE 4B 01 01 DF EE 2E 01 10 DF EE 53 01 02 DF EE 54 0F 02 00 80 02 01 80 02 09 80 02 17 80 02 20 80 DF EE 59 01 02 DF EE 4D 01 74 02 EE 
OUT: 56 69 56 4F 74 65 63 68 32 00 04 00 00 00 AE 16 
ASCII: Otech2    
TIMEOUT:1000
INTERVAL:200
LOOP:1
Catch LOOP Test Demand
LOOP:1

PROTOCOL:IDG
TID:Set Group 08
Pack L = 17-5669564F74656368320004000000AE1600
CMD: 56 69 56 4F 74 65 63 68 32 00 04 03 01 19 DF EE 2D 01 08 9F 01 00 9F 40 05 00 00 00 00 00 9F 09 02 00 02 DF 81 17 01 00 DF 81 18 01 60 DF 81 19 01 08 DF 81 1A 03 9F 6A 04 9F 70 00 9F 71 00 9F 72 00 9F 73 00 9F 74 00 9F 75 00 9F 76 00 9F 77 00 9F 78 00 9F 79 00 DF 81 08 00 DF 60 00 DF 81 09 00 DF 62 00 DF 81 0A 00 DF 63 00 DF 81 0D 00 9F 1E 08 30 30 30 30 30 30 30 30 DF 81 1B 01 20 9F 6D 02 00 01 DF 81 1E 01 10 DF 81 2C 01 00 DF 81 1C 02 00 00 DF 81 1D 01 00 9F 15 02 11 11 9F 16 00 9F 4E 00 9F 7E 00 DF 81 23 06 00 00 00 01 00 00 DF 81 24 06 00 00 00 03 00 00 DF 81 25 06 00 00 00 05 00 00 DF 81 26 06 00 00 00 00 10 00 DF 81 10 01 00 DF 81 1F 01 08 FF 69 03 5F 53 00 DF 81 12 0E 5F 53 9F 5D 9F 75 9F 76 9F 77 9F 78 9F 79 DF 81 20 05 00 00 00 00 00 DF 81 21 05 00 00 00 00 00 DF 81 22 05 00 00 00 00 00 9F 33 00 9F 1A 02 00 56 9F 1C 00 9F 1D 08 6C FF 00 00 00 00 00 00 9F 35 01 22 59 62 
OUT: 56 69 56 4F 74 65 63 68 32 00 04 00 00 00 AE 16 
ASCII: Otech2    
TIMEOUT:1000
INTERVAL:200
LOOP:1
Catch LOOP Test Demand
LOOP:1

PROTOCOL:IDG
TID:Set AID -group08
Pack L = 17-5669564F74656368320004000000AE1600
CMD: 56 69 56 4F 74 65 63 68 32 00 04 02 00 3B DF EE 2D 01 08 9F 06 07 A0 00 00 00 04 10 10 DF EE 4B 01 01 DF EE 2E 01 10 DF EE 53 01 02 DF EE 54 0F 02 00 08 02 01 08 02 09 08 02 17 08 02 20 08 DF EE 59 01 02 DF EE 4D 01 74 2F 55 
OUT: 56 69 56 4F 74 65 63 68 32 00 04 00 00 00 AE 16 
ASCII: Otech2    
TIMEOUT:1000
INTERVAL:200
LOOP:1
Catch LOOP Test Demand
LOOP:1

PROTOCOL:IDG
TID:Active Command
DEKDET:DEKDET_3MX4-8760
Pack L = 33-5669564F746563683200610100100300000200454E030082541C020000607A3500
CMD: 56 69 56 4F 74 65 63 68 32 00 02 40 00 42 1E 9C 01 00 5F 2A 02 09 78 9F 02 06 00 00 00 00 15 00 9F 03 06 00 00 00 00 00 00 5F 36 01 02 5F 57 00 9F 53 01 01 9F 7C 14 01 02 03 04 05 06 07 08 09 0A 0B 0C 0D 0E 0F 10 11 12 13 14 DF EF 37 01 02 C7 E8 
OUT: 56 69 56 4F 74 65 63 68 32 00 61 01 00 10 03 00 00 02 00 45 4E 03 00 82 54 1C 02 00 00 60 7A 35 
ASCII: Otech2 a        EN  ‚T    
Error! >>>> Expect OUT:EXR:56 69 56 4F 74 65 63 68 32 00 02 23 ** DF 81 29 08 30 
TIMEOUT:10000
INTERVAL:200
LOOP:1
Catch LOOP Test Demand
LOOP:1

PROTOCOL:IDG

14:24:21: [Send Command]

Protocal:Pack ViVopay2

CMD: 56 69 56 4F 74 65 63 68 32 00 05 01 00 00 EF 92 
OUT: 56 69 56 4F 74 65 63 68 32 00 61 01 00 10 03 00 00 02 00 45 4E 03 00 82 21 1C 02 00 20 23 A6 4D 
ASCII: Otech2 a        EN  ‚!    
