2022-12-12 11:37:41 : 937 MS

TX:56 69 56 4F 74 65 63 68 32 00 29 00 00 00 DE A0
RX:56 69 56 4F 74 65 63 68 32 00 29 00 00 1A 56 50 33 33 35 30 20 46 57 20 76 31 2E 30 30 2E 31 36 35 2E 32 32 34 39 2E 54 42 9C
RX-ASCII:ViVOtech2.)...VP3350 FW v1.00.165.2249.TB?
Time Spent:16MS
Check_RX:PASS
Get Device Firmware Version:VP3350 FW v1.00.165.2249.T
2022-12-12 11:37:41 : 966 MS

TX:56 69 56 4F 74 65 63 68 32 00 C7 3F 00 00 FA 6F
RX:56 69 56 4F 74 65 63 68 32 00 C7 00 00 29 49 44 20 54 45 43 48 20 54 4D 34 20 66 6F 72 20 4E 45 4F 32 2E 30 20 52 53 32 33 32 20 52 65 61 64 65 72 20 56 34 2E 30 36 DF C2
RX-ASCII:ViVOtech2.?..)ID TECH TM4 for NEO2.0 RS232 Reader V4.06??
Time Spent:250MS
<NEOII>
Get device memory
2022-12-12 11:37:42 : 225 MS

TX:56 69 56 4F 74 65 63 68 32 00 09 30 00 00 35 52
RX:56 69 56 4F 74 65 63 68 32 00 09 00 00 0C 00 01 13 80 00 02 58 30 FF FF FF FF 8D 6C
RX-ASCII:ViVOtech2........?..X0?????l
Time Spent:32MS
Passthrough Enable
2022-12-12 11:37:42 : 271 MS

TX:56 69 56 4F 74 65 63 68 32 00 2C 01 00 01 01 19 1D
RX:56 69 56 4F 74 65 63 68 32 00 2C 00 00 00 1C 9B
RX-ASCII:ViVOtech2.,....?
Time Spent:47MS
Check_RX:PASS
EXR:2C00
Enable Antenna
2022-12-12 11:37:42 : 336 MS

TX:56 69 56 4F 74 65 63 68 32 00 28 01 00 01 01 1F 94
RX:56 69 56 4F 74 65 63 68 32 00 28 00 00 00 D6 6A
RX-ASCII:ViVOtech2.(...?j
Time Spent:31MS
Check_RX:PASS
EXR:28 00
Polling Felica Card
2022-12-12 11:37:43 : 022 MS

TX:56 69 56 4F 74 65 63 68 32 00 2C 44 00 06 05 00 FF FF 01 01 D0 5D
RX:56 69 56 4F 74 65 63 68 32 00 2C 00 00 13 01 01 2E 59 24 2B 41 43 5F 00 F1 00 00 00 01 43 00 88 B4 AD D7
RX-ASCII:ViVOtech2.,......Y$+AC_.?....C.????
Time Spent:16MS
Check_RX:PASS
EXR:2C 00 00 13 01 ** 00 F1 00 00 00 01 43 00 88 B4
Normal Write S_PAD1 -- 00
2022-12-12 11:37:43 : 057 MS

TX:56 69 56 4F 74 65 63 68 32 00 2C 44 00 20 1F 08 01 2E 59 24 2B 41 43 5F 01 09 00 01 80 01 00 00 00 00 00 00 00 00 00 00 00 00 00 00 00 00 3B BD
RX:56 69 56 4F 74 65 63 68 32 00 2C 00 00 0B 09 01 2E 59 24 2B 41 43 5F 00 00 05 9D
RX-ASCII:ViVOtech2.,......Y$+AC_...?
Time Spent:47MS
Check_RX:PASS
EXR:2C 00 00 0B 09012E59242B41435F 00 00
Normal Read S_PAD1 -- 00
2022-12-12 11:37:43 : 115 MS

TX:56 69 56 4F 74 65 63 68 32 00 2C 44 00 10 0F 06 01 2E 59 24 2B 41 43 5F 01 09 00 01 80 01 8B 76
RX:56 69 56 4F 74 65 63 68 32 00 2C 00 00 1C 07 01 2E 59 24 2B 41 43 5F 00 00 01 00 00 00 00 00 00 00 00 00 00 00 00 00 00 00 00 B3 06
RX-ASCII:ViVOtech2.,......Y$+AC_...................?.
Time Spent:0MS
Check_RX:PASS
EXR:2C 00 00 1C 07012E59242B41435F00 00 01 00 00 00 00 00 00 00 00 00 00 00 00 00 00 00 00
Normal Write S_PAD01 -- 11
2022-12-12 11:37:43 : 131 MS

TX:56 69 56 4F 74 65 63 68 32 00 2C 44 00 20 1F 08 01 2E 59 24 2B 41 43 5F 01 09 00 01 80 01 11 11 11 11 11 11 11 11 11 11 11 11 11 11 11 11 3D ED
RX:56 69 56 4F 74 65 63 68 32 00 2C 00 00 0B 09 01 2E 59 24 2B 41 43 5F 00 00 05 9D
RX-ASCII:ViVOtech2.,......Y$+AC_...?
Time Spent:31MS
Check_RX:PASS
EXR:2C 00 00 0B 09012E59242B41435F 00 00
Normal Read S_PAD1&3&4&5 -- 11
2022-12-12 11:37:43 : 178 MS

TX:56 69 56 4F 74 65 63 68 32 00 2C 44 00 16 15 06 01 2E 59 24 2B 41 43 5F 01 09 00 04 80 01 80 03 80 04 80 05 E7 77
RX:56 69 56 4F 74 65 63 68 32 00 2C 00 00 4C 07 01 2E 59 24 2B 41 43 5F 00 00 04 11 11 11 11 11 11 11 11 11 11 11 11 11 11 11 11 00 00 00 00 00 00 00 00 00 00 00 00 00 00 00 00 00 00 00 00 00 00 00 00 00 00 00 00 00 00 00 00 00 00 00 00 00 00 00 00 00 00 00 00 00 00 00 00 ED F4
RX-ASCII:ViVOtech2.,..L...Y$+AC_...................................................................??
Time Spent:16MS
Check_RX:PASS
EXR:2C 00 00 4C 07012E59242B41435F00 00 04 11 11 11 11 11 11 11 11 11 11 11 11 11 11 11 11
Passthrough Disable
2022-12-12 11:37:43 : 209 MS

TX:56 69 56 4F 74 65 63 68 32 00 2C 01 00 01 00 38 0D
RX:56 69 56 4F 74 65 63 68 32 00 2C 00 00 00 1C 9B
RX-ASCII:ViVOtech2.,....?
Time Spent:47MS
Check_RX:PASS
EXR:2C00
Get device memory
2022-12-12 11:37:43 : 293 MS

TX:56 69 56 4F 74 65 63 68 32 00 09 30 00 00 35 52
RX:56 69 56 4F 74 65 63 68 32 00 09 00 00 0C 00 01 13 80 00 02 58 30 FF FF FF FF 8D 6C
RX-ASCII:ViVOtech2........?..X0?????l
Time Spent:16MS
Check_RX:PASS
EXR:5669564F7465636832000900000C0001138000025830
[Test Result] - PASS
 Warning:0
 Fail:0

