*** NEOI project ***

Get Data Encryption (C7-37)
2021-09-14 09:03:17 : 107 MS

TX:56 69 56 4F 74 65 63 68 32 00 C7 37 00 00 5B C6
RX:56 69 56 4F 74 65 63 68 32 00 C7 00 00 01 03 9C 1C
RX-ASCII:ViVOtech2.?....?.
Time Spent:0MS
Check_RX:PASS

Encryption Type -- TDES
2021-09-14 09:03:17 : 137 MS

TX:56 69 56 4F 74 65 63 68 32 00 C7 33 00 00 9B 1A
RX:56 69 56 4F 74 65 63 68 32 00 C7 00 00 01 00 AC 7F
RX-ASCII:ViVOtech2.?....?.
Time Spent:0MS
Check_RX:PASS

First response control = Send First Response 0x63
2021-09-14 09:03:17 : 147 MS

TX:56 69 56 4F 74 65 63 68 32 00 04 00 00 05 DF ED 59 01 00 EA 86
RX:56 69 56 4F 74 65 63 68 32 00 04 00 00 00 AE 16
RX-ASCII:ViVOtech2.....?.
Time Spent:0MS
Check_RX:PASS

Burst mode Off (NEOI)
2021-09-14 09:03:17 : 169 MS

TX:56 69 56 4F 74 65 63 68 32 00 04 00 00 04 FF F7 01 00 B9 2E
RX:56 69 56 4F 74 65 63 68 32 00 04 00 00 00 AE 16
RX-ASCII:ViVOtech2.....?.
Time Spent:0MS
Check_RX:PASS

Poll on Demand
2021-09-14 09:03:17 : 181 MS

TX:56 69 56 4F 74 65 63 68 32 00 01 01 00 01 01 D7 34
RX:56 69 56 4F 74 65 63 68 32 00 01 00 00 00 12 53
RX-ASCII:ViVOtech2......S
Time Spent:0MS
Check_RX:PASS

60-16 Contact Set ICS Identification (02)
2021-09-14 09:03:17 : 195 MS

TX:56 69 56 4F 74 65 63 68 32 00 60 16 00 01 02 B3 FD
RX:56 69 56 4F 74 65 63 68 32 00 60 00 00 00 3D 35
RX-ASCII:ViVOtech2.`...=5
Time Spent:0MS
Check_RX:PASS

60-03 Contact Set Application Data (VISA)
2021-09-14 09:03:17 : 210 MS

TX:56 69 56 4F 74 65 63 68 32 00 60 03 00 65 07 00 A0 00 00 00 03 10 10 0F 00 9F 01 06 56 49 53 41 30 30 5F 57 01 00 5F 2A 02 08 40 9F 09 02 00 96 5F 36 01 02 9F 1B 04 00 00 3A 98 DF 25 03 9F 37 04 DF 28 03 9F 08 02 DF EE 15 01 01 DF 13 05 00 00 00 00 00 DF 14 05 00 00 00 00 00 DF 15 05 00 00 00 00 00 DF 18 01 00 DF 17 04 00 00 27 10 DF 19 01 00 F3 97
RX:56 69 56 4F 74 65 63 68 32 00 60 00 00 00 3D 35
RX-ASCII:ViVOtech2.`...=5
Time Spent:16MS
Check_RX:PASS

60-06 Contact Set Terminal Data (NEOI)
2021-09-14 09:03:17 : 241 MS

TX:56 69 56 4F 74 65 63 68 32 00 60 06 00 E0 1D 00 5F 36 01 02 9F 1A 02 08 40 9F 35 01 21 9F 33 03 60 28 C8 9F 40 05 F0 00 F0 A0 01 9F 1E 08 54 65 72 6D 69 6E 61 6C 9F 15 02 12 34 9F 16 0F 30 30 30 30 30 30 30 30 30 30 30 30 30 30 30 9F 1C 08 38 37 36 35 34 33 32 31 9F 4E 22 31 30 37 32 31 20 57 61 6C 6B 65 72 20 53 74 2E 20 43 79 70 72 65 73 73 2C 20 43 41 20 2C 55 53 41 2E DF 26 01 01 DF 10 08 65 6E 66 72 65 73 7A 68 DF 11 01 00 DF 27 01 00 DF EE 15 01 01 DF EE 16 01 00 DF EE 17 01 07 DF EE 18 01 80 DF EE 1E 08 D0 DC 20 D0 C4 1E 16 00 DF EE 1F 01 80 DF EE 1B 08 30 30 30 31 35 31 30 30 DF EE 20 01 3C DF EE 21 01 0A DF EE 22 03 32 3C 3C DF EF 7D 01 01 DF EF 65 01 00 DF EF 62 01 01 DF EF 52 01 05 9F 53 01 50 0B 02
RX:56 69 56 4F 74 65 63 68 32 00 60 00 00 00 3D 35
RX-ASCII:ViVOtech2.`...=5
Time Spent:15MS
Check_RX:PASS

60-0A Contact Set CA Public Key
2021-09-14 09:03:17 : 288 MS

TX:56 69 56 4F 74 65 63 68 32 00 60 0A 00 92 A0 00 00 99 99 E1 01 01 F8 70 7B 9B ED F0 31 E5 8A 9F 84 36 31 B9 0C 90 D8 0E D6 95 00 00 00 03 70 00 99 C5 B7 0A A6 1B 4F 4C 51 B6 F9 0B 0E 3B FB 7A 3E E0 E7 DB 41 BC 46 68 88 B3 EC 8E 99 77 C7 62 40 7E F1 D7 9E 0A FB 28 23 10 0A 02 0C 3E 80 20 59 3D B5 0E 90 DB EA C1 8B 78 D1 3F 96 BB 2F 57 EE DD C3 0F 25 65 92 41 7C DF 73 9C A6 80 4A 10 A2 9D 28 06 E7 74 BF A7 51 F2 2C F3 B6 5B 38 F3 7F 91 B4 DA F8 AE C9 B8 03 F7 61 0E 06 AC 9E 6B 8C E0
RX:56 69 56 4F 74 65 63 68 32 00 60 00 00 00 3D 35
RX-ASCII:ViVOtech2.`...=5
Time Spent:16MS
Check_RX:PASS

Activate Transaction_NEOI
2021-09-14 09:03:17 : 319 MS

TX:56 69 56 4F 74 65 63 68 32 00 60 10 00 23 01 00 78 00 78 9C 01 00 5F 57 01 00 9F 02 06 00 00 00 00 02 00 9F 03 06 00 00 00 00 00 00 5F 2A 02 08 40 F0 8F
RX:56 69 56 4F 74 65 63 68 32 00 60 63 00 00 FF 0E
RX-ASCII:ViVOtech2.`c..?.
Time Spent:0MS
RX:56 69 56 4F 74 65 63 68 32 00 61 01 00 10 03 00 00 02 00 45 4E 03 00 81 0B 1C 02 00 00 00 34 C9
RX-ASCII:ViVOtech2.a........EN..?......4?
Time Spent:531MS
Insert card (once) that can not be powered on IC chip --> Remove card --> Swipe Discover card...(ANY)
Insert card (once) that can not be powered on IC chip --> Remove card --> Swipe Discover card...(ANY)
Insert card (once) that can not be powered on IC chip --> Remove card --> Swipe Discover card...(ANY)
RX:56 69 56 4F 74 65 63 68 32 00 61 01 00 10 03 00 00 02 00 45 4E 03 00 81 11 1C 02 00 00 00 A8 4F
RX-ASCII:ViVOtech2.a........EN..?......?O
Time Spent:2901MS
RX:56 69 56 4F 74 65 63 68 32 00 61 01 00 10 03 00 00 02 00 45 4E 03 00 81 13 1C 02 00 00 00 23 0F
RX-ASCII:ViVOtech2.a........EN..?......#.
Time Spent:16MS
Insert card (once) that can not be powered on IC chip --> Remove card --> Swipe Discover card...(ANY)
Insert card (once) that can not be powered on IC chip --> Remove card --> Swipe Discover card...(ANY)
Insert card (once) that can not be powered on IC chip --> Remove card --> Swipe Discover card...(ANY)
Insert card (once) that can not be powered on IC chip --> Remove card --> Swipe Discover card...(ANY)
RX:56 69 56 4F 74 65 63 68 32 00 61 01 00 10 03 00 00 02 00 45 4E 03 00 81 03 1C 02 00 00 00 39 8B
RX-ASCII:ViVOtech2.a........EN..?......9?
Time Spent:4462MS
RX:56 69 56 4F 74 65 63 68 32 00 60 00 01 A0 C8 DF EE 25 02 00 07 57 00 5A 00 5F 34 00 5F 20 00 5F 24 00 9F 20 00 5F 25 00 5F 2D 00 50 00 4F 00 84 00 DF EE 23 82 01 25 02 1F 01 80 1F 44 28 00 A3 9B 25 2A 36 35 31 30 2A 2A 2A 2A 2A 2A 2A 2A 2A 2A 2A 30 30 36 39 5E 43 41 52 44 2F 49 4D 41 47 45 20 30 35 20 20 20 20 20 20 20 20 20 20 20 20 20 5E 31 37 31 32 2A 2A 2A 2A 2A 2A 2A 2A 2A 2A 2A 2A 2A 3F 2A 3B 36 35 31 30 2A 2A 2A 2A 2A 2A 2A 2A 2A 2A 2A 30 30 36 39 3D 31 37 31 32 2A 2A 2A 2A 2A 2A 2A 2A 2A 2A 2A 2A 2A 3F 2A 03 D3 F4 A5 D5 8A D5 5A 29 D2 49 B8 8B 29 42 86 21 06 63 19 8D 30 1D A6 FA 02 A5 0D DF 72 99 98 E6 86 5B 30 D3 86 75 9D 0E 35 AB 43 5F 47 33 61 9D 73 D4 6B D0 67 B9 62 24 A7 5D E9 47 44 29 C1 6F B9 17 B4 D6 EA 81 19 AE 4B E6 02 E7 4A C1 15 D7 76 C8 B4 EF 0E 03 95 DD C6 C9 18 07 57 6B 26 3E B0 0C BB A0 08 A9 30 80 52 7F 33 BE E6 53 8B A8 3C 28 E1 F4 46 44 E2 34 B1 A4 D0 CF D6 52 A6 11 24 65 58 5D E0 83 FE 8E 16 93 8F 62 97 2F 7C 85 6F 2B 63 A9 72 D5 0D 00 00 00 00 00 00 00 00 00 00 62 99 49 01 2C 00 04 60 00 0E C6 D8 03 9F 39 01 80 9F 1E 08 54 65 72 6D 69 6E 61 6C FF EE 01 04 DF 30 01 0C DF EE 26 01 C8 DF EF 4C 06 00 27 00 00 00 00 DF EF 4D 28 AE 4B E6 02 E7 4A C1 15 D7 76 C8 B4 EF 0E 03 95 DD C6 C9 18 07 57 6B 26 3E B0 0C BB A0 08 A9 30 ED A2 4E 48 8C CC B2 95 B3 A6
RX-ASCII:ViVOtech2.`..????%...W.Z._4._ ._$.? ._%._-.P.O.?.??#?.%...?.D(.??%*6510***********0069^CARD/IMAGE 05             ^1712*************?*;6510***********0069=1712*************?*.??????Z)?I??)B?!.c.?0.??.?.?r????[0??u?.5?C_G3a?s?k?g?b$?]?GD)?o?.????.?K?.?J?.?v???..????..Wk&>?.??.?0?R.3??S??<(??FD?4?????R?.$eX]????.??b?/|?o+c?r?...........b?I.,..`..??.?9.??..Terminal??..?0..??&.???L..'....??M(?K?.?J?.?v???..????..Wk&>?.??.?0??NH??????
Time Spent:46MS
Check_RX:PASS
RX:Check String PASS
RX:Check String PASS
RX:Check String PASS
Tag: DFEE23 is 021F01801F442800A39B252A363531302A2A2A2A2A2A2A2A2A2A2A303036395E434152442F494D414745203035202020202020202020202020205E313731322A2A2A2A2A2A2A2A2A2A2A2A2A3F2A3B363531302A2A2A2A2A2A2A2A2A2A2A303036393D313731322A2A2A2A2A2A2A2A2A2A2A2A2A3F2A03D3F4A5D58AD55A29D249B88B294286210663198D301DA6FA02A50DDF729998E6865B30D386759D0E35AB435F4733619D73D46BD067B96224A75DE9474429C16FB917B4D6EA8119AE4BE602E74AC115D776C8B4EF0E0395DDC6C91807576B263EB00CBBA008A93080527F33BEE6538BA83C28E1F44644E234B1A4D0CFD652A6112465585DE083FE8E16938F62972F7C856F2B63A972D50D00000000000000000000629949012C000460000EC6D803
%*6510***********0069^CARD/IMAGE 05             ^1712*************?*
;6510***********0069=1712*************?*

03D3F4A5D58AD55A29D249B88B294286210663198D301DA6FA02A50DDF729998E6865B30D386759D0E35AB435F4733619D73D46BD067B96224A75DE9474429C16FB917B4D6EA8119
AE4BE602E74AC115D776C8B4EF0E0395DDC6C91807576B263EB00CBBA008A93080527F33BEE6538B

=================================================================
Total length : 287
Card Type : CAPTURE_ENCODE_TYPE_ISOABA
Track 1-3 Status : 
             Track1 decode success
             Track2 decode success
             Track3 decode success
             Track1 sampling success
             Track2 sampling success
             Track3 sampling fail
Track Length:
             Track 1 Length: 68
             Track 2 Length: 40
             Track 3 Length: 0
Field8 : 0xA3
Clear/mask data sent status byte:
             Track1 Clear/Mask data present
             Track2 Clear/Mask data present
             Track3 Clear/Mask data not present
             Key Management : KEY_MANAGEMENT_TYPE_DUKPT_10KSN
             Encrypted Type : ENCRYPTION_MODE_TDES
             Key Type : ENCRYPTION_KEY_TYPE_DATA
             Out Put Serial Number Enable
Field9 : 0x9B
Encrypted data sent status byte:
             Track1 encrypted data present
             Track2 encrypted data present
             Track3 encrypted data not present
             Track1 hash data present
             Track2 hash data present
             Track3 hash data not present
             Session ID not Present
             KSN Present
Track1 Mask
%*6510***********0069^CARD/IMAGE 05             ^1712*************?*
Track2 Mask
;6510***********0069=1712*************?*
Track3 Mask


Track1 Encrypted Data Length:72
Track2 Encrypted Data Length:40
Track3 Encrypted Data Length:0
Track1 Encrypted Data :
03D3F4A5D58AD55A29D249B88B294286210663198D301DA6FA02A50DDF729998E6865B30D386759D0E35AB435F4733619D73D46BD067B96224A75DE9474429C16FB917B4D6EA8119
Track2 Encrypted Data :
AE4BE602E74AC115D776C8B4EF0E0395DDC6C91807576B263EB00CBBA008A93080527F33BEE6538B
Track3 Encrypted Data :

Track1 Hash Data :a83c28e1f44644e234b1a4d0cfd652a611246558
Track2 Hash Data :5de083fe8e16938f62972f7c856f2b63a972d50d
Track3 Hash Data :
Serial Number : 00000000000000000000
KSN:629949012C000460000E
Track 1 Clear(Hex) Data :
2542363531303030303030303030303030303036395E434152442F494D414745203035202020202020202020202020205E31373132323031313030303034303330303F2C00000000
Track 2 Clear(Hex) Data :
3B363531303030303030303030303030303036393D31373132323031313030303034303330303F34
Track 3 Clear(Hex) Data :


Track1 Clear(ASCII) Data :
%B6510000000000000069^CARD/IMAGE 05             ^17122011000040300?,
Track2 Clear(ASCII) Data :
;6510000000000000069=17122011000040300?4
Track3 Clear(ASCII) Data : is NULL.

GetEncryptionKeyType():0
GetEncryptionMode():1
Track 1:
%*6510***********0069^CARD/IMAGE 05             ^1712*************?*
Track 2:
;6510***********0069=1712*************?*
Track 3:

Track 1_Enc:
03D3F4A5D58AD55A29D249B88B294286210663198D301DA6FA02A50DDF729998E6865B30D386759D0E35AB435F4733619D73D46BD067B96224A75DE9474429C16FB917B4D6EA8119
Track 2_Enc:
AE4BE602E74AC115D776C8B4EF0E0395DDC6C91807576B263EB00CBBA008A93080527F33BEE6538B
Track 3_Enc:

KSN:
629949012C000460000E
Track 1:
Encrypt Data:03D3F4A5D58AD55A29D249B88B294286210663198D301DA6FA02A50DDF729998E6865B30D386759D0E35AB435F4733619D73D46BD067B96224A75DE9474429C16FB917B4D6EA8119
Decrypt Data:2542363531303030303030303030303030303036395E434152442F494D414745203035202020202020202020202020205E31373132323031313030303034303330303F2C00000000
Track 2:
Encrypt Data:AE4BE602E74AC115D776C8B4EF0E0395DDC6C91807576B263EB00CBBA008A93080527F33BEE6538B
Decrypt Data:3B363531303030303030303030303030303036393D31373132323031313030303034303330303F34
Tag: DFEE25 is 0007
Tag: 9F39 is 80
Tag: FFEE01 is DF30010C
Tag: DFEE26 is C8
Tag: DFEF4C is 002700000000
Tag: DFEF4D is AE4BE602E74AC115D776C8B4EF0E0395DDC6C91807576B263EB00CBBA008A930EDA24E488CCCB295
Encrypt Data:AE4BE602E74AC115D776C8B4EF0E0395DDC6C91807576B263EB00CBBA008A930EDA24E488CCCB295
Decrypt Data:3B363531303030303030303030303030303036393D31373132323031313030303034303330303F00
RX:Check String PASS
RX:Check String PASS
RX:Check String PASS
RX:Check String PASS
Track 1 Mask data: PASS
RX:Check String PASS
RX:Check String PASS
RX:Check String PASS
Track 2 Mask data: PASS
RX:Check String PASS
RX:Check String PASS
RX:Check String PASS
Track 1 Decryption data: PASS
RX:Check String PASS
RX:Check String PASS
Track 2 Decryption data: PASS
RX:Check String PASS
RX:Check String PASS

60-13 Contact Retrieve Transaction Result
2021-09-14 09:03:25 : 386 MS

TX:56 69 56 4F 74 65 63 68 32 00 60 13 00 16 57 5A 5F 34 5F 20 5F 24 9F 20 5F 25 5F 2D 50 4F 84 DF EE 23 9F 39 01 A0
RX:56 69 56 4F 74 65 63 68 32 00 60 05 00 00 D6 C5
RX-ASCII:ViVOtech2.`...??
Time Spent:0MS
Check_RX:PASS

