
15:01:54: [Load Script File]
Path_File:C:\vivotech\regress\regression\regress_test\test_tree\SmartTap2.1_TW\ST000\ST000.txt
Items: 6
Load Case Succeed!


15:01:55: >>[Do Scripts]>>

C7-62 set private key
Pack L = 17-5669564F746563683200C7000000866E00
CMD: 56 69 56 4F 74 65 63 68 32 00 C7 62 01 20 A7 82 BE 58 B2 FB E0 51 D0 CE 53 48 88 D0 4A AB C5 22 37 D3 E2 A7 3A 41 C0 BB C1 BD 71 1B B9 F6 AE 95 A6 14 45 8A 9D 11 88 00 5C B8 20 0F 56 8F ED C8 3B 1D A9 1F BD 0F F4 92 4E 72 D7 1C A7 91 29 44 84 79 FE BA CE 55 DF 9A 2B AC 6A 40 BC 1A 1A 90 F2 18 1F 0D 5A 1E 04 0D CB 5D 90 33 3E 1A 6A 4A 36 6B FB D0 35 DC FB 95 52 F8 74 AB 47 FC 0F 99 64 96 1C 76 27 D1 AC 5F E7 7C 87 B2 02 A1 9A C2 3C 9C 8A 2C CA D6 3F 24 FF 56 52 1A 45 3B EB D7 C5 4A F5 7B D2 89 A3 E0 3B 19 CE 2A 9A E3 B9 8B 49 30 2F 97 95 FF B1 55 74 63 D7 6A A7 14 70 AD B0 A8 E8 4E 6A 74 6A 6C 29 22 B7 C6 C2 77 1E EC B5 D7 C4 E3 E2 6C 05 F1 43 B3 0A 29 62 F1 E5 49 26 63 E4 87 39 38 02 1A FE EE B7 48 70 B0 A4 FF 1A 93 10 5D CD 8E 74 5D 9B B7 34 C8 A4 7A 1C B2 79 48 D1 19 5F F5 97 04 06 3F 7D F4 BE 4D A0 27 1B D1 96 D3 C0 C4 58 CB 5F D6 D9 ED AB 12 8E B3 CD 24 BC 27 F2 DB E6 44 7C 75 5F 63 09 43 BE 36 
OUT: 56 69 56 4F 74 65 63 68 32 00 C7 00 00 00 86 6E 
ASCII: Otech2   
poll on demand
Pack L = 17-5669564F74656368320001000000125300
CMD: 56 69 56 4F 74 65 63 68 32 00 01 01 00 01 01 D7 34 
OUT: 56 69 56 4F 74 65 63 68 32 00 01 00 00 00 12 53 
ASCII: Otech2    
burst mode off
Pack L = 17-5669564F74656368320004000000AE1600
CMD: 56 69 56 4F 74 65 63 68 32 00 04 00 00 04 FF F7 01 00 B9 2E 
OUT: 56 69 56 4F 74 65 63 68 32 00 04 00 00 00 AE 16 
ASCII: Otech2    

15:02:01: CONNECT SUCCESS

15:02:07: [Load Script File]
Path_File:C:\vivotech\regress\regression\regress_test\test_tree\SmartTap2.1_TW\ST000\ST000.txt
Items: 6
Load Case Succeed!


15:02:08: >>[Do Scripts]>>

C7-62 set private key
Pack L = 17-5669564F746563683200C7000000866E00
CMD: 56 69 56 4F 74 65 63 68 32 00 C7 62 01 20 A7 82 BE 58 B2 FB E0 51 D0 CE 53 48 88 D0 4A AB C5 22 37 D3 E2 A7 3A 41 C0 BB C1 BD 71 1B B9 F6 AE 95 A6 14 45 8A 9D 11 88 00 5C B8 20 0F 56 8F ED C8 3B 1D A9 1F BD 0F F4 92 4E 72 D7 1C A7 91 29 44 84 79 FE BA CE 55 DF 9A 2B AC 6A 40 BC 1A 1A 90 F2 18 1F 0D 5A 1E 04 0D CB 5D 90 33 3E 1A 6A 4A 36 6B FB D0 35 DC FB 95 52 F8 74 AB 47 FC 0F 99 64 96 1C 76 27 D1 AC 5F E7 7C 87 B2 02 A1 9A C2 3C 9C 8A 2C CA D6 3F 24 FF 56 52 1A 45 3B EB D7 C5 4A F5 7B D2 89 A3 E0 3B 19 CE 2A 9A E3 B9 8B 49 30 2F 97 95 FF B1 55 74 63 D7 6A A7 14 70 AD B0 A8 E8 4E 6A 74 6A 6C 29 22 B7 C6 C2 77 1E EC B5 D7 C4 E3 E2 6C 05 F1 43 B3 0A 29 62 F1 E5 49 26 63 E4 87 39 38 02 1A FE EE B7 48 70 B0 A4 FF 1A 93 10 5D CD 8E 74 5D 9B B7 34 C8 A4 7A 1C B2 79 48 D1 19 5F F5 97 04 06 3F 7D F4 BE 4D A0 27 1B D1 96 D3 C0 C4 58 CB 5F D6 D9 ED AB 12 8E B3 CD 24 BC 27 F2 DB E6 44 7C 75 5F 63 09 43 BE 36 
OUT: 56 69 56 4F 74 65 63 68 32 00 C7 00 00 00 86 6E 
ASCII: Otech2   
poll on demand
Pack L = 17-5669564F74656368320001000000125300
CMD: 56 69 56 4F 74 65 63 68 32 00 01 01 00 01 01 D7 34 
OUT: 56 69 56 4F 74 65 63 68 32 00 01 00 00 00 12 53 
ASCII: Otech2    
burst mode off
Pack L = 17-5669564F74656368320004000000AE1600
CMD: 56 69 56 4F 74 65 63 68 32 00 04 00 00 04 FF F7 01 00 B9 2E 
OUT: 56 69 56 4F 74 65 63 68 32 00 04 00 00 00 AE 16 
ASCII: Otech2    

15:02:14: CONNECT SUCCESS

15:02:16: [Load Script File]
Path_File:C:\vivotech\regress\regression\regress_test\test_tree\SmartTap2.1_TW\ST000\ST000.txt
Items: 6
Load Case Succeed!


15:02:20: >>[Do Scripts]>>

C7-62 set private key
Pack L = 17-5669564F746563683200C7000000866E00
CMD: 56 69 56 4F 74 65 63 68 32 00 C7 62 01 20 A7 82 BE 58 B2 FB E0 51 D0 CE 53 48 88 D0 4A AB C5 22 37 D3 E2 A7 3A 41 C0 BB C1 BD 71 1B B9 F6 AE 95 A6 14 45 8A 9D 11 88 00 5C B8 20 0F 56 8F ED C8 3B 1D A9 1F BD 0F F4 92 4E 72 D7 1C A7 91 29 44 84 79 FE BA CE 55 DF 9A 2B AC 6A 40 BC 1A 1A 90 F2 18 1F 0D 5A 1E 04 0D CB 5D 90 33 3E 1A 6A 4A 36 6B FB D0 35 DC FB 95 52 F8 74 AB 47 FC 0F 99 64 96 1C 76 27 D1 AC 5F E7 7C 87 B2 02 A1 9A C2 3C 9C 8A 2C CA D6 3F 24 FF 56 52 1A 45 3B EB D7 C5 4A F5 7B D2 89 A3 E0 3B 19 CE 2A 9A E3 B9 8B 49 30 2F 97 95 FF B1 55 74 63 D7 6A A7 14 70 AD B0 A8 E8 4E 6A 74 6A 6C 29 22 B7 C6 C2 77 1E EC B5 D7 C4 E3 E2 6C 05 F1 43 B3 0A 29 62 F1 E5 49 26 63 E4 87 39 38 02 1A FE EE B7 48 70 B0 A4 FF 1A 93 10 5D CD 8E 74 5D 9B B7 34 C8 A4 7A 1C B2 79 48 D1 19 5F F5 97 04 06 3F 7D F4 BE 4D A0 27 1B D1 96 D3 C0 C4 58 CB 5F D6 D9 ED AB 12 8E B3 CD 24 BC 27 F2 DB E6 44 7C 75 5F 63 09 43 BE 36 
OUT: 56 69 56 4F 74 65 63 68 32 00 C7 00 00 00 86 6E 
ASCII: Otech2   
poll on demand
Pack L = 17-5669564F74656368320001000000125300
CMD: 56 69 56 4F 74 65 63 68 32 00 01 01 00 01 01 D7 34 
OUT: 56 69 56 4F 74 65 63 68 32 00 01 00 00 00 12 53 
ASCII: Otech2    
burst mode off
Pack L = 17-5669564F74656368320004000000AE1600
CMD: 56 69 56 4F 74 65 63 68 32 00 04 00 00 04 FF F7 01 00 B9 2E 
OUT: 56 69 56 4F 74 65 63 68 32 00 04 00 00 00 AE 16 
ASCII: Otech2    

15:02:26: >>[Do Scripts]>>

C7-62 set private key
Pack L = 17-5669564F746563683200C7000000866E00
CMD: 56 69 56 4F 74 65 63 68 32 00 C7 62 01 20 A7 82 BE 58 B2 FB E0 51 D0 CE 53 48 88 D0 4A AB C5 22 37 D3 E2 A7 3A 41 C0 BB C1 BD 71 1B B9 F6 AE 95 A6 14 45 8A 9D 11 88 00 5C B8 20 0F 56 8F ED C8 3B 1D A9 1F BD 0F F4 92 4E 72 D7 1C A7 91 29 44 84 79 FE BA CE 55 DF 9A 2B AC 6A 40 BC 1A 1A 90 F2 18 1F 0D 5A 1E 04 0D CB 5D 90 33 3E 1A 6A 4A 36 6B FB D0 35 DC FB 95 52 F8 74 AB 47 FC 0F 99 64 96 1C 76 27 D1 AC 5F E7 7C 87 B2 02 A1 9A C2 3C 9C 8A 2C CA D6 3F 24 FF 56 52 1A 45 3B EB D7 C5 4A F5 7B D2 89 A3 E0 3B 19 CE 2A 9A E3 B9 8B 49 30 2F 97 95 FF B1 55 74 63 D7 6A A7 14 70 AD B0 A8 E8 4E 6A 74 6A 6C 29 22 B7 C6 C2 77 1E EC B5 D7 C4 E3 E2 6C 05 F1 43 B3 0A 29 62 F1 E5 49 26 63 E4 87 39 38 02 1A FE EE B7 48 70 B0 A4 FF 1A 93 10 5D CD 8E 74 5D 9B B7 34 C8 A4 7A 1C B2 79 48 D1 19 5F F5 97 04 06 3F 7D F4 BE 4D A0 27 1B D1 96 D3 C0 C4 58 CB 5F D6 D9 ED AB 12 8E B3 CD 24 BC 27 F2 DB E6 44 7C 75 5F 63 09 43 BE 36 
OUT: 56 69 56 4F 74 65 63 68 32 00 C7 00 00 00 86 6E 
ASCII: Otech2   
poll on demand
Pack L = 17-5669564F74656368320001000000125300
CMD: 56 69 56 4F 74 65 63 68 32 00 01 01 00 01 01 D7 34 
OUT: 56 69 56 4F 74 65 63 68 32 00 01 00 00 00 12 53 
ASCII: Otech2    
burst mode off
Pack L = 17-5669564F74656368320004000000AE1600
CMD: 56 69 56 4F 74 65 63 68 32 00 04 00 00 04 FF F7 01 00 B9 2E 
OUT: 56 69 56 4F 74 65 63 68 32 00 04 00 00 00 AE 16 
ASCII: Otech2    

15:53:38: [Load Script File]
Path_File:C:\vivotech\regress\regression\regress_test\test_tree\AppleVAS_TW\VAS605_KB\VAS605_KB.txt
Items: 76
Load Case Succeed!


15:54:23: >>[Do Scripts]>>

Objective: to verify auto output, cmd 01-0B = KB (Apple VAS card)
--------------------------------------------------------------------------------
>>> 04-09 reset to default
CMD: 56 69 56 4F 74 65 63 68 32 00 04 09 00 00 30 87 
OUT: 56 69 56 4F 74 65 63 68 32 00 04 00 00 00 AE 
ASCII: Otech2   
>>> Burst mode OFF
CMD: 56 69 56 4F 74 65 63 68 32 00 04 00 00 04 FF F7 01 00 2E B9 
OUT: 56 69 56 4F 74 65 63 68 32 00 04 00 00 00 AE 
ASCII: Otech2   
>>> 01-01 - Auto Poll
CMD: 56 69 56 4F 74 65 63 68 32 00 01 01 00 01 00 24 F6 
OUT: 56 69 56 4F 74 65 63 68 32 00 01 00 00 00 12 
ASCII: Otech2   
>>> 01-0D - Auto output = for good & bad reads
CMD: 56 69 56 4F 74 65 63 68 32 00 01 0D 00 01 02 4B 86 
OUT: 56 69 56 4F 74 65 63 68 32 00 01 00 00 00 12 
ASCII: Otech2   
Error! >>>> Expect OUT:EXR: C1 00
>>> 04-11 load the Nando pass
CMD: 56 69 56 4F 74 65 63 68 32 00 04 11 00 63 01 01 3F A5 AA BE C7 27 53 35 18 F9 64 06 33 BC DA 51 F2 F0 19 D9 F5 37 67 54 BF 21 3F A3 47 05 B1 7D 00 00 00 00 00 00 00 00 00 00 00 00 00 00 00 00 00 00 00 00 00 00 00 00 00 00 00 00 00 00 00 00 00 00 00 00 00 00 00 00 00 00 00 00 00 00 00 00 00 00 00 00 00 00 00 00 00 00 00 00 00 00 00 00 00 6E 7F 
OUT: 56 69 56 4F 74 65 63 68 32 00 04 00 00 00 AE 
ASCII: Otech2   
>>> C7-66 Nando private key
CMD: 56 69 56 4F 74 65 63 68 32 00 C7 66 00 20 2D D3 C1 81 63 D8 32 7B F8 BB 95 63 AB E2 53 FE 2F FC 35 15 39 F0 5B 85 FB 68 3D C1 A6 10 53 DE 81 F5 
OUT: 56 69 56 4F 74 65 63 68 32 00 C7 00 00 00 86 
ASCII: Otech2  
>>> 04-00 w/ tag DFED3F = 02 (Decrypt VAS data via private key)
CMD: 56 69 56 4F 74 65 63 68 32 00 04 00 00 05 DF ED 3F 01 02 8F 63 
OUT: 56 69 56 4F 74 65 63 68 32 00 04 00 00 00 AE 
ASCII: Otech2   
--------------------
>>> 04-00 w/ tag FFEE06 (VAS only)
CMD: 56 69 56 4F 74 65 63 68 32 00 04 00 00 1C FF EE 06 18 9F 22 02 01 00 9F 26 04 00 00 00 02 9F 2B 05 01 00 00 00 00 DF 01 01 01 D7 C4 
OUT: 56 69 56 4F 74 65 63 68 32 00 04 00 00 00 AE 
ASCII: Otech2   
>>> 01-0C - Data output =  Simplified output mode
CMD: 56 69 56 4F 74 65 63 68 32 00 01 0C 00 01 01 0D 51 
OUT: 56 69 56 4F 74 65 63 68 32 00 01 00 00 00 12 
ASCII: Otech2   
>>> Auto output mode
SWIPEKB: Click OK --> Tap Apple w/ VAS card (Nando's Card)
KB Unit Swipe Card:
18329208041969
--------------------
>>> 01-0C - Data output =  Tags only
CMD: 56 69 56 4F 74 65 63 68 32 00 01 0C 00 01 02 3D 32 
OUT: 56 69 56 4F 74 65 63 68 32 00 01 00 00 00 12 
ASCII: Otech2   
>>> Auto output mode
SWIPEKB: Click OK --> Tap Apple w/ VAS card (Nando's Card)
KB Unit Swipe Card:
DFED5F0157FFEE06479A031408109F21031201249F25203FA5AABEC727533518F9640633BCDA51F2F019D9F5376754BF213FA34705B17D9F2A009F270E3138333239323038303431393639DFED6001029F390107FFEE0104DF300100DFEE260101
>>> 004-00 w/ tag FFEE06 (VAS OR Pay)
CMD: 56 69 56 4F 74 65 63 68 32 00 04 00 00 1C FF EE 06 18 9F 22 02 01 00 9F 26 04 00 00 00 00 9F 2B 05 01 00 00 00 00 DF 01 01 01 5D 02 
OUT: 56 69 56 4F 74 65 63 68 32 00 04 00 00 00 AE 
ASCII: Otech2   
>>> Auto output mode
SWIPEKB: Click OK --> Tap Apple w/ VAS card (Nando's Card)
KB Unit Swipe Card:
DFED5F0157FFEE06479A031408109F21031201329F25203FA5AABEC727533518F9640633BCDA51F2F019D9F5376754BF213FA34705B17D9F2A009F270E3138333239323038303431393639DFED6001029F390107FFEE0104DF300100DFEE260101
>>> 04-00 w/ tag FFEE06 (VAS AND Pay)
CMD: 56 69 56 4F 74 65 63 68 32 00 04 00 00 1C FF EE 06 18 9F 22 02 01 00 9F 26 04 00 00 00 01 9F 2B 05 01 00 00 00 00 DF 01 01 01 18 61 
OUT: 56 69 56 4F 74 65 63 68 32 00 04 00 00 00 AE 
ASCII: Otech2   
>>> Auto output mode
SWIPEKB: Click OK --> Tap Apple w/ VAS card (Nando's Card)
KB Unit Swipe Card:
DFED5F0157FFEE06479A031408109F21031201429F25203FA5AABEC727533518F9640633BCDA51F2F019D9F5376754BF213FA34705B17D9F2A009F270E3138333239323038303431393639DFED6001029F390107FFEE0104DF300100DFEE260101

16:02:32: [Load Script File]
Path_File:C:\vivotech\regress\regression\regress_test\test_tree\AppleVAS_TW\VAS605_KB\VAS605_KB.txt
Items: 76
Load Case Succeed!


16:04:28: >>[Do Scripts]>>

Objective: to verify auto output, cmd 01-0B = KB (Apple VAS card)
--------------------------------------------------------------------------------
>>> 04-09 reset to default
CMD: 56 69 56 4F 74 65 63 68 32 00 04 09 00 00 30 87 
OUT: 56 69 56 4F 74 65 63 68 32 00 04 00 00 00 AE 
ASCII: Otech2   
>>> Burst mode OFF
CMD: 56 69 56 4F 74 65 63 68 32 00 04 00 00 04 FF F7 01 00 2E B9 
OUT: 56 69 56 4F 74 65 63 68 32 00 04 00 00 00 AE 
ASCII: Otech2   
>>> 01-01 - Auto Poll
CMD: 56 69 56 4F 74 65 63 68 32 00 01 01 00 01 00 24 F6 
OUT: 56 69 56 4F 74 65 63 68 32 00 01 00 00 00 12 
ASCII: Otech2   
>>> 01-0D - Auto output = for good & bad reads
CMD: 56 69 56 4F 74 65 63 68 32 00 01 0D 00 01 02 4B 86 
OUT: 56 69 56 4F 74 65 63 68 32 00 01 00 00 00 12 
ASCII: Otech2   
>>> 04-11 load the Nando pass
CMD: 56 69 56 4F 74 65 63 68 32 00 04 11 00 63 01 01 3F A5 AA BE C7 27 53 35 18 F9 64 06 33 BC DA 51 F2 F0 19 D9 F5 37 67 54 BF 21 3F A3 47 05 B1 7D 00 00 00 00 00 00 00 00 00 00 00 00 00 00 00 00 00 00 00 00 00 00 00 00 00 00 00 00 00 00 00 00 00 00 00 00 00 00 00 00 00 00 00 00 00 00 00 00 00 00 00 00 00 00 00 00 00 00 00 00 00 00 00 00 00 6E 7F 
OUT: 56 69 56 4F 74 65 63 68 32 00 04 00 00 00 AE 
ASCII: Otech2   
>>> C7-66 Nando private key
CMD: 56 69 56 4F 74 65 63 68 32 00 C7 66 00 20 2D D3 C1 81 63 D8 32 7B F8 BB 95 63 AB E2 53 FE 2F FC 35 15 39 F0 5B 85 FB 68 3D C1 A6 10 53 DE 81 F5 
OUT: 56 69 56 4F 74 65 63 68 32 00 C7 00 00 00 86 
ASCII: Otech2  
>>> 04-00 w/ tag DFED3F = 02 (Decrypt VAS data via private key)
CMD: 56 69 56 4F 74 65 63 68 32 00 04 00 00 05 DF ED 3F 01 02 8F 63 
OUT: 56 69 56 4F 74 65 63 68 32 00 04 00 00 00 AE 
ASCII: Otech2   
--------------------
>>> 04-00 w/ tag FFEE06 (VAS only)
CMD: 56 69 56 4F 74 65 63 68 32 00 04 00 00 1C FF EE 06 18 9F 22 02 01 00 9F 26 04 00 00 00 02 9F 2B 05 01 00 00 00 00 DF 01 01 01 D7 C4 
OUT: 56 69 56 4F 74 65 63 68 32 00 04 00 00 00 AE 
ASCII: Otech2   
>>> 01-0C - Data output =  Simplified output mode
CMD: 56 69 56 4F 74 65 63 68 32 00 01 0C 00 01 01 0D 51 
OUT: 56 69 56 4F 74 65 63 68 32 00 01 00 00 00 12 
ASCII: Otech2   
>>> Auto output mode
SWIPEKB: Click OK --> Tap Apple w/ VAS card (Nando's Card)
KB Unit Swipe Card:
18329208041969
--------------------
>>> 01-0C - Data output =  Tags only
CMD: 56 69 56 4F 74 65 63 68 32 00 01 0C 00 01 02 3D 32 
OUT: 56 69 56 4F 74 65 63 68 32 00 01 00 00 00 12 
ASCII: Otech2   
>>> Auto output mode
SWIPEKB: Click OK --> Tap Apple w/ VAS card (Nando's Card)
KB Unit Swipe Card:
DFED5F0157FFEE06479A031408109F21031201319F25203FA5AABEC727533518F9640633BCDA51F2F019D9F5376754BF213FA34705B17D9F2A009F270E3138333239323038303431393639DFED6001029F390107FFEE0104DF300100DFEE260101
>>> 004-00 w/ tag FFEE06 (VAS OR Pay)
CMD: 56 69 56 4F 74 65 63 68 32 00 04 00 00 1C FF EE 06 18 9F 22 02 01 00 9F 26 04 00 00 00 00 9F 2B 05 01 00 00 00 00 DF 01 01 01 5D 02 
OUT: 56 69 56 4F 74 65 63 68 32 00 04 00 00 00 AE 
ASCII: Otech2   
>>> Auto output mode
SWIPEKB: Click OK --> Tap Apple w/ VAS card (Nando's Card)
KB Unit Swipe Card:
DFED5F0157FFEE06479A031408109F21031202489F25203FA5AABEC727533518F9640633BCDA51F2F019D9F5376754BF213FA34705B17D9F2A009F270E3138333239323038303431393639DFED6001029F390107FFEE0104DF300100DFEE260101
>>> 04-00 w/ tag FFEE06 (VAS AND Pay)
CMD: 56 69 56 4F 74 65 63 68 32 00 04 00 00 1C FF EE 06 18 9F 22 02 01 00 9F 26 04 00 00 00 01 9F 2B 05 01 00 00 00 00 DF 01 01 01 18 61 
OUT: 56 69 56 4F 74 65 63 68 32 00 04 00 00 00 AE 
ASCII: Otech2   
>>> Auto output mode
SWIPEKB: Click OK --> Tap Apple w/ VAS card (Nando's Card)
KB Unit Swipe Card:
DFED5F0157FFEE06479A031408109F21031202549F25203FA5AABEC727533518F9640633BCDA51F2F019D9F5376754BF213FA34705B17D9F2A009F270E3138333239323038303431393639DFED6001029F390107FFEE0104DF300100DFEE260101

16:05:06: [Send Command]

Protocal:Pack ViVopay2

CMD: 56 69 56 4F 74 65 63 68 32 00 04 F0 00 00 4D 44 
OUT: 56 69 56 4F 74 65 63 68 32 00 04 00 00 00 AE 
ASCII: Otech2   

14:41:02: [Load Script File]
Path_File:C:\vivotech\regress\regression\regress_test\test_tree\AppleVAS_TW\VAS605_KB\VAS605_KB.txt
Items: 76
Load Case Succeed!


14:41:50: >>[Do Scripts]>>

Objective: to verify auto output, cmd 01-0B = KB (Apple VAS card)
--------------------------------------------------------------------------------
>>> 04-09 reset to default
CMD: 56 69 56 4F 74 65 63 68 32 00 04 09 00 00 30 87 
OUT: 56 69 56 4F 74 65 63 68 32 00 04 00 00 00 AE 
ASCII: Otech2   
>>> Burst mode OFF
CMD: 56 69 56 4F 74 65 63 68 32 00 04 00 00 04 FF F7 01 00 2E B9 
OUT: 56 69 56 4F 74 65 63 68 32 00 04 00 00 00 AE 
ASCII: Otech2   
>>> 01-01 - Auto Poll
CMD: 56 69 56 4F 74 65 63 68 32 00 01 01 00 01 00 24 F6 
OUT: 56 69 56 4F 74 65 63 68 32 00 01 00 00 00 12 
ASCII: Otech2   
>>> 01-0D - Auto output = for good & bad reads
CMD: 56 69 56 4F 74 65 63 68 32 00 01 0D 00 01 02 4B 86 
OUT: 56 69 56 4F 74 65 63 68 32 00 01 00 00 00 12 
ASCII: Otech2   
>>> 04-11 load the Nando pass
CMD: 56 69 56 4F 74 65 63 68 32 00 04 11 00 63 01 01 3F A5 AA BE C7 27 53 35 18 F9 64 06 33 BC DA 51 F2 F0 19 D9 F5 37 67 54 BF 21 3F A3 47 05 B1 7D 00 00 00 00 00 00 00 00 00 00 00 00 00 00 00 00 00 00 00 00 00 00 00 00 00 00 00 00 00 00 00 00 00 00 00 00 00 00 00 00 00 00 00 00 00 00 00 00 00 00 00 00 00 00 00 00 00 00 00 00 00 00 00 00 00 6E 7F 
OUT: 56 69 56 4F 74 65 63 68 32 00 04 00 00 00 AE 
ASCII: Otech2   
>>> C7-66 Nando private key
CMD: 56 69 56 4F 74 65 63 68 32 00 C7 66 00 20 2D D3 C1 81 63 D8 32 7B F8 BB 95 63 AB E2 53 FE 2F FC 35 15 39 F0 5B 85 FB 68 3D C1 A6 10 53 DE 81 F5 
OUT: 56 69 56 4F 74 65 63 68 32 00 C7 00 00 00 86 
ASCII: Otech2  
>>> 04-00 w/ tag DFED3F = 02 (Decrypt VAS data via private key)
CMD: 56 69 56 4F 74 65 63 68 32 00 04 00 00 05 DF ED 3F 01 02 8F 63 
OUT: 56 69 56 4F 74 65 63 68 32 00 04 00 00 00 AE 
ASCII: Otech2   
--------------------
>>> 04-00 w/ tag FFEE06 (VAS only)
CMD: 56 69 56 4F 74 65 63 68 32 00 04 00 00 1C FF EE 06 18 9F 22 02 01 00 9F 26 04 00 00 00 02 9F 2B 05 01 00 00 00 00 DF 01 01 01 D7 C4 
OUT: 56 69 56 4F 74 65 63 68 32 00 04 00 00 00 AE 
ASCII: Otech2   
>>> 01-0C - Data output =  Simplified output mode
CMD: 56 69 56 4F 74 65 63 68 32 00 01 0C 00 01 01 0D 51 
OUT: 56 69 56 4F 74 65 63 68 32 00 01 00 00 00 12 
ASCII: Otech2   
>>> Auto output mode
SWIPEKB: Click OK --> Tap Apple w/ VAS card (Nando's Card)
KB Unit Swipe Card:
18329208041969
--------------------
>>> 01-0C - Data output =  Tags only
CMD: 56 69 56 4F 74 65 63 68 32 00 01 0C 00 01 02 3D 32 
OUT: 56 69 56 4F 74 65 63 68 32 00 01 00 00 00 12 
ASCII: Otech2   
>>> Auto output mode
SWIPEKB: Click OK --> Tap Apple w/ VAS card (Nando's Card)
KB Unit Swipe Card:
DFED5F0157FFEE06479A031408109F21031201329F25203FA5AABEC727533518F9640633BCDA51F2F019D9F5376754BF213FA34705B17D9F2A009F270E3138333239323038303431393639DFED6001029F390107FFEE0104DF300100DFEE260101
>>> 004-00 w/ tag FFEE06 (VAS OR Pay)
CMD: 56 69 56 4F 74 65 63 68 32 00 04 00 00 1C FF EE 06 18 9F 22 02 01 00 9F 26 04 00 00 00 00 9F 2B 05 01 00 00 00 00 DF 01 01 01 5D 02 
OUT: 56 69 56 4F 74 65 63 68 32 00 04 00 00 00 AE 
ASCII: Otech2   
>>> Auto output mode
SWIPEKB: Click OK --> Tap Apple w/ VAS card (Nando's Card)
KB Unit Swipe Card:
DFED5F0157FFEE06479A031408109F21031201399F25203FA5AABEC727533518F9640633BCDA51F2F019D9F5376754BF213FA34705B17D9F2A009F270E3138333239323038303431393639DFED6001029F390107FFEE0104DF300100DFEE260101
>>> 04-00 w/ tag FFEE06 (VAS AND Pay)
CMD: 56 69 56 4F 74 65 63 68 32 00 04 00 00 1C FF EE 06 18 9F 22 02 01 00 9F 26 04 00 00 00 01 9F 2B 05 01 00 00 00 00 DF 01 01 01 18 61 
OUT: 56 69 56 4F 74 65 63 68 32 00 04 00 00 00 AE 
ASCII: Otech2   
>>> Auto output mode
SWIPEKB: Click OK --> Tap Apple w/ VAS card (Nando's Card)
KB Unit Swipe Card:
DFED5F0157FFEE06479A031408109F21031201469F25203FA5AABEC727533518F9640633BCDA51F2F019D9F5376754BF213FA34705B17D9F2A009F270E3138333239323038303431393639DFED6001029F390107FFEE0104DF300100DFEE260101

14:41:56: [Send Command]

Protocal:Pack ViVopay2

CMD: 56 69 56 4F 74 65 63 68 32 00 04 F0 00 00 4D 44 
OUT: 56 69 56 4F 74 65 63 68 32 00 04 00 00 00 AE 
ASCII: Otech2   

17:12:14: [Load Script File]
Path_File:C:\vivotech\regress\regression\regress_test\test_tree\AppleVAS_TW\VAS605_KB\VAS605_KB.txt
Items: 76
Load Case Succeed!


17:12:51: >>[Do Scripts]>>

Objective: to verify auto output, cmd 01-0B = KB (Apple VAS card)
--------------------------------------------------------------------------------
>>> 04-09 reset to default
CMD: 56 69 56 4F 74 65 63 68 32 00 04 09 00 00 30 87 
OUT: 56 69 56 4F 74 65 63 68 32 00 04 00 00 00 AE 
ASCII: Otech2   
>>> Burst mode OFF
CMD: 56 69 56 4F 74 65 63 68 32 00 04 00 00 04 FF F7 01 00 2E B9 
OUT: 56 69 56 4F 74 65 63 68 32 00 04 00 00 00 AE 
ASCII: Otech2   
>>> 01-01 - Auto Poll
CMD: 56 69 56 4F 74 65 63 68 32 00 01 01 00 01 00 24 F6 
OUT: 56 69 56 4F 74 65 63 68 32 00 01 00 00 00 12 
ASCII: Otech2   
>>> 01-0D - Auto output = for good & bad reads
CMD: 56 69 56 4F 74 65 63 68 32 00 01 0D 00 01 02 4B 86 
OUT: 56 69 56 4F 74 65 63 68 32 00 01 00 00 00 12 
ASCII: Otech2   
>>> 04-11 load the Nando pass
CMD: 56 69 56 4F 74 65 63 68 32 00 04 11 00 63 01 01 3F A5 AA BE C7 27 53 35 18 F9 64 06 33 BC DA 51 F2 F0 19 D9 F5 37 67 54 BF 21 3F A3 47 05 B1 7D 00 00 00 00 00 00 00 00 00 00 00 00 00 00 00 00 00 00 00 00 00 00 00 00 00 00 00 00 00 00 00 00 00 00 00 00 00 00 00 00 00 00 00 00 00 00 00 00 00 00 00 00 00 00 00 00 00 00 00 00 00 00 00 00 00 6E 7F 
OUT: 56 69 56 4F 74 65 63 68 32 00 04 00 00 00 AE 
ASCII: Otech2   
>>> C7-66 Nando private key
CMD: 56 69 56 4F 74 65 63 68 32 00 C7 66 00 20 2D D3 C1 81 63 D8 32 7B F8 BB 95 63 AB E2 53 FE 2F FC 35 15 39 F0 5B 85 FB 68 3D C1 A6 10 53 DE 81 F5 
OUT: 56 69 56 4F 74 65 63 68 32 00 C7 00 00 00 86 
ASCII: Otech2  
>>> 04-00 w/ tag DFED3F = 02 (Decrypt VAS data via private key)
CMD: 56 69 56 4F 74 65 63 68 32 00 04 00 00 05 DF ED 3F 01 02 8F 63 
OUT: 56 69 56 4F 74 65 63 68 32 00 04 00 00 00 AE 
ASCII: Otech2   
--------------------
>>> 04-00 w/ tag FFEE06 (VAS only)
CMD: 56 69 56 4F 74 65 63 68 32 00 04 00 00 1C FF EE 06 18 9F 22 02 01 00 9F 26 04 00 00 00 02 9F 2B 05 01 00 00 00 00 DF 01 01 01 D7 C4 
OUT: 56 69 56 4F 74 65 63 68 32 00 04 00 00 00 AE 
ASCII: Otech2   
>>> 01-0C - Data output =  Simplified output mode
CMD: 56 69 56 4F 74 65 63 68 32 00 01 0C 00 01 01 0D 51 
OUT: 56 69 56 4F 74 65 63 68 32 00 01 00 00 00 12 
ASCII: Otech2   
>>> Auto output mode
SWIPEKB: Click OK --> Tap Apple w/ VAS card (Nando's Card)
KB Unit Swipe Card:
18329208041969
--------------------
>>> 01-0C - Data output =  Tags only
CMD: 56 69 56 4F 74 65 63 68 32 00 01 0C 00 01 02 3D 32 
OUT: 56 69 56 4F 74 65 63 68 32 00 01 00 00 00 12 
ASCII: Otech2   
>>> Auto output mode
SWIPEKB: Click OK --> Tap Apple w/ VAS card (Nando's Card)
KB Unit Swipe Card:
DFED5F0157FFEE06479A031408109F21031201219F25203FA5AABEC727533518F9640633BCDA51F2F019D9F5376754BF213FA34705B17D9F2A009F270E3138333239323038303431393639DFED6001029F390107FFEE0104DF300100DFEE260111
>>> 004-00 w/ tag FFEE06 (VAS OR Pay)
CMD: 56 69 56 4F 74 65 63 68 32 00 04 00 00 1C FF EE 06 18 9F 22 02 01 00 9F 26 04 00 00 00 00 9F 2B 05 01 00 00 00 00 DF 01 01 01 5D 02 
OUT: 56 69 56 4F 74 65 63 68 32 00 04 00 00 00 AE 
ASCII: Otech2   
>>> Auto output mode
SWIPEKB: Click OK --> Tap Apple w/ VAS card (Nando's Card)
KB Unit Swipe Card:
DFED5F0157FFEE06479A031408109F21031201289F25203FA5AABEC727533518F9640633BCDA51F2F019D9F5376754BF213FA34705B17D9F2A009F270E3138333239323038303431393639DFED6001029F390107FFEE0104DF300100DFEE260111
>>> 04-00 w/ tag FFEE06 (VAS AND Pay)
CMD: 56 69 56 4F 74 65 63 68 32 00 04 00 00 1C FF EE 06 18 9F 22 02 01 00 9F 26 04 00 00 00 01 9F 2B 05 01 00 00 00 00 DF 01 01 01 18 61 
OUT: 56 69 56 4F 74 65 63 68 32 00 04 00 00 00 AE 
ASCII: Otech2   
>>> Auto output mode
SWIPEKB: Click OK --> Tap Apple w/ VAS card (Nando's Card)
KB Unit Swipe Card:
DFED5F0157FFEE06479A031408109F21031201349F25203FA5AABEC727533518F9640633BCDA51F2F019D9F5376754BF213FA34705B17D9F2A009F270E3138333239323038303431393639DFED6001029F390107FFEE0104DF300100DFEE260111

15:08:23: [Load Script File]
Path_File:C:\vivotech\regress\regression\regress_test\test_tree\AppleVAS_TW\VAS605_KB\VAS605_KB.txt
Items: 76
Load Case Succeed!


15:08:47: 
>>[Stop Scripts]>>


15:08:47: 
>>[Stop Scripts]>>


15:08:47: 
>>[Stop Scripts]>>


15:08:47: 
>>[Stop Scripts]>>


15:08:47: 
>>[Stop Scripts]>>


15:08:47: 
>>[Stop Scripts]>>


15:08:47: >>[Do Scripts]>>

Objective: to verify auto output, cmd 01-0B = KB (Apple VAS card)
--------------------------------------------------------------------------------
>>> 04-09 reset to default
CMD: 56 69 56 4F 74 65 63 68 32 00 04 09 00 00 30 87 
OUT: 56 69 56 4F 74 65 63 68 32 00 04 00 00 00 AE 
ASCII: Otech2   
>>> Burst mode OFF
CMD: 56 69 56 4F 74 65 63 68 32 00 04 00 00 04 FF F7 01 00 2E B9 
OUT: 56 69 56 4F 74 65 63 68 32 00 04 00 00 00 AE 
ASCII: Otech2   
>>> 01-01 - Auto Poll
CMD: 56 69 56 4F 74 65 63 68 32 00 01 01 00 01 00 24 F6 
OUT: 56 69 56 4F 74 65 63 68 32 00 01 00 00 00 12 
ASCII: Otech2   
>>> 01-0D - Auto output = for good & bad reads
CMD: 56 69 56 4F 74 65 63 68 32 00 01 0D 00 01 02 4B 86 
OUT: 56 69 56 4F 74 65 63 68 32 00 01 00 00 00 12 
ASCII: Otech2   
>>> 04-11 load the Nando pass
CMD: 56 69 56 4F 74 65 63 68 32 00 04 11 00 63 01 01 3F A5 AA BE C7 27 53 35 18 F9 64 06 33 BC DA 51 F2 F0 19 D9 F5 37 67 54 BF 21 3F A3 47 05 B1 7D 00 00 00 00 00 00 00 00 00 00 00 00 00 00 00 00 00 00 00 00 00 00 00 00 00 00 00 00 00 00 00 00 00 00 00 00 00 00 00 00 00 00 00 00 00 00 00 00 00 00 00 00 00 00 00 00 00 00 00 00 00 00 00 00 00 6E 7F 
OUT: 56 69 56 4F 74 65 63 68 32 00 04 00 00 00 AE 
ASCII: Otech2   
>>> C7-66 Nando private key
CMD: 56 69 56 4F 74 65 63 68 32 00 C7 66 00 20 2D D3 C1 81 63 D8 32 7B F8 BB 95 63 AB E2 53 FE 2F FC 35 15 39 F0 5B 85 FB 68 3D C1 A6 10 53 DE 81 F5 
OUT: 56 69 56 4F 74 65 63 68 32 00 C7 00 00 00 86 
ASCII: Otech2  
>>> 04-00 w/ tag DFED3F = 02 (Decrypt VAS data via private key)
CMD: 56 69 56 4F 74 65 63 68 32 00 04 00 00 05 DF ED 3F 01 02 8F 63 
OUT: 56 69 56 4F 74 65 63 68 32 00 04 00 00 00 AE 
ASCII: Otech2   
--------------------
>>> 04-00 w/ tag FFEE06 (VAS only)
CMD: 56 69 56 4F 74 65 63 68 32 00 04 00 00 1C FF EE 06 18 9F 22 02 01 00 9F 26 04 00 00 00 02 9F 2B 05 01 00 00 00 00 DF 01 01 01 D7 C4 
OUT: 56 69 56 4F 74 65 63 68 32 00 04 00 00 00 AE 
ASCII: Otech2   
>>> 01-0C - Data output =  Simplified output mode
CMD: 56 69 56 4F 74 65 63 68 32 00 01 0C 00 01 01 0D 51 
OUT: 56 69 56 4F 74 65 63 68 32 00 01 00 00 00 12 
ASCII: Otech2   
>>> Auto output mode
SWIPEKB: Click OK --> Tap Apple w/ VAS card (Nando's Card)
Error! >>>> Expect OUT:EXR: 18329208041969
--------------------
>>> 01-0C - Data output =  Tags only
>>[Stop Scripts]>>

>>[Stop Scripts]>>

>>[Stop Scripts]>>

>>[Stop Scripts]>>

>>[Stop Scripts]>>

>>[Stop Scripts]>>

CMD:
OUT: NULL

15:08:48: 
>>[Stop Scripts]>>


15:08:48: 
>>[Stop Scripts]>>


15:08:48: 
>>[Stop Scripts]>>


15:08:48: 
>>[Stop Scripts]>>


15:08:53: [Send Command]

Protocal:Pack ViVopay2

CMD: 56 69 56 4F 74 65 63 68 32 00 04 F0 00 00 4D 44 
OUT: 56 69 56 4F 74 65 63 68 32 00 04 00 00 00 AE 
ASCII: Otech2   

15:09:19: CONNECT SUCCESS

17:22:48: [Load Script File]
Path_File:C:\vivotech\regress\regression\regress_test\test_tree\AppleVAS_TW\VAS605_KB\VAS605_KB.txt
Items: 76
Load Case Succeed!


17:23:04: 
>>[Stop Scripts]>>


17:23:04: 
>>[Stop Scripts]>>


17:23:04: 
>>[Stop Scripts]>>


17:23:05: >>[Do Scripts]>>

Objective: to verify auto output, cmd 01-0B = KB (Apple VAS card)
--------------------------------------------------------------------------------
>>> 04-09 reset to default
CMD: 56 69 56 4F 74 65 63 68 32 00 04 09 00 00 30 87 
OUT: 56 69 56 4F 74 65 63 68 32 00 04 00 00 00 AE 
ASCII: Otech2   
>>> Burst mode OFF
CMD: 56 69 56 4F 74 65 63 68 32 00 04 00 00 04 FF F7 01 00 2E B9 
OUT: 56 69 56 4F 74 65 63 68 32 00 04 00 00 00 AE 
ASCII: Otech2   
>>> 01-01 - Auto Poll
CMD: 56 69 56 4F 74 65 63 68 32 00 01 01 00 01 00 24 F6 
OUT: 56 69 56 4F 74 65 63 68 32 00 01 0B 00 00 E2 
ASCII: Otech2   
Error! >>>> Expect OUT:EXR: 01 00
>>> 01-0D - Auto output = for good & bad reads
CMD: 56 69 56 4F 74 65 63 68 32 00 01 0D 00 01 02 4B 86 
OUT: 56 69 56 4F 74 65 63 68 32 00 01 00 00 00 12 
ASCII: Otech2   
>>> 04-11 load the Nando pass
CMD: 56 69 56 4F 74 65 63 68 32 00 04 11 00 63 01 01 3F A5 AA BE C7 27 53 35 18 F9 64 06 33 BC DA 51 F2 F0 19 D9 F5 37 67 54 BF 21 3F A3 47 05 B1 7D 00 00 00 00 00 00 00 00 00 00 00 00 00 00 00 00 00 00 00 00 00 00 00 00 00 00 00 00 00 00 00 00 00 00 00 00 00 00 00 00 00 00 00 00 00 00 00 00 00 00 00 00 00 00 00 00 00 00 00 00 00 00 00 00 00 6E 7F 
OUT: 56 69 56 4F 74 65 63 68 32 00 04 00 00 00 AE 
ASCII: Otech2   
>>> C7-66 Nando private key
CMD: 56 69 56 4F 74 65 63 68 32 00 C7 66 00 20 2D D3 C1 81 63 D8 32 7B F8 BB 95 63 AB E2 53 FE 2F FC 35 15 39 F0 5B 85 FB 68 3D C1 A6 10 53 DE 81 F5 
OUT: 56 69 56 4F 74 65 63 68 32 00 C7 00 00 00 86 
ASCII: Otech2  
>>> 04-00 w/ tag DFED3F = 02 (Decrypt VAS data via private key)
CMD: 56 69 56 4F 74 65 63 68 32 00 04 00 00 05 DF ED 3F 01 02 8F 63 
OUT: 56 69 56 4F 74 65 63 68 32 00 04 00 00 00 AE 
ASCII: Otech2   
--------------------
>>> 04-00 w/ tag FFEE06 (VAS only)
CMD: 56 69 56 4F 74 65 63 68 32 00 04 00 00 1C FF EE 06 18 9F 22 02 01 00 9F 26 04 00 00 00 02 9F 2B 05 01 00 00 00 00 DF 01 01 01 D7 C4 
OUT: 56 69 56 4F 74 65 63 68 32 00 04 00 00 00 AE 
ASCII: Otech2   
>>> 01-0C - Data output =  Simplified output mode
CMD: 56 69 56 4F 74 65 63 68 32 00 01 0C 00 01 01 0D 51 
OUT: 56 69 56 4F 74 65 63 68 32 00 01 00 00 00 12 
ASCII: Otech2   
>>> Auto output mode
SWIPEKB: Click OK --> Tap Apple w/ VAS card (Nando's Card)
Error! >>>> Expect OUT:EXR: 18329208041969
--------------------
>>> 01-0C - Data output =  Tags only
>>[Stop Scripts]>>

>>[Stop Scripts]>>

>>[Stop Scripts]>>

CMD:
OUT: NULL

17:24:25: [Send Command]

Protocal:Pack ViVopay2

CMD: 56 69 56 4F 74 65 63 68 32 00 04 F0 00 00 4D 44 
OUT: 56 69 56 4F 74 65 63 68 32 00 04 00 00 00 AE 
ASCII: Otech2   

17:24:47: CONNECT SUCCESS

17:24:49: [Load Script File]
Path_File:C:\vivotech\regress\regression\regress_test\test_tree\AppleVAS_TW\VAS605_KB\VAS605_KB.txt
Items: 73
Load Case Succeed!


17:25:29: >>[Do Scripts]>>

Objective: to verify auto output, cmd 01-0B = KB (Apple VAS card)
--------------------------------------------------------------------------------
>>> 04-09 reset to default
CMD: 56 69 56 4F 74 65 63 68 32 00 04 09 00 00 30 87 
OUT: 56 69 56 4F 74 65 63 68 32 00 04 00 00 00 AE 
ASCII: Otech2   
>>> Burst mode OFF
CMD: 56 69 56 4F 74 65 63 68 32 00 04 00 00 04 FF F7 01 00 2E B9 
OUT: 56 69 56 4F 74 65 63 68 32 00 04 00 00 00 AE 
ASCII: Otech2   
>>> 01-0D - Auto output = for good & bad reads
CMD: 56 69 56 4F 74 65 63 68 32 00 01 0D 00 01 02 4B 86 
OUT: 56 69 56 4F 74 65 63 68 32 00 01 00 00 00 12 
ASCII: Otech2   
>>> 04-11 load the Nando pass
CMD: 56 69 56 4F 74 65 63 68 32 00 04 11 00 63 01 01 3F A5 AA BE C7 27 53 35 18 F9 64 06 33 BC DA 51 F2 F0 19 D9 F5 37 67 54 BF 21 3F A3 47 05 B1 7D 00 00 00 00 00 00 00 00 00 00 00 00 00 00 00 00 00 00 00 00 00 00 00 00 00 00 00 00 00 00 00 00 00 00 00 00 00 00 00 00 00 00 00 00 00 00 00 00 00 00 00 00 00 00 00 00 00 00 00 00 00 00 00 00 00 6E 7F 
OUT: 56 69 56 4F 74 65 63 68 32 00 04 00 00 00 AE 
ASCII: Otech2   
>>> C7-66 Nando private key
CMD: 56 69 56 4F 74 65 63 68 32 00 C7 66 00 20 2D D3 C1 81 63 D8 32 7B F8 BB 95 63 AB E2 53 FE 2F FC 35 15 39 F0 5B 85 FB 68 3D C1 A6 10 53 DE 81 F5 
OUT: 56 69 56 4F 74 65 63 68 32 00 C7 00 00 00 86 
ASCII: Otech2  
>>> 04-00 w/ tag DFED3F = 02 (Decrypt VAS data via private key)
CMD: 56 69 56 4F 74 65 63 68 32 00 04 00 00 05 DF ED 3F 01 02 8F 63 
OUT: 56 69 56 4F 74 65 63 68 32 00 04 00 00 00 AE 
ASCII: Otech2   
--------------------
>>> 04-00 w/ tag FFEE06 (VAS only)
CMD: 56 69 56 4F 74 65 63 68 32 00 04 00 00 1C FF EE 06 18 9F 22 02 01 00 9F 26 04 00 00 00 02 9F 2B 05 01 00 00 00 00 DF 01 01 01 D7 C4 
OUT: 56 69 56 4F 74 65 63 68 32 00 04 00 00 00 AE 
ASCII: Otech2   
>>> 01-0C - Data output =  Simplified output mode
CMD: 56 69 56 4F 74 65 63 68 32 00 01 0C 00 01 01 0D 51 
OUT: 56 69 56 4F 74 65 63 68 32 00 01 00 00 00 12 
ASCII: Otech2   
>>> Auto output mode
SWIPEKB: Click OK --> Tap Apple w/ VAS card (Nando's Card)
KB Unit Swipe Card:
18329208041969
--------------------
>>> 01-0C - Data output =  Tags only
CMD: 56 69 56 4F 74 65 63 68 32 00 01 0C 00 01 02 3D 32 
OUT: 56 69 56 4F 74 65 63 68 32 00 01 00 00 00 12 
ASCII: Otech2   
>>> Auto output mode
SWIPEKB: Click OK --> Tap Apple w/ VAS card (Nando's Card)
KB Unit Swipe Card:
DFED5F0157FFEE06479A031408109F21031201239F25203FA5AABEC727533518F9640633BCDA51F2F019D9F5376754BF213FA34705B17D9F2A009F270E3138333239323038303431393639DFED6001029F390107FFEE0104DF300100DFEE260101
>>> 004-00 w/ tag FFEE06 (VAS OR Pay)
CMD: 56 69 56 4F 74 65 63 68 32 00 04 00 00 1C FF EE 06 18 9F 22 02 01 00 9F 26 04 00 00 00 00 9F 2B 05 01 00 00 00 00 DF 01 01 01 5D 02 
OUT: 56 69 56 4F 74 65 63 68 32 00 04 00 00 00 AE 
ASCII: Otech2   
>>> Auto output mode
SWIPEKB: Click OK --> Tap Apple w/ VAS card (Nando's Card)
KB Unit Swipe Card:
DFED5F0157FFEE06479A031408109F21031201299F25203FA5AABEC727533518F9640633BCDA51F2F019D9F5376754BF213FA34705B17D9F2A009F270E3138333239323038303431393639DFED6001029F390107FFEE0104DF300100DFEE260101
>>> 04-00 w/ tag FFEE06 (VAS AND Pay)
CMD: 56 69 56 4F 74 65 63 68 32 00 04 00 00 1C FF EE 06 18 9F 22 02 01 00 9F 26 04 00 00 00 01 9F 2B 05 01 00 00 00 00 DF 01 01 01 18 61 
OUT: 56 69 56 4F 74 65 63 68 32 00 04 00 00 00 AE 
ASCII: Otech2   
>>> Auto output mode
SWIPEKB: Click OK --> Tap Apple w/ VAS card (Nando's Card)
KB Unit Swipe Card:
DFED5F0157FFEE06479A031408109F21031201369F25203FA5AABEC727533518F9640633BCDA51F2F019D9F5376754BF213FA34705B17D9F2A009F270E3138333239323038303431393639DFED6001029F390107FFEE0104DF300100DFEE260101

17:25:35: [Send Command]

Protocal:Pack ViVopay2

CMD: 56 69 56 4F 74 65 63 68 32 00 04 F0 00 00 4D 44 
OUT: 56 69 56 4F 74 65 63 68 32 00 04 00 00 00 AE 
ASCII: Otech2   

14:55:27: [Load Script File]
Path_File:C:\vivotech\regress\regression\regress_test\test_tree\AppleVAS_TW\VAS605_KB\VAS605_KB.txt
Items: 73
Load Case Succeed!


10:17:33: [Load Script File]
Path_File:C:\vivotech\regress\regression\regress_test\test_tree\AppleVAS_TW\VAS605_KB\VAS605_KB.txt
Items: 73
Load Case Succeed!


10:18:21: >>[Do Scripts]>>

Objective: to verify auto output, cmd 01-0B = KB (Apple VAS card)
--------------------------------------------------------------------------------
>>> 04-09 reset to default
CMD: 56 69 56 4F 74 65 63 68 32 00 04 09 00 00 30 87 
OUT: 56 69 56 4F 74 65 63 68 32 00 04 00 00 00 AE 
ASCII: Otech2   
>>> Burst mode OFF
CMD: 56 69 56 4F 74 65 63 68 32 00 04 00 00 04 FF F7 01 00 2E B9 
OUT: 56 69 56 4F 74 65 63 68 32 00 04 00 00 00 AE 
ASCII: Otech2   
>>> 01-0D - Auto output = for good & bad reads
CMD: 56 69 56 4F 74 65 63 68 32 00 01 0D 00 01 02 4B 86 
OUT: 56 69 56 4F 74 65 63 68 32 00 01 00 00 00 12 
ASCII: Otech2   
>>> 04-11 load the Nando pass
CMD: 56 69 56 4F 74 65 63 68 32 00 04 11 00 63 01 01 3F A5 AA BE C7 27 53 35 18 F9 64 06 33 BC DA 51 F2 F0 19 D9 F5 37 67 54 BF 21 3F A3 47 05 B1 7D 00 00 00 00 00 00 00 00 00 00 00 00 00 00 00 00 00 00 00 00 00 00 00 00 00 00 00 00 00 00 00 00 00 00 00 00 00 00 00 00 00 00 00 00 00 00 00 00 00 00 00 00 00 00 00 00 00 00 00 00 00 00 00 00 00 6E 7F 
OUT: 56 69 56 4F 74 65 63 68 32 00 04 00 00 00 AE 
ASCII: Otech2   
>>> C7-66 Nando private key
CMD: 56 69 56 4F 74 65 63 68 32 00 C7 66 00 20 2D D3 C1 81 63 D8 32 7B F8 BB 95 63 AB E2 53 FE 2F FC 35 15 39 F0 5B 85 FB 68 3D C1 A6 10 53 DE 81 F5 
OUT: 56 69 56 4F 74 65 63 68 32 00 C7 00 00 00 86 
ASCII: Otech2  
>>> 04-00 w/ tag DFED3F = 02 (Decrypt VAS data via private key)
CMD: 56 69 56 4F 74 65 63 68 32 00 04 00 00 05 DF ED 3F 01 02 8F 63 
OUT: 56 69 56 4F 74 65 63 68 32 00 04 00 00 00 AE 
ASCII: Otech2   
--------------------
>>> 04-00 w/ tag FFEE06 (VAS only)
CMD: 56 69 56 4F 74 65 63 68 32 00 04 00 00 1C FF EE 06 18 9F 22 02 01 00 9F 26 04 00 00 00 02 9F 2B 05 01 00 00 00 00 DF 01 01 01 D7 C4 
OUT: 56 69 56 4F 74 65 63 68 32 00 04 00 00 00 AE 
ASCII: Otech2   
>>> 01-0C - Data output =  Simplified output mode
CMD: 56 69 56 4F 74 65 63 68 32 00 01 0C 00 01 01 0D 51 
OUT: 56 69 56 4F 74 65 63 68 32 00 01 00 00 00 12 
ASCII: Otech2   
>>> Auto output mode
SWIPEKB: Click OK --> Tap Apple w/ VAS card (Nando's Card)
KB Unit Swipe Card:
18329208041969
--------------------
>>> 01-0C - Data output =  Tags only
CMD: 56 69 56 4F 74 65 63 68 32 00 01 0C 00 01 02 3D 32 
OUT: 56 69 56 4F 74 65 63 68 32 00 01 00 00 00 12 
ASCII: Otech2   
>>> Auto output mode
SWIPEKB: Click OK --> Tap Apple w/ VAS card (Nando's Card)
KB Unit Swipe Card:
DFED5F0157FFEE06479A031408109F21031201289F25203FA5AABEC727533518F9640633BCDA51F2F019D9F5376754BF213FA34705B17D9F2A009F270E3138333239323038303431393639DFED6001029F390107FFEE0104DF300100DFEE260101
>>> 004-00 w/ tag FFEE06 (VAS OR Pay)
CMD: 56 69 56 4F 74 65 63 68 32 00 04 00 00 1C FF EE 06 18 9F 22 02 01 00 9F 26 04 00 00 00 00 9F 2B 05 01 00 00 00 00 DF 01 01 01 5D 02 
OUT: 56 69 56 4F 74 65 63 68 32 00 04 00 00 00 AE 
ASCII: Otech2   
>>> Auto output mode
SWIPEKB: Click OK --> Tap Apple w/ VAS card (Nando's Card)
KB Unit Swipe Card:
DFED5F0157FFEE06479A031408109F21031201379F25203FA5AABEC727533518F9640633BCDA51F2F019D9F5376754BF213FA34705B17D9F2A009F270E3138333239323038303431393639DFED6001029F390107FFEE0104DF300100DFEE260101
>>> 04-00 w/ tag FFEE06 (VAS AND Pay)
CMD: 56 69 56 4F 74 65 63 68 32 00 04 00 00 1C FF EE 06 18 9F 22 02 01 00 9F 26 04 00 00 00 01 9F 2B 05 01 00 00 00 00 DF 01 01 01 18 61 
OUT: 56 69 56 4F 74 65 63 68 32 00 04 00 00 00 AE 
ASCII: Otech2   
>>> Auto output mode
SWIPEKB: Click OK --> Tap Apple w/ VAS card (Nando's Card)
KB Unit Swipe Card:
DFED5F0157FFEE06479A031408109F21031201449F25203FA5AABEC727533518F9640633BCDA51F2F019D9F5376754BF213FA34705B17D9F2A009F270E3138333239323038303431393639DFED6001029F390107FFEE0104DF300100DFEE260101

10:18:27: [Send Command]

Protocal:Pack ViVopay2

CMD: 56 69 56 4F 74 65 63 68 32 00 04 F0 00 00 4D 44 
OUT: 56 69 56 4F 74 65 63 68 32 00 04 00 00 00 AE 
ASCII: Otech2   

14:04:50: [Load Script File]
Path_File:C:\vivotech\regress\regression\regress_test\test_tree\AppleVAS_TW\VAS605_KB\VAS605_KB.txt
Items: 73
Load Case Succeed!


14:05:36: >>[Do Scripts]>>

Objective: to verify auto output, cmd 01-0B = KB (Apple VAS card)
--------------------------------------------------------------------------------
>>> 04-09 reset to default
CMD: 56 69 56 4F 74 65 63 68 32 00 04 09 00 00 30 87 
OUT: 56 69 56 4F 74 65 63 68 32 00 04 00 00 00 AE 
ASCII: Otech2   
>>> Burst mode OFF
CMD: 56 69 56 4F 74 65 63 68 32 00 04 00 00 04 FF F7 01 00 2E B9 
OUT: 56 69 56 4F 74 65 63 68 32 00 04 00 00 00 AE 
ASCII: Otech2   
>>> 01-0D - Auto output = for good & bad reads
CMD: 56 69 56 4F 74 65 63 68 32 00 01 0D 00 01 02 4B 86 
OUT: 56 69 56 4F 74 65 63 68 32 00 01 00 00 00 12 
ASCII: Otech2   
>>> 04-11 load the Nando pass
CMD: 56 69 56 4F 74 65 63 68 32 00 04 11 00 63 01 01 3F A5 AA BE C7 27 53 35 18 F9 64 06 33 BC DA 51 F2 F0 19 D9 F5 37 67 54 BF 21 3F A3 47 05 B1 7D 00 00 00 00 00 00 00 00 00 00 00 00 00 00 00 00 00 00 00 00 00 00 00 00 00 00 00 00 00 00 00 00 00 00 00 00 00 00 00 00 00 00 00 00 00 00 00 00 00 00 00 00 00 00 00 00 00 00 00 00 00 00 00 00 00 6E 7F 
OUT: 56 69 56 4F 74 65 63 68 32 00 04 00 00 00 AE 
ASCII: Otech2   
>>> C7-66 Nando private key
CMD: 56 69 56 4F 74 65 63 68 32 00 C7 66 00 20 2D D3 C1 81 63 D8 32 7B F8 BB 95 63 AB E2 53 FE 2F FC 35 15 39 F0 5B 85 FB 68 3D C1 A6 10 53 DE 81 F5 
OUT: 56 69 56 4F 74 65 63 68 32 00 C7 00 00 00 86 
ASCII: Otech2  
>>> 04-00 w/ tag DFED3F = 02 (Decrypt VAS data via private key)
CMD: 56 69 56 4F 74 65 63 68 32 00 04 00 00 05 DF ED 3F 01 02 8F 63 
OUT: 56 69 56 4F 74 65 63 68 32 00 04 00 00 00 AE 
ASCII: Otech2   
--------------------
>>> 04-00 w/ tag FFEE06 (VAS only)
CMD: 56 69 56 4F 74 65 63 68 32 00 04 00 00 1C FF EE 06 18 9F 22 02 01 00 9F 26 04 00 00 00 02 9F 2B 05 01 00 00 00 00 DF 01 01 01 D7 C4 
OUT: 56 69 56 4F 74 65 63 68 32 00 04 00 00 00 AE 
ASCII: Otech2   
>>> 01-0C - Data output =  Simplified output mode
CMD: 56 69 56 4F 74 65 63 68 32 00 01 0C 00 01 01 0D 51 
OUT: 56 69 56 4F 74 65 63 68 32 00 01 00 00 00 12 
ASCII: Otech2   
>>> Auto output mode
SWIPEKB: Click OK --> Tap Apple w/ VAS card (Nando's Card)
KB Unit Swipe Card:
18329208041969
--------------------
>>> 01-0C - Data output =  Tags only
CMD: 56 69 56 4F 74 65 63 68 32 00 01 0C 00 01 02 3D 32 
OUT: 56 69 56 4F 74 65 63 68 32 00 01 00 00 00 12 
ASCII: Otech2   
>>> Auto output mode
SWIPEKB: Click OK --> Tap Apple w/ VAS card (Nando's Card)
KB Unit Swipe Card:
DFED5F0157FFEE06479A031408109F21031201299F25203FA5AABEC727533518F9640633BCDA51F2F019D9F5376754BF213FA34705B17D9F2A009F270E3138333239323038303431393639DFED6001029F390107FFEE0104DF300100DFEE260101
>>> 004-00 w/ tag FFEE06 (VAS OR Pay)
CMD: 56 69 56 4F 74 65 63 68 32 00 04 00 00 1C FF EE 06 18 9F 22 02 01 00 9F 26 04 00 00 00 00 9F 2B 05 01 00 00 00 00 DF 01 01 01 5D 02 
OUT: 56 69 56 4F 74 65 63 68 32 00 04 00 00 00 AE 
ASCII: Otech2   
>>> Auto output mode
SWIPEKB: Click OK --> Tap Apple w/ VAS card (Nando's Card)
KB Unit Swipe Card:
DFED5F0157FFEE06479A031408109F21031201379F25203FA5AABEC727533518F9640633BCDA51F2F019D9F5376754BF213FA34705B17D9F2A009F270E3138333239323038303431393639DFED6001029F390107FFEE0104DF300100DFEE260101
>>> 04-00 w/ tag FFEE06 (VAS AND Pay)
CMD: 56 69 56 4F 74 65 63 68 32 00 04 00 00 1C FF EE 06 18 9F 22 02 01 00 9F 26 04 00 00 00 01 9F 2B 05 01 00 00 00 00 DF 01 01 01 18 61 
OUT: 56 69 56 4F 74 65 63 68 32 00 04 00 00 00 AE 
ASCII: Otech2   
>>> Auto output mode
SWIPEKB: Click OK --> Tap Apple w/ VAS card (Nando's Card)
KB Unit Swipe Card:
DFED5F0157FFEE06479A031408109F21031201449F25203FA5AABEC727533518F9640633BCDA51F2F019D9F5376754BF213FA34705B17D9F2A009F270E3138333239323038303431393639DFED6001029F390107FFEE0104DF300100DFEE260101

14:05:49: [Send Command]

Protocal:Pack ViVopay2

CMD: 56 69 56 4F 74 65 63 68 32 00 04 F0 00 00 4D 44 
OUT: 56 69 56 4F 74 65 63 68 32 00 04 00 00 00 AE 
ASCII: Otech2   

13:10:03: [Load Script File]
Path_File:C:\vivotech\regress\regression\regress_test\test_tree\AppleVAS_TW\VAS605_KB\VAS605_KB.txt
Items: 73
Load Case Succeed!


13:10:09: [Load Script File]
Path_File:C:\vivotech\regress\regression\regress_test\test_tree\AppleVAS_TW\VAS605_KB\VAS605_KB.txt
Items: 73
Load Case Succeed!


13:10:49: >>[Do Scripts]>>

Objective: to verify auto output, cmd 01-0B = KB (Apple VAS card)
--------------------------------------------------------------------------------
>>> 04-09 reset to default
CMD: 56 69 56 4F 74 65 63 68 32 00 04 09 00 00 30 87 
OUT: 56 69 56 4F 74 65 63 68 32 00 04 00 00 00 AE 
ASCII: Otech2   
>>> Burst mode OFF
CMD: 56 69 56 4F 74 65 63 68 32 00 04 00 00 04 FF F7 01 00 2E B9 
OUT: 56 69 56 4F 74 65 63 68 32 00 04 00 00 00 AE 
ASCII: Otech2   
>>> 01-0D - Auto output = for good & bad reads
CMD: 56 69 56 4F 74 65 63 68 32 00 01 0D 00 01 02 4B 86 
OUT: 56 69 56 4F 74 65 63 68 32 00 01 00 00 00 12 
ASCII: Otech2   
>>> 04-11 load the Nando pass
CMD: 56 69 56 4F 74 65 63 68 32 00 04 11 00 63 01 01 3F A5 AA BE C7 27 53 35 18 F9 64 06 33 BC DA 51 F2 F0 19 D9 F5 37 67 54 BF 21 3F A3 47 05 B1 7D 00 00 00 00 00 00 00 00 00 00 00 00 00 00 00 00 00 00 00 00 00 00 00 00 00 00 00 00 00 00 00 00 00 00 00 00 00 00 00 00 00 00 00 00 00 00 00 00 00 00 00 00 00 00 00 00 00 00 00 00 00 00 00 00 00 6E 7F 
OUT: 56 69 56 4F 74 65 63 68 32 00 04 00 00 00 AE 
ASCII: Otech2   
>>> C7-66 Nando private key
CMD: 56 69 56 4F 74 65 63 68 32 00 C7 66 00 20 2D D3 C1 81 63 D8 32 7B F8 BB 95 63 AB E2 53 FE 2F FC 35 15 39 F0 5B 85 FB 68 3D C1 A6 10 53 DE 81 F5 
OUT: 56 69 56 4F 74 65 63 68 32 00 C7 00 00 00 86 
ASCII: Otech2  
>>> 04-00 w/ tag DFED3F = 02 (Decrypt VAS data via private key)
CMD: 56 69 56 4F 74 65 63 68 32 00 04 00 00 05 DF ED 3F 01 02 8F 63 
OUT: 56 69 56 4F 74 65 63 68 32 00 04 00 00 00 AE 
ASCII: Otech2   
--------------------
>>> 04-00 w/ tag FFEE06 (VAS only)
CMD: 56 69 56 4F 74 65 63 68 32 00 04 00 00 1C FF EE 06 18 9F 22 02 01 00 9F 26 04 00 00 00 02 9F 2B 05 01 00 00 00 00 DF 01 01 01 D7 C4 
OUT: 56 69 56 4F 74 65 63 68 32 00 04 00 00 00 AE 
ASCII: Otech2   
>>> 01-0C - Data output =  Simplified output mode
CMD: 56 69 56 4F 74 65 63 68 32 00 01 0C 00 01 01 0D 51 
OUT: 56 69 56 4F 74 65 63 68 32 00 01 00 00 00 12 
ASCII: Otech2   
>>> Auto output mode
SWIPEKB: Click OK --> Tap Apple w/ VAS card (Nando's Card)
KB Unit Swipe Card:
18329208041969
--------------------
>>> 01-0C - Data output =  Tags only
CMD: 56 69 56 4F 74 65 63 68 32 00 01 0C 00 01 02 3D 32 
OUT: 56 69 56 4F 74 65 63 68 32 00 01 00 00 00 12 
ASCII: Otech2   
>>> Auto output mode
SWIPEKB: Click OK --> Tap Apple w/ VAS card (Nando's Card)
KB Unit Swipe Card:
DFED5F0157FFEE06479A031408109F21031201229F25203FA5AABEC727533518F9640633BCDA51F2F019D9F5376754BF213FA34705B17D9F2A009F270E3138333239323038303431393639DFED6001029F390107FFEE0104DF300100DFEE260101
>>> 004-00 w/ tag FFEE06 (VAS OR Pay)
CMD: 56 69 56 4F 74 65 63 68 32 00 04 00 00 1C FF EE 06 18 9F 22 02 01 00 9F 26 04 00 00 00 00 9F 2B 05 01 00 00 00 00 DF 01 01 01 5D 02 
OUT: 56 69 56 4F 74 65 63 68 32 00 04 00 00 00 AE 
ASCII: Otech2   
>>> Auto output mode
SWIPEKB: Click OK --> Tap Apple w/ VAS card (Nando's Card)
KB Unit Swipe Card:
DFED5F0157FFEE06479A031408109F21031201309F25203FA5AABEC727533518F9640633BCDA51F2F019D9F5376754BF213FA34705B17D9F2A009F270E3138333239323038303431393639DFED6001029F390107FFEE0104DF300100DFEE260101
>>> 04-00 w/ tag FFEE06 (VAS AND Pay)
CMD: 56 69 56 4F 74 65 63 68 32 00 04 00 00 1C FF EE 06 18 9F 22 02 01 00 9F 26 04 00 00 00 01 9F 2B 05 01 00 00 00 00 DF 01 01 01 18 61 
OUT: 56 69 56 4F 74 65 63 68 32 00 04 00 00 00 AE 
ASCII: Otech2   
>>> Auto output mode
SWIPEKB: Click OK --> Tap Apple w/ VAS card (Nando's Card)
KB Unit Swipe Card:
DFED5F0157FFEE06479A031408109F21031201379F25203FA5AABEC727533518F9640633BCDA51F2F019D9F5376754BF213FA34705B17D9F2A009F270E3138333239323038303431393639DFED6001029F390107FFEE0104DF300100DFEE260101

13:10:58: [Send Command]

Protocal:Pack ViVopay2

CMD: 56 69 56 4F 74 65 63 68 32 00 04 F0 00 00 4D 44 
OUT: 56 69 56 4F 74 65 63 68 32 00 04 00 00 00 AE 
ASCII: Otech2   

15:59:42: [Load Script File]
Path_File:C:\vivotech\regress\regression\regress_test\test_tree\AppleVAS_TW\VAS605_KB\VAS605_KB.txt
Items: 73
Load Case Succeed!


16:00:26: >>[Do Scripts]>>

Objective: to verify auto output, cmd 01-0B = KB (Apple VAS card)
--------------------------------------------------------------------------------
>>> 04-09 reset to default
CMD: 56 69 56 4F 74 65 63 68 32 00 04 09 00 00 30 87 
OUT: 56 69 56 4F 74 65 63 68 32 00 04 00 00 00 AE 
ASCII: Otech2   
>>> Burst mode OFF
CMD: 56 69 56 4F 74 65 63 68 32 00 04 00 00 04 FF F7 01 00 2E B9 
OUT: 56 69 56 4F 74 65 63 68 32 00 04 00 00 00 AE 
ASCII: Otech2   
>>> 01-0D - Auto output = for good & bad reads
CMD: 56 69 56 4F 74 65 63 68 32 00 01 0D 00 01 02 4B 86 
OUT: 56 69 56 4F 74 65 63 68 32 00 01 00 00 00 12 
ASCII: Otech2   
>>> 04-11 load the Nando pass
CMD: 56 69 56 4F 74 65 63 68 32 00 04 11 00 63 01 01 3F A5 AA BE C7 27 53 35 18 F9 64 06 33 BC DA 51 F2 F0 19 D9 F5 37 67 54 BF 21 3F A3 47 05 B1 7D 00 00 00 00 00 00 00 00 00 00 00 00 00 00 00 00 00 00 00 00 00 00 00 00 00 00 00 00 00 00 00 00 00 00 00 00 00 00 00 00 00 00 00 00 00 00 00 00 00 00 00 00 00 00 00 00 00 00 00 00 00 00 00 00 00 6E 7F 
OUT: 56 69 56 4F 74 65 63 68 32 00 04 00 00 00 AE 
ASCII: Otech2   
>>> C7-66 Nando private key
CMD: 56 69 56 4F 74 65 63 68 32 00 C7 66 00 20 2D D3 C1 81 63 D8 32 7B F8 BB 95 63 AB E2 53 FE 2F FC 35 15 39 F0 5B 85 FB 68 3D C1 A6 10 53 DE 81 F5 
OUT: 56 69 56 4F 74 65 63 68 32 00 C7 00 00 00 86 
ASCII: Otech2  
>>> 04-00 w/ tag DFED3F = 02 (Decrypt VAS data via private key)
CMD: 56 69 56 4F 74 65 63 68 32 00 04 00 00 05 DF ED 3F 01 02 8F 63 
OUT: 56 69 56 4F 74 65 63 68 32 00 04 00 00 00 AE 
ASCII: Otech2   
--------------------
>>> 04-00 w/ tag FFEE06 (VAS only)
CMD: 56 69 56 4F 74 65 63 68 32 00 04 00 00 1C FF EE 06 18 9F 22 02 01 00 9F 26 04 00 00 00 02 9F 2B 05 01 00 00 00 00 DF 01 01 01 D7 C4 
OUT: 56 69 56 4F 74 65 63 68 32 00 04 00 00 00 AE 
ASCII: Otech2   
>>> 01-0C - Data output =  Simplified output mode
CMD: 56 69 56 4F 74 65 63 68 32 00 01 0C 00 01 01 0D 51 
OUT: 56 69 56 4F 74 65 63 68 32 00 01 00 00 00 12 
ASCII: Otech2   
>>> Auto output mode
SWIPEKB: Click OK --> Tap Apple w/ VAS card (Nando's Card)
KB Unit Swipe Card:
18329208041969
--------------------
>>> 01-0C - Data output =  Tags only
CMD: 56 69 56 4F 74 65 63 68 32 00 01 0C 00 01 02 3D 32 
OUT: 56 69 56 4F 74 65 63 68 32 00 01 00 00 00 12 
ASCII: Otech2   
>>> Auto output mode
SWIPEKB: Click OK --> Tap Apple w/ VAS card (Nando's Card)
KB Unit Swipe Card:
DFED5F0157FFEE06479A031408109F21031201269F25203FA5AABEC727533518F9640633BCDA51F2F019D9F5376754BF213FA34705B17D9F2A009F270E3138333239323038303431393639DFED6001029F390107FFEE0104DF300100DFEE260101
>>> 004-00 w/ tag FFEE06 (VAS OR Pay)
CMD: 56 69 56 4F 74 65 63 68 32 00 04 00 00 1C FF EE 06 18 9F 22 02 01 00 9F 26 04 00 00 00 00 9F 2B 05 01 00 00 00 00 DF 01 01 01 5D 02 
OUT: 56 69 56 4F 74 65 63 68 32 00 04 00 00 00 AE 
ASCII: Otech2   
>>> Auto output mode
SWIPEKB: Click OK --> Tap Apple w/ VAS card (Nando's Card)
KB Unit Swipe Card:
DFED5F0157FFEE06479A031408109F21031201329F25203FA5AABEC727533518F9640633BCDA51F2F019D9F5376754BF213FA34705B17D9F2A009F270E3138333239323038303431393639DFED6001029F390107FFEE0104DF300100DFEE260101
>>> 04-00 w/ tag FFEE06 (VAS AND Pay)
CMD: 56 69 56 4F 74 65 63 68 32 00 04 00 00 1C FF EE 06 18 9F 22 02 01 00 9F 26 04 00 00 00 01 9F 2B 05 01 00 00 00 00 DF 01 01 01 18 61 
OUT: 56 69 56 4F 74 65 63 68 32 00 04 00 00 00 AE 
ASCII: Otech2   
>>> Auto output mode
SWIPEKB: Click OK --> Tap Apple w/ VAS card (Nando's Card)
KB Unit Swipe Card:
DFED5F0157FFEE06479A031408109F21031201409F25203FA5AABEC727533518F9640633BCDA51F2F019D9F5376754BF213FA34705B17D9F2A009F270E3138333239323038303431393639DFED6001029F390107FFEE0104DF300100DFEE260101

16:30:49: [Load Script File]
Path_File:C:\vivotech\regress\regression\regress_test\test_tree\AppleVAS_TW\VAS605_KB\VAS605_KB.txt
Items: 73
Load Case Succeed!


16:31:27: >>[Do Scripts]>>

Objective: to verify auto output, cmd 01-0B = KB (Apple VAS card)
--------------------------------------------------------------------------------
>>> 04-09 reset to default
CMD: 56 69 56 4F 74 65 63 68 32 00 04 09 00 00 30 87 
OUT: 56 69 56 4F 74 65 63 68 32 00 04 00 00 00 AE 
ASCII: Otech2   
>>> Burst mode OFF
CMD: 56 69 56 4F 74 65 63 68 32 00 04 00 00 04 FF F7 01 00 2E B9 
OUT: 56 69 56 4F 74 65 63 68 32 00 04 00 00 00 AE 
ASCII: Otech2   
>>> 01-0D - Auto output = for good & bad reads
CMD: 56 69 56 4F 74 65 63 68 32 00 01 0D 00 01 02 4B 86 
OUT: 56 69 56 4F 74 65 63 68 32 00 01 00 00 00 12 
ASCII: Otech2   
>>> 04-11 load the Nando pass
CMD: 56 69 56 4F 74 65 63 68 32 00 04 11 00 63 01 01 3F A5 AA BE C7 27 53 35 18 F9 64 06 33 BC DA 51 F2 F0 19 D9 F5 37 67 54 BF 21 3F A3 47 05 B1 7D 00 00 00 00 00 00 00 00 00 00 00 00 00 00 00 00 00 00 00 00 00 00 00 00 00 00 00 00 00 00 00 00 00 00 00 00 00 00 00 00 00 00 00 00 00 00 00 00 00 00 00 00 00 00 00 00 00 00 00 00 00 00 00 00 00 6E 7F 
OUT: 56 69 56 4F 74 65 63 68 32 00 04 00 00 00 AE 
ASCII: Otech2   
>>> C7-66 Nando private key
CMD: 56 69 56 4F 74 65 63 68 32 00 C7 66 00 20 2D D3 C1 81 63 D8 32 7B F8 BB 95 63 AB E2 53 FE 2F FC 35 15 39 F0 5B 85 FB 68 3D C1 A6 10 53 DE 81 F5 
OUT: 56 69 56 4F 74 65 63 68 32 00 C7 00 00 00 86 
ASCII: Otech2  
>>> 04-00 w/ tag DFED3F = 02 (Decrypt VAS data via private key)
CMD: 56 69 56 4F 74 65 63 68 32 00 04 00 00 05 DF ED 3F 01 02 8F 63 
OUT: 56 69 56 4F 74 65 63 68 32 00 04 00 00 00 AE 
ASCII: Otech2   
--------------------
>>> 04-00 w/ tag FFEE06 (VAS only)
CMD: 56 69 56 4F 74 65 63 68 32 00 04 00 00 1C FF EE 06 18 9F 22 02 01 00 9F 26 04 00 00 00 02 9F 2B 05 01 00 00 00 00 DF 01 01 01 D7 C4 
OUT: 56 69 56 4F 74 65 63 68 32 00 04 00 00 00 AE 
ASCII: Otech2   
>>> 01-0C - Data output =  Simplified output mode
CMD: 56 69 56 4F 74 65 63 68 32 00 01 0C 00 01 01 0D 51 
OUT: 56 69 56 4F 74 65 63 68 32 00 01 00 00 00 12 
ASCII: Otech2   
>>> Auto output mode
SWIPEKB: Click OK --> Tap Apple w/ VAS card (Nando's Card)
KB Unit Swipe Card:
18329208041969
--------------------
>>> 01-0C - Data output =  Tags only
CMD: 56 69 56 4F 74 65 63 68 32 00 01 0C 00 01 02 3D 32 
OUT: 56 69 56 4F 74 65 63 68 32 00 01 00 00 00 12 
ASCII: Otech2   
>>> Auto output mode
SWIPEKB: Click OK --> Tap Apple w/ VAS card (Nando's Card)
KB Unit Swipe Card:
DFED5F0157FFEE06479A031408109F21031201219F25203FA5AABEC727533518F9640633BCDA51F2F019D9F5376754BF213FA34705B17D9F2A009F270E3138333239323038303431393639DFED6001029F390107FFEE0104DF300100DFEE260101
>>> 004-00 w/ tag FFEE06 (VAS OR Pay)
CMD: 56 69 56 4F 74 65 63 68 32 00 04 00 00 1C FF EE 06 18 9F 22 02 01 00 9F 26 04 00 00 00 00 9F 2B 05 01 00 00 00 00 DF 01 01 01 5D 02 
OUT: 56 69 56 4F 74 65 63 68 32 00 04 00 00 00 AE 
ASCII: Otech2   
>>> Auto output mode
SWIPEKB: Click OK --> Tap Apple w/ VAS card (Nando's Card)
KB Unit Swipe Card:
DFED5F0157FFEE06479A031408109F21031201289F25203FA5AABEC727533518F9640633BCDA51F2F019D9F5376754BF213FA34705B17D9F2A009F270E3138333239323038303431393639DFED6001029F390107FFEE0104DF300100DFEE260101
>>> 04-00 w/ tag FFEE06 (VAS AND Pay)
CMD: 56 69 56 4F 74 65 63 68 32 00 04 00 00 1C FF EE 06 18 9F 22 02 01 00 9F 26 04 00 00 00 01 9F 2B 05 01 00 00 00 00 DF 01 01 01 18 61 
OUT: 56 69 56 4F 74 65 63 68 32 00 04 00 00 00 AE 
ASCII: Otech2   
>>> Auto output mode
SWIPEKB: Click OK --> Tap Apple w/ VAS card (Nando's Card)
KB Unit Swipe Card:
DFED5F0157FFEE06479A031408109F21031201359F25203FA5AABEC727533518F9640633BCDA51F2F019D9F5376754BF213FA34705B17D9F2A009F270E3138333239323038303431393639DFED6001029F390107FFEE0104DF300100DFEE260101

16:31:34: [Send Command]

Protocal:Pack ViVopay2

CMD: 56 69 56 4F 74 65 63 68 32 00 04 F0 00 00 4D 44 
OUT: 56 69 56 4F 74 65 63 68 32 00 04 00 00 00 AE 
ASCII: Otech2   

15:27:19: [Load Script File]
Path_File:C:\vivotech\regress\regression\regress_test\test_tree\AppleVAS_TW\VAS605_KB\VAS605_KB.txt
Items: 73
Load Case Succeed!


15:28:01: >>[Do Scripts]>>

Objective: to verify auto output, cmd 01-0B = KB (Apple VAS card)
--------------------------------------------------------------------------------
>>> 04-09 reset to default
CMD: 56 69 56 4F 74 65 63 68 32 00 04 09 00 00 30 87 
OUT: 56 69 56 4F 74 65 63 68 32 00 04 00 00 00 AE 
ASCII: Otech2   
>>> Burst mode OFF
CMD: 56 69 56 4F 74 65 63 68 32 00 04 00 00 04 FF F7 01 00 2E B9 
OUT: 56 69 56 4F 74 65 63 68 32 00 04 00 00 00 AE 
ASCII: Otech2   
>>> 01-0D - Auto output = for good & bad reads
CMD: 56 69 56 4F 74 65 63 68 32 00 01 0D 00 01 02 4B 86 
OUT: 56 69 56 4F 74 65 63 68 32 00 01 00 00 00 12 
ASCII: Otech2   
>>> 04-11 load the Nando pass
CMD: 56 69 56 4F 74 65 63 68 32 00 04 11 00 63 01 01 3F A5 AA BE C7 27 53 35 18 F9 64 06 33 BC DA 51 F2 F0 19 D9 F5 37 67 54 BF 21 3F A3 47 05 B1 7D 00 00 00 00 00 00 00 00 00 00 00 00 00 00 00 00 00 00 00 00 00 00 00 00 00 00 00 00 00 00 00 00 00 00 00 00 00 00 00 00 00 00 00 00 00 00 00 00 00 00 00 00 00 00 00 00 00 00 00 00 00 00 00 00 00 6E 7F 
OUT: 56 69 56 4F 74 65 63 68 32 00 04 00 00 00 AE 
ASCII: Otech2   
>>> C7-66 Nando private key
CMD: 56 69 56 4F 74 65 63 68 32 00 C7 66 00 20 2D D3 C1 81 63 D8 32 7B F8 BB 95 63 AB E2 53 FE 2F FC 35 15 39 F0 5B 85 FB 68 3D C1 A6 10 53 DE 81 F5 
OUT: 56 69 56 4F 74 65 63 68 32 00 C7 00 00 00 86 
ASCII: Otech2  
>>> 04-00 w/ tag DFED3F = 02 (Decrypt VAS data via private key)
CMD: 56 69 56 4F 74 65 63 68 32 00 04 00 00 05 DF ED 3F 01 02 8F 63 
OUT: 56 69 56 4F 74 65 63 68 32 00 04 00 00 00 AE 
ASCII: Otech2   
--------------------
>>> 04-00 w/ tag FFEE06 (VAS only)
CMD: 56 69 56 4F 74 65 63 68 32 00 04 00 00 1C FF EE 06 18 9F 22 02 01 00 9F 26 04 00 00 00 02 9F 2B 05 01 00 00 00 00 DF 01 01 01 D7 C4 
OUT: 56 69 56 4F 74 65 63 68 32 00 04 00 00 00 AE 
ASCII: Otech2   
>>> 01-0C - Data output =  Simplified output mode
CMD: 56 69 56 4F 74 65 63 68 32 00 01 0C 00 01 01 0D 51 
OUT: 56 69 56 4F 74 65 63 68 32 00 01 00 00 00 12 
ASCII: Otech2   
>>> Auto output mode
SWIPEKB: Click OK --> Tap Apple w/ VAS card (Nando's Card)
KB Unit Swipe Card:
18329208041969
--------------------
>>> 01-0C - Data output =  Tags only
CMD: 56 69 56 4F 74 65 63 68 32 00 01 0C 00 01 02 3D 32 
OUT: 56 69 56 4F 74 65 63 68 32 00 01 00 00 00 12 
ASCII: Otech2   
>>> Auto output mode
SWIPEKB: Click OK --> Tap Apple w/ VAS card (Nando's Card)
KB Unit Swipe Card:
DFED5F0157FFEE06479A031408109F21031201249F25203FA5AABEC727533518F9640633BCDA51F2F019D9F5376754BF213FA34705B17D9F2A009F270E3138333239323038303431393639DFED6001029F390107FFEE0104DF300100DFEE260101
>>> 004-00 w/ tag FFEE06 (VAS OR Pay)
CMD: 56 69 56 4F 74 65 63 68 32 00 04 00 00 1C FF EE 06 18 9F 22 02 01 00 9F 26 04 00 00 00 00 9F 2B 05 01 00 00 00 00 DF 01 01 01 5D 02 
OUT: 56 69 56 4F 74 65 63 68 32 00 04 00 00 00 AE 
ASCII: Otech2   
>>> Auto output mode
SWIPEKB: Click OK --> Tap Apple w/ VAS card (Nando's Card)
KB Unit Swipe Card:
DFED5F0157FFEE06479A031408109F21031201329F25203FA5AABEC727533518F9640633BCDA51F2F019D9F5376754BF213FA34705B17D9F2A009F270E3138333239323038303431393639DFED6001029F390107FFEE0104DF300100DFEE260101
>>> 04-00 w/ tag FFEE06 (VAS AND Pay)
CMD: 56 69 56 4F 74 65 63 68 32 00 04 00 00 1C FF EE 06 18 9F 22 02 01 00 9F 26 04 00 00 00 01 9F 2B 05 01 00 00 00 00 DF 01 01 01 18 61 
OUT: 56 69 56 4F 74 65 63 68 32 00 04 00 00 00 AE 
ASCII: Otech2   
>>> Auto output mode
SWIPEKB: Click OK --> Tap Apple w/ VAS card (Nando's Card)
KB Unit Swipe Card:
DFED5F0157FFEE06479A031408109F21031201399F25203FA5AABEC727533518F9640633BCDA51F2F019D9F5376754BF213FA34705B17D9F2A009F270E3138333239323038303431393639DFED6001029F390107FFEE0104DF300100DFEE260101

15:28:12: [Send Command]

Protocal:Pack ViVopay2

CMD: 56 69 56 4F 74 65 63 68 32 00 04 F0 00 00 4D 44 
OUT: 56 69 56 4F 74 65 63 68 32 00 04 00 00 00 AE 
ASCII: Otech2   

14:03:53: [Load Script File]
Path_File:C:\vivotech\regress\regression\regress_test\test_tree\AppleVAS_TW\VAS605_KB\VAS605_KB.txt
Items: 73
Load Case Succeed!


14:04:36: >>[Do Scripts]>>

Objective: to verify auto output, cmd 01-0B = KB (Apple VAS card)
--------------------------------------------------------------------------------
>>> 04-09 reset to default
CMD: 56 69 56 4F 74 65 63 68 32 00 04 09 00 00 30 87 
OUT: 56 69 56 4F 74 65 63 68 32 00 04 00 00 00 AE 
ASCII: Otech2   
>>> Burst mode OFF
CMD: 56 69 56 4F 74 65 63 68 32 00 04 00 00 04 FF F7 01 00 2E B9 
OUT: 56 69 56 4F 74 65 63 68 32 00 04 00 00 00 AE 
ASCII: Otech2   
>>> 01-0D - Auto output = for good & bad reads
CMD: 56 69 56 4F 74 65 63 68 32 00 01 0D 00 01 02 4B 86 
OUT: 56 69 56 4F 74 65 63 68 32 00 01 00 00 00 12 
ASCII: Otech2   
>>> 04-11 load the Nando pass
CMD: 56 69 56 4F 74 65 63 68 32 00 04 11 00 63 01 01 3F A5 AA BE C7 27 53 35 18 F9 64 06 33 BC DA 51 F2 F0 19 D9 F5 37 67 54 BF 21 3F A3 47 05 B1 7D 00 00 00 00 00 00 00 00 00 00 00 00 00 00 00 00 00 00 00 00 00 00 00 00 00 00 00 00 00 00 00 00 00 00 00 00 00 00 00 00 00 00 00 00 00 00 00 00 00 00 00 00 00 00 00 00 00 00 00 00 00 00 00 00 00 6E 7F 
OUT: 56 69 56 4F 74 65 63 68 32 00 04 00 00 00 AE 
ASCII: Otech2   
>>> C7-66 Nando private key
CMD: 56 69 56 4F 74 65 63 68 32 00 C7 66 00 20 2D D3 C1 81 63 D8 32 7B F8 BB 95 63 AB E2 53 FE 2F FC 35 15 39 F0 5B 85 FB 68 3D C1 A6 10 53 DE 81 F5 
OUT: 56 69 56 4F 74 65 63 68 32 00 C7 00 00 00 86 
ASCII: Otech2  
>>> 04-00 w/ tag DFED3F = 02 (Decrypt VAS data via private key)
CMD: 56 69 56 4F 74 65 63 68 32 00 04 00 00 05 DF ED 3F 01 02 8F 63 
OUT: 56 69 56 4F 74 65 63 68 32 00 04 00 00 00 AE 
ASCII: Otech2   
--------------------
>>> 04-00 w/ tag FFEE06 (VAS only)
CMD: 56 69 56 4F 74 65 63 68 32 00 04 00 00 1C FF EE 06 18 9F 22 02 01 00 9F 26 04 00 00 00 02 9F 2B 05 01 00 00 00 00 DF 01 01 01 D7 C4 
OUT: 56 69 56 4F 74 65 63 68 32 00 04 00 00 00 AE 
ASCII: Otech2   
>>> 01-0C - Data output =  Simplified output mode
CMD: 56 69 56 4F 74 65 63 68 32 00 01 0C 00 01 01 0D 51 
OUT: 56 69 56 4F 74 65 63 68 32 00 01 00 00 00 12 
ASCII: Otech2   
>>> Auto output mode
SWIPEKB: Click OK --> Tap Apple w/ VAS card (Nando's Card)
KB Unit Swipe Card:
18329208041969
--------------------
>>> 01-0C - Data output =  Tags only
CMD: 56 69 56 4F 74 65 63 68 32 00 01 0C 00 01 02 3D 32 
OUT: 56 69 56 4F 74 65 63 68 32 00 01 00 00 00 12 
ASCII: Otech2   
>>> Auto output mode
SWIPEKB: Click OK --> Tap Apple w/ VAS card (Nando's Card)
KB Unit Swipe Card:
DFED5F0157FFEE06479A031408109F21031201209F25203FA5AABEC727533518F9640633BCDA51F2F019D9F5376754BF213FA34705B17D9F2A009F270E3138333239323038303431393639DFED6001029F390107FFEE0104DF300100DFEE260101
>>> 004-00 w/ tag FFEE06 (VAS OR Pay)
CMD: 56 69 56 4F 74 65 63 68 32 00 04 00 00 1C FF EE 06 18 9F 22 02 01 00 9F 26 04 00 00 00 00 9F 2B 05 01 00 00 00 00 DF 01 01 01 5D 02 
OUT: 56 69 56 4F 74 65 63 68 32 00 04 00 00 00 AE 
ASCII: Otech2   
>>> Auto output mode
SWIPEKB: Click OK --> Tap Apple w/ VAS card (Nando's Card)
KB Unit Swipe Card:
DFED5F0157FFEE06479A031408109F21031201339F25203FA5AABEC727533518F9640633BCDA51F2F019D9F5376754BF213FA34705B17D9F2A009F270E3138333239323038303431393639DFED6001029F390107FFEE0104DF300100DFEE260101
>>> 04-00 w/ tag FFEE06 (VAS AND Pay)
CMD: 56 69 56 4F 74 65 63 68 32 00 04 00 00 1C FF EE 06 18 9F 22 02 01 00 9F 26 04 00 00 00 01 9F 2B 05 01 00 00 00 00 DF 01 01 01 18 61 
OUT: 56 69 56 4F 74 65 63 68 32 00 04 00 00 00 AE 
ASCII: Otech2   
>>> Auto output mode
SWIPEKB: Click OK --> Tap Apple w/ VAS card (Nando's Card)
KB Unit Swipe Card:
DFED5F0157FFEE06479A031408109F21031201409F25203FA5AABEC727533518F9640633BCDA51F2F019D9F5376754BF213FA34705B17D9F2A009F270E3138333239323038303431393639DFED6001029F390107FFEE0104DF300100DFEE260101

14:04:46: [Send Command]

Protocal:Pack ViVopay2

CMD: 56 69 56 4F 74 65 63 68 32 00 04 F0 00 00 4D 44 
OUT: 56 69 56 4F 74 65 63 68 32 00 04 00 00 00 AE 
ASCII: Otech2   

13:15:35: [Load Script File]
Path_File:C:\vivotech\regress\regression\regress_test\test_tree\AppleVAS_TW\VAS605_KB\VAS605_KB.txt
Items: 73
Load Case Succeed!


13:16:10: >>[Do Scripts]>>

Objective: to verify auto output, cmd 01-0B = KB (Apple VAS card)
--------------------------------------------------------------------------------
>>> 04-09 reset to default
CMD: 56 69 56 4F 74 65 63 68 32 00 04 09 00 00 30 87 
OUT: 56 69 56 4F 74 65 63 68 32 00 04 00 00 00 AE 
ASCII: Otech2   
>>> Burst mode OFF
CMD: 56 69 56 4F 74 65 63 68 32 00 04 00 00 04 FF F7 01 00 2E B9 
OUT: 56 69 56 4F 74 65 63 68 32 00 04 00 00 00 AE 
ASCII: Otech2   
>>> 01-0D - Auto output = for good & bad reads
CMD: 56 69 56 4F 74 65 63 68 32 00 01 0D 00 01 02 4B 86 
OUT: 56 69 56 4F 74 65 63 68 32 00 01 00 00 00 12 
ASCII: Otech2   
>>> 04-11 load the Nando pass
CMD: 56 69 56 4F 74 65 63 68 32 00 04 11 00 63 01 01 3F A5 AA BE C7 27 53 35 18 F9 64 06 33 BC DA 51 F2 F0 19 D9 F5 37 67 54 BF 21 3F A3 47 05 B1 7D 00 00 00 00 00 00 00 00 00 00 00 00 00 00 00 00 00 00 00 00 00 00 00 00 00 00 00 00 00 00 00 00 00 00 00 00 00 00 00 00 00 00 00 00 00 00 00 00 00 00 00 00 00 00 00 00 00 00 00 00 00 00 00 00 00 6E 7F 
OUT: 56 69 56 4F 74 65 63 68 32 00 04 00 00 00 AE 
ASCII: Otech2   
>>> C7-66 Nando private key
CMD: 56 69 56 4F 74 65 63 68 32 00 C7 66 00 20 2D D3 C1 81 63 D8 32 7B F8 BB 95 63 AB E2 53 FE 2F FC 35 15 39 F0 5B 85 FB 68 3D C1 A6 10 53 DE 81 F5 
OUT: 56 69 56 4F 74 65 63 68 32 00 C7 00 00 00 86 
ASCII: Otech2  
>>> 04-00 w/ tag DFED3F = 02 (Decrypt VAS data via private key)
CMD: 56 69 56 4F 74 65 63 68 32 00 04 00 00 05 DF ED 3F 01 02 8F 63 
OUT: 56 69 56 4F 74 65 63 68 32 00 04 00 00 00 AE 
ASCII: Otech2   
--------------------
>>> 04-00 w/ tag FFEE06 (VAS only)
CMD: 56 69 56 4F 74 65 63 68 32 00 04 00 00 1C FF EE 06 18 9F 22 02 01 00 9F 26 04 00 00 00 02 9F 2B 05 01 00 00 00 00 DF 01 01 01 D7 C4 
OUT: 56 69 56 4F 74 65 63 68 32 00 04 00 00 00 AE 
ASCII: Otech2   
>>> 01-0C - Data output =  Simplified output mode
CMD: 56 69 56 4F 74 65 63 68 32 00 01 0C 00 01 01 0D 51 
OUT: 56 69 56 4F 74 65 63 68 32 00 01 00 00 00 12 
ASCII: Otech2   
>>> Auto output mode
SWIPEKB: Click OK --> Tap Apple w/ VAS card (Nando's Card)
KB Unit Swipe Card:
18329208041969
--------------------
>>> 01-0C - Data output =  Tags only
CMD: 56 69 56 4F 74 65 63 68 32 00 01 0C 00 01 02 3D 32 
OUT: 56 69 56 4F 74 65 63 68 32 00 01 00 00 00 12 
ASCII: Otech2   
>>> Auto output mode
SWIPEKB: Click OK --> Tap Apple w/ VAS card (Nando's Card)
KB Unit Swipe Card:
DFED5F0157FFEE06479A031408109F21031201199F25203FA5AABEC727533518F9640633BCDA51F2F019D9F5376754BF213FA34705B17D9F2A009F270E3138333239323038303431393639DFED6001029F390107FFEE0104DF300100DFEE260101
>>> 004-00 w/ tag FFEE06 (VAS OR Pay)
CMD: 56 69 56 4F 74 65 63 68 32 00 04 00 00 1C FF EE 06 18 9F 22 02 01 00 9F 26 04 00 00 00 00 9F 2B 05 01 00 00 00 00 DF 01 01 01 5D 02 
OUT: 56 69 56 4F 74 65 63 68 32 00 04 00 00 00 AE 
ASCII: Otech2   
>>> Auto output mode
SWIPEKB: Click OK --> Tap Apple w/ VAS card (Nando's Card)
KB Unit Swipe Card:
DFED5F0157FFEE06479A031408109F21031201259F25203FA5AABEC727533518F9640633BCDA51F2F019D9F5376754BF213FA34705B17D9F2A009F270E3138333239323038303431393639DFED6001029F390107FFEE0104DF300100DFEE260101
>>> 04-00 w/ tag FFEE06 (VAS AND Pay)
CMD: 56 69 56 4F 74 65 63 68 32 00 04 00 00 1C FF EE 06 18 9F 22 02 01 00 9F 26 04 00 00 00 01 9F 2B 05 01 00 00 00 00 DF 01 01 01 18 61 
OUT: 56 69 56 4F 74 65 63 68 32 00 04 00 00 00 AE 
ASCII: Otech2   
>>> Auto output mode
SWIPEKB: Click OK --> Tap Apple w/ VAS card (Nando's Card)
KB Unit Swipe Card:
DFED5F0157FFEE06479A031408109F21031201329F25203FA5AABEC727533518F9640633BCDA51F2F019D9F5376754BF213FA34705B17D9F2A009F270E3138333239323038303431393639DFED6001029F390107FFEE0104DF300100DFEE260101

13:16:18: [Send Command]

Protocal:Pack ViVopay2

CMD: 56 69 56 4F 74 65 63 68 32 00 04 F0 00 00 4D 44 
OUT: 56 69 56 4F 74 65 63 68 32 00 04 00 00 00 AE 
ASCII: Otech2   

14:03:55: CONNECT SUCCESS

14:39:44: [Load Script File]
Path_File:C:\vivotech\regress\regression\regress_test\test_tree\AppleVAS_TW\VAS605_KB\VAS605_KB.txt
Items: 73
Load Case Succeed!


14:40:55: >>[Do Scripts]>>

Objective: to verify auto output, cmd 01-0B = KB (Apple VAS card)
--------------------------------------------------------------------------------
>>> 04-09 reset to default
CMD: 56 69 56 4F 74 65 63 68 32 00 04 09 00 00 30 87 
OUT: 56 69 56 4F 74 65 63 68 32 00 04 00 00 00 AE 
ASCII: Otech2   
>>> Burst mode OFF
CMD: 56 69 56 4F 74 65 63 68 32 00 04 00 00 04 FF F7 01 00 2E B9 
OUT: 56 69 56 4F 74 65 63 68 32 00 04 00 00 00 AE 
ASCII: Otech2   
>>> 01-0D - Auto output = for good & bad reads
CMD: 56 69 56 4F 74 65 63 68 32 00 01 0D 00 01 02 4B 86 
OUT: 56 69 56 4F 74 65 63 68 32 00 01 00 00 00 12 
ASCII: Otech2   
>>> 04-11 load the Nando pass
CMD: 56 69 56 4F 74 65 63 68 32 00 04 11 00 63 01 01 3F A5 AA BE C7 27 53 35 18 F9 64 06 33 BC DA 51 F2 F0 19 D9 F5 37 67 54 BF 21 3F A3 47 05 B1 7D 00 00 00 00 00 00 00 00 00 00 00 00 00 00 00 00 00 00 00 00 00 00 00 00 00 00 00 00 00 00 00 00 00 00 00 00 00 00 00 00 00 00 00 00 00 00 00 00 00 00 00 00 00 00 00 00 00 00 00 00 00 00 00 00 00 6E 7F 
OUT: 56 69 56 4F 74 65 63 68 32 00 04 00 00 00 AE 
ASCII: Otech2   
>>> C7-66 Nando private key
CMD: 56 69 56 4F 74 65 63 68 32 00 C7 66 00 20 2D D3 C1 81 63 D8 32 7B F8 BB 95 63 AB E2 53 FE 2F FC 35 15 39 F0 5B 85 FB 68 3D C1 A6 10 53 DE 81 F5 
OUT: 56 69 56 4F 74 65 63 68 32 00 C7 00 00 00 86 
ASCII: Otech2  
>>> 04-00 w/ tag DFED3F = 02 (Decrypt VAS data via private key)
CMD: 56 69 56 4F 74 65 63 68 32 00 04 00 00 05 DF ED 3F 01 02 8F 63 
OUT: 56 69 56 4F 74 65 63 68 32 00 04 00 00 00 AE 
ASCII: Otech2   
--------------------
>>> 04-00 w/ tag FFEE06 (VAS only)
CMD: 56 69 56 4F 74 65 63 68 32 00 04 00 00 1C FF EE 06 18 9F 22 02 01 00 9F 26 04 00 00 00 02 9F 2B 05 01 00 00 00 00 DF 01 01 01 D7 C4 
OUT: 56 69 56 4F 74 65 63 68 32 00 04 00 00 00 AE 
ASCII: Otech2   
>>> 01-0C - Data output =  Simplified output mode
CMD: 56 69 56 4F 74 65 63 68 32 00 01 0C 00 01 01 0D 51 
OUT: 56 69 56 4F 74 65 63 68 32 00 01 00 00 00 12 
ASCII: Otech2   
>>> Auto output mode
SWIPEKB: Click OK --> Tap Apple w/ VAS card (Nando's Card)
KB Unit Swipe Card:
18329208041969
--------------------
>>> 01-0C - Data output =  Tags only
CMD: 56 69 56 4F 74 65 63 68 32 00 01 0C 00 01 02 3D 32 
OUT: 56 69 56 4F 74 65 63 68 32 00 01 00 00 00 12 
ASCII: Otech2   
>>> Auto output mode
SWIPEKB: Click OK --> Tap Apple w/ VAS card (Nando's Card)
KB Unit Swipe Card:
DFED5F0157FFEE06479A031408109F21031201499F25203FA5AABEC727533518F9640633BCDA51F2F019D9F5376754BF213FA34705B17D9F2A009F270E3138333239323038303431393639DFED6001029F390107FFEE0104DF300100DFEE260101
>>> 004-00 w/ tag FFEE06 (VAS OR Pay)
CMD: 56 69 56 4F 74 65 63 68 32 00 04 00 00 1C FF EE 06 18 9F 22 02 01 00 9F 26 04 00 00 00 00 9F 2B 05 01 00 00 00 00 DF 01 01 01 5D 02 
OUT: 56 69 56 4F 74 65 63 68 32 00 04 00 00 00 AE 
ASCII: Otech2   
>>> Auto output mode
SWIPEKB: Click OK --> Tap Apple w/ VAS card (Nando's Card)
KB Unit Swipe Card:
DFED5F0157FFEE06479A031408109F21031201579F25203FA5AABEC727533518F9640633BCDA51F2F019D9F5376754BF213FA34705B17D9F2A009F270E3138333239323038303431393639DFED6001029F390107FFEE0104DF300100DFEE260101
>>> 04-00 w/ tag FFEE06 (VAS AND Pay)
CMD: 56 69 56 4F 74 65 63 68 32 00 04 00 00 1C FF EE 06 18 9F 22 02 01 00 9F 26 04 00 00 00 01 9F 2B 05 01 00 00 00 00 DF 01 01 01 18 61 
OUT: 56 69 56 4F 74 65 63 68 32 00 04 00 00 00 AE 
ASCII: Otech2   
>>> Auto output mode
SWIPEKB: Click OK --> Tap Apple w/ VAS card (Nando's Card)
KB Unit Swipe Card:
DFED5F0157FFEE06479A031408109F21031202089F25203FA5AABEC727533518F9640633BCDA51F2F019D9F5376754BF213FA34705B17D9F2A009F270E3138333239323038303431393639DFED6001029F390107FFEE0104DF300100DFEE260101

14:41:09: [Send Command]

Protocal:Pack ViVopay2

CMD: 56 69 56 4F 74 65 63 68 32 00 04 F0 00 00 4D 44 
OUT: 56 69 56 4F 74 65 63 68 32 00 04 00 00 00 AE 
ASCII: Otech2   

13:12:53: [Load Script File]
Path_File:C:\vivotech\regress\regression\regress_test\test_tree\AppleVAS_TW\VAS605_KB\VAS605_KB.txt
Items: 73
Load Case Succeed!


13:13:30: >>[Do Scripts]>>

Objective: to verify auto output, cmd 01-0B = KB (Apple VAS card)
--------------------------------------------------------------------------------
>>> 04-09 reset to default
CMD: 56 69 56 4F 74 65 63 68 32 00 04 09 00 00 30 87 
OUT: 56 69 56 4F 74 65 63 68 32 00 04 00 00 00 AE 
ASCII: Otech2   
>>> Burst mode OFF
CMD: 56 69 56 4F 74 65 63 68 32 00 04 00 00 04 FF F7 01 00 2E B9 
OUT: 56 69 56 4F 74 65 63 68 32 00 04 00 00 00 AE 
ASCII: Otech2   
>>> 01-0D - Auto output = for good & bad reads
CMD: 56 69 56 4F 74 65 63 68 32 00 01 0D 00 01 02 4B 86 
OUT: 56 69 56 4F 74 65 63 68 32 00 01 00 00 00 12 
ASCII: Otech2   
>>> 04-11 load the Nando pass
CMD: 56 69 56 4F 74 65 63 68 32 00 04 11 00 63 01 01 3F A5 AA BE C7 27 53 35 18 F9 64 06 33 BC DA 51 F2 F0 19 D9 F5 37 67 54 BF 21 3F A3 47 05 B1 7D 00 00 00 00 00 00 00 00 00 00 00 00 00 00 00 00 00 00 00 00 00 00 00 00 00 00 00 00 00 00 00 00 00 00 00 00 00 00 00 00 00 00 00 00 00 00 00 00 00 00 00 00 00 00 00 00 00 00 00 00 00 00 00 00 00 6E 7F 
OUT: 56 69 56 4F 74 65 63 68 32 00 04 00 00 00 AE 
ASCII: Otech2   
>>> C7-66 Nando private key
CMD: 56 69 56 4F 74 65 63 68 32 00 C7 66 00 20 2D D3 C1 81 63 D8 32 7B F8 BB 95 63 AB E2 53 FE 2F FC 35 15 39 F0 5B 85 FB 68 3D C1 A6 10 53 DE 81 F5 
OUT: 56 69 56 4F 74 65 63 68 32 00 C7 00 00 00 86 
ASCII: Otech2  
>>> 04-00 w/ tag DFED3F = 02 (Decrypt VAS data via private key)
CMD: 56 69 56 4F 74 65 63 68 32 00 04 00 00 05 DF ED 3F 01 02 8F 63 
OUT: 56 69 56 4F 74 65 63 68 32 00 04 00 00 00 AE 
ASCII: Otech2   
--------------------
>>> 04-00 w/ tag FFEE06 (VAS only)
CMD: 56 69 56 4F 74 65 63 68 32 00 04 00 00 1C FF EE 06 18 9F 22 02 01 00 9F 26 04 00 00 00 02 9F 2B 05 01 00 00 00 00 DF 01 01 01 D7 C4 
OUT: 56 69 56 4F 74 65 63 68 32 00 04 00 00 00 AE 
ASCII: Otech2   
>>> 01-0C - Data output =  Simplified output mode
CMD: 56 69 56 4F 74 65 63 68 32 00 01 0C 00 01 01 0D 51 
OUT: 56 69 56 4F 74 65 63 68 32 00 01 00 00 00 12 
ASCII: Otech2   
>>> Auto output mode
SWIPEKB: Click OK --> Tap Apple w/ VAS card (Nando's Card)
KB Unit Swipe Card:
18329208041969
--------------------
>>> 01-0C - Data output =  Tags only
CMD: 56 69 56 4F 74 65 63 68 32 00 01 0C 00 01 02 3D 32 
OUT: 56 69 56 4F 74 65 63 68 32 00 01 00 00 00 12 
ASCII: Otech2   
>>> Auto output mode
SWIPEKB: Click OK --> Tap Apple w/ VAS card (Nando's Card)
KB Unit Swipe Card:
DFED5F0157FFEE06479A031408109F21031201219F25203FA5AABEC727533518F9640633BCDA51F2F019D9F5376754BF213FA34705B17D9F2A009F270E3138333239323038303431393639DFED6001029F390107FFEE0104DF300100DFEE260101
>>> 004-00 w/ tag FFEE06 (VAS OR Pay)
CMD: 56 69 56 4F 74 65 63 68 32 00 04 00 00 1C FF EE 06 18 9F 22 02 01 00 9F 26 04 00 00 00 00 9F 2B 05 01 00 00 00 00 DF 01 01 01 5D 02 
OUT: 56 69 56 4F 74 65 63 68 32 00 04 00 00 00 AE 
ASCII: Otech2   
>>> Auto output mode
SWIPEKB: Click OK --> Tap Apple w/ VAS card (Nando's Card)
KB Unit Swipe Card:
DFED5F0157FFEE06479A031408109F21031201279F25203FA5AABEC727533518F9640633BCDA51F2F019D9F5376754BF213FA34705B17D9F2A009F270E3138333239323038303431393639DFED6001029F390107FFEE0104DF300100DFEE260101
>>> 04-00 w/ tag FFEE06 (VAS AND Pay)
CMD: 56 69 56 4F 74 65 63 68 32 00 04 00 00 1C FF EE 06 18 9F 22 02 01 00 9F 26 04 00 00 00 01 9F 2B 05 01 00 00 00 00 DF 01 01 01 18 61 
OUT: 56 69 56 4F 74 65 63 68 32 00 04 00 00 00 AE 
ASCII: Otech2   
>>> Auto output mode
SWIPEKB: Click OK --> Tap Apple w/ VAS card (Nando's Card)
KB Unit Swipe Card:
DFED5F0157FFEE06479A031408109F21031201339F25203FA5AABEC727533518F9640633BCDA51F2F019D9F5376754BF213FA34705B17D9F2A009F270E3138333239323038303431393639DFED6001029F390107FFEE0104DF300100DFEE260101

13:13:38: [Send Command]

Protocal:Pack ViVopay2

CMD: 56 69 56 4F 74 65 63 68 32 00 04 F0 00 00 4D 44 
OUT: 56 69 56 4F 74 65 63 68 32 00 04 00 00 00 AE 
ASCII: Otech2   

11:52:41: [Load Script File]
Path_File:C:\vivotech\regress\regression\regress_test\test_tree\AppleVAS_TW\VAS605_KB\VAS605_KB.txt
Items: 73
Load Case Succeed!


11:53:17: >>[Do Scripts]>>

Objective: to verify auto output, cmd 01-0B = KB (Apple VAS card)
--------------------------------------------------------------------------------
>>> 04-09 reset to default
CMD: 56 69 56 4F 74 65 63 68 32 00 04 09 00 00 30 87 
OUT: 56 69 56 4F 74 65 63 68 32 00 04 00 00 00 AE 
ASCII: Otech2   
>>> Burst mode OFF
CMD: 56 69 56 4F 74 65 63 68 32 00 04 00 00 04 FF F7 01 00 2E B9 
OUT: 56 69 56 4F 74 65 63 68 32 00 04 00 00 00 AE 
ASCII: Otech2   
>>> 01-0D - Auto output = for good & bad reads
CMD: 56 69 56 4F 74 65 63 68 32 00 01 0D 00 01 02 4B 86 
OUT: 56 69 56 4F 74 65 63 68 32 00 01 00 00 00 12 
ASCII: Otech2   
>>> 04-11 load the Nando pass
CMD: 56 69 56 4F 74 65 63 68 32 00 04 11 00 63 01 01 3F A5 AA BE C7 27 53 35 18 F9 64 06 33 BC DA 51 F2 F0 19 D9 F5 37 67 54 BF 21 3F A3 47 05 B1 7D 00 00 00 00 00 00 00 00 00 00 00 00 00 00 00 00 00 00 00 00 00 00 00 00 00 00 00 00 00 00 00 00 00 00 00 00 00 00 00 00 00 00 00 00 00 00 00 00 00 00 00 00 00 00 00 00 00 00 00 00 00 00 00 00 00 6E 7F 
OUT: 56 69 56 4F 74 65 63 68 32 00 04 00 00 00 AE 
ASCII: Otech2   
>>> C7-66 Nando private key
CMD: 56 69 56 4F 74 65 63 68 32 00 C7 66 00 20 2D D3 C1 81 63 D8 32 7B F8 BB 95 63 AB E2 53 FE 2F FC 35 15 39 F0 5B 85 FB 68 3D C1 A6 10 53 DE 81 F5 
OUT: 56 69 56 4F 74 65 63 68 32 00 C7 00 00 00 86 
ASCII: Otech2  
>>> 04-00 w/ tag DFED3F = 02 (Decrypt VAS data via private key)
CMD: 56 69 56 4F 74 65 63 68 32 00 04 00 00 05 DF ED 3F 01 02 8F 63 
OUT: 56 69 56 4F 74 65 63 68 32 00 04 00 00 00 AE 
ASCII: Otech2   
--------------------
>>> 04-00 w/ tag FFEE06 (VAS only)
CMD: 56 69 56 4F 74 65 63 68 32 00 04 00 00 1C FF EE 06 18 9F 22 02 01 00 9F 26 04 00 00 00 02 9F 2B 05 01 00 00 00 00 DF 01 01 01 D7 C4 
OUT: 56 69 56 4F 74 65 63 68 32 00 04 00 00 00 AE 
ASCII: Otech2   
>>> 01-0C - Data output =  Simplified output mode
CMD: 56 69 56 4F 74 65 63 68 32 00 01 0C 00 01 01 0D 51 
OUT: 56 69 56 4F 74 65 63 68 32 00 01 00 00 00 12 
ASCII: Otech2   
>>> Auto output mode
SWIPEKB: Click OK --> Tap Apple w/ VAS card (Nando's Card)
KB Unit Swipe Card:
18329208041969
--------------------
>>> 01-0C - Data output =  Tags only
CMD: 56 69 56 4F 74 65 63 68 32 00 01 0C 00 01 02 3D 32 
OUT: 56 69 56 4F 74 65 63 68 32 00 01 00 00 00 12 
ASCII: Otech2   
>>> Auto output mode
SWIPEKB: Click OK --> Tap Apple w/ VAS card (Nando's Card)
KB Unit Swipe Card:
DFED5F0157FFEE06479A031408109F21031201239F25203FA5AABEC727533518F9640633BCDA51F2F019D9F5376754BF213FA34705B17D9F2A009F270E3138333239323038303431393639DFED6001029F390107FFEE0104DF300100DFEE260101
>>> 004-00 w/ tag FFEE06 (VAS OR Pay)
CMD: 56 69 56 4F 74 65 63 68 32 00 04 00 00 1C FF EE 06 18 9F 22 02 01 00 9F 26 04 00 00 00 00 9F 2B 05 01 00 00 00 00 DF 01 01 01 5D 02 
OUT: 56 69 56 4F 74 65 63 68 32 00 04 00 00 00 AE 
ASCII: Otech2   
>>> Auto output mode
SWIPEKB: Click OK --> Tap Apple w/ VAS card (Nando's Card)
KB Unit Swipe Card:
DFED5F0157FFEE06479A031408109F21031201289F25203FA5AABEC727533518F9640633BCDA51F2F019D9F5376754BF213FA34705B17D9F2A009F270E3138333239323038303431393639DFED6001029F390107FFEE0104DF300100DFEE260101
>>> 04-00 w/ tag FFEE06 (VAS AND Pay)
CMD: 56 69 56 4F 74 65 63 68 32 00 04 00 00 1C FF EE 06 18 9F 22 02 01 00 9F 26 04 00 00 00 01 9F 2B 05 01 00 00 00 00 DF 01 01 01 18 61 
OUT: 56 69 56 4F 74 65 63 68 32 00 04 00 00 00 AE 
ASCII: Otech2   
>>> Auto output mode
SWIPEKB: Click OK --> Tap Apple w/ VAS card (Nando's Card)
KB Unit Swipe Card:
DFED5F0157FFEE06479A031408109F21031201329F25203FA5AABEC727533518F9640633BCDA51F2F019D9F5376754BF213FA34705B17D9F2A009F270E3138333239323038303431393639DFED6001029F390107FFEE0104DF300100DFEE260101

11:53:26: [Send Command]

Protocal:Pack ViVopay2

CMD: 56 69 56 4F 74 65 63 68 32 00 04 F0 00 00 4D 44 
OUT: 56 69 56 4F 74 65 63 68 32 00 04 00 00 00 AE 
ASCII: Otech2   

15:09:22: [Load Script File]
Path_File:C:\vivotech\regress\regression\regress_test\test_tree\AppleVAS_TW\VAS605_KB\VAS605_KB.txt
Items: 73
Load Case Succeed!


15:10:12: >>[Do Scripts]>>

Objective: to verify auto output, cmd 01-0B = KB (Apple VAS card)
--------------------------------------------------------------------------------
>>> 04-09 reset to default
CMD: 56 69 56 4F 74 65 63 68 32 00 04 09 00 00 30 87 
OUT: 56 69 56 4F 74 65 63 68 32 00 04 00 00 00 AE 
ASCII: Otech2   
>>> Burst mode OFF
CMD: 56 69 56 4F 74 65 63 68 32 00 04 00 00 04 FF F7 01 00 2E B9 
OUT: 56 69 56 4F 74 65 63 68 32 00 04 00 00 00 AE 
ASCII: Otech2   
>>> 01-0D - Auto output = for good & bad reads
CMD: 56 69 56 4F 74 65 63 68 32 00 01 0D 00 01 02 4B 86 
OUT: 56 69 56 4F 74 65 63 68 32 00 01 00 00 00 12 
ASCII: Otech2   
>>> 04-11 load the Nando pass
CMD: 56 69 56 4F 74 65 63 68 32 00 04 11 00 63 01 01 3F A5 AA BE C7 27 53 35 18 F9 64 06 33 BC DA 51 F2 F0 19 D9 F5 37 67 54 BF 21 3F A3 47 05 B1 7D 00 00 00 00 00 00 00 00 00 00 00 00 00 00 00 00 00 00 00 00 00 00 00 00 00 00 00 00 00 00 00 00 00 00 00 00 00 00 00 00 00 00 00 00 00 00 00 00 00 00 00 00 00 00 00 00 00 00 00 00 00 00 00 00 00 6E 7F 
OUT: 56 69 56 4F 74 65 63 68 32 00 04 00 00 00 AE 
ASCII: Otech2   
>>> C7-66 Nando private key
CMD: 56 69 56 4F 74 65 63 68 32 00 C7 66 00 20 2D D3 C1 81 63 D8 32 7B F8 BB 95 63 AB E2 53 FE 2F FC 35 15 39 F0 5B 85 FB 68 3D C1 A6 10 53 DE 81 F5 
OUT: 56 69 56 4F 74 65 63 68 32 00 C7 00 00 00 86 
ASCII: Otech2  
>>> 04-00 w/ tag DFED3F = 02 (Decrypt VAS data via private key)
CMD: 56 69 56 4F 74 65 63 68 32 00 04 00 00 05 DF ED 3F 01 02 8F 63 
OUT: 56 69 56 4F 74 65 63 68 32 00 04 00 00 00 AE 
ASCII: Otech2   
--------------------
>>> 04-00 w/ tag FFEE06 (VAS only)
CMD: 56 69 56 4F 74 65 63 68 32 00 04 00 00 1C FF EE 06 18 9F 22 02 01 00 9F 26 04 00 00 00 02 9F 2B 05 01 00 00 00 00 DF 01 01 01 D7 C4 
OUT: 56 69 56 4F 74 65 63 68 32 00 04 00 00 00 AE 
ASCII: Otech2   
>>> 01-0C - Data output =  Simplified output mode
CMD: 56 69 56 4F 74 65 63 68 32 00 01 0C 00 01 01 0D 51 
OUT: 56 69 56 4F 74 65 63 68 32 00 01 00 00 00 12 
ASCII: Otech2   
>>> Auto output mode
SWIPEKB: Click OK --> Tap Apple w/ VAS card (Nando's Card)
KB Unit Swipe Card:
18329208041969
--------------------
>>> 01-0C - Data output =  Tags only
CMD: 56 69 56 4F 74 65 63 68 32 00 01 0C 00 01 02 3D 32 
OUT: 56 69 56 4F 74 65 63 68 32 00 01 00 00 00 12 
ASCII: Otech2   
>>> Auto output mode
SWIPEKB: Click OK --> Tap Apple w/ VAS card (Nando's Card)
KB Unit Swipe Card:
DFED5F0157FFEE06479A031408109F21031201319F25203FA5AABEC727533518F9640633BCDA51F2F019D9F5376754BF213FA34705B17D9F2A009F270E3138333239323038303431393639DFED6001029F390107FFEE0104DF300100DFEE260101
>>> 004-00 w/ tag FFEE06 (VAS OR Pay)
CMD: 56 69 56 4F 74 65 63 68 32 00 04 00 00 1C FF EE 06 18 9F 22 02 01 00 9F 26 04 00 00 00 00 9F 2B 05 01 00 00 00 00 DF 01 01 01 5D 02 
OUT: 56 69 56 4F 74 65 63 68 32 00 04 00 00 00 AE 
ASCII: Otech2   
>>> Auto output mode
SWIPEKB: Click OK --> Tap Apple w/ VAS card (Nando's Card)
KB Unit Swipe Card:
DFED5F0157FFEE06479A031408109F21031201409F25203FA5AABEC727533518F9640633BCDA51F2F019D9F5376754BF213FA34705B17D9F2A009F270E3138333239323038303431393639DFED6001029F390107FFEE0104DF300100DFEE260101
>>> 04-00 w/ tag FFEE06 (VAS AND Pay)
CMD: 56 69 56 4F 74 65 63 68 32 00 04 00 00 1C FF EE 06 18 9F 22 02 01 00 9F 26 04 00 00 00 01 9F 2B 05 01 00 00 00 00 DF 01 01 01 18 61 
OUT: 56 69 56 4F 74 65 63 68 32 00 04 00 00 00 AE 
ASCII: Otech2   
>>> Auto output mode
SWIPEKB: Click OK --> Tap Apple w/ VAS card (Nando's Card)
KB Unit Swipe Card:
DFED5F0157FFEE06479A031408109F21031201459F25203FA5AABEC727533518F9640633BCDA51F2F019D9F5376754BF213FA34705B17D9F2A009F270E3138333239323038303431393639DFED6001029F390107FFEE0104DF300100DFEE260101

15:10:18: [Send Command]

Protocal:Pack ViVopay2

CMD: 56 69 56 4F 74 65 63 68 32 00 04 F0 00 00 4D 44 
OUT: 56 69 56 4F 74 65 63 68 32 00 04 00 00 00 AE 
ASCII: Otech2   
