
13:10:38: >>[Do Scripts]>>

GETNONCE:76 46 27 12 00 10 00 11 22 33 44 55 66 77 88 99 00 11 22 33 44 55 66
CMD: 02 17 00 76 46 27 12 00 10 00 11 22 33 44 55 66 77 88 99 00 11 22 33 44 55 66 73 67 03 
OUT: 02 18 00 06 67 46 27 12 00 10 00 08 80 D2 D7 F8 73 EB D3 2F 09 80 28 D1 43 7D 35 68 FC 03 
ASCII:  gF'     Ä“◊¯sÎ”/ Ä(—C}5
SETUID:31 00 50 00 19 27 2E 65
User Set UID
UID:[31 00 50 00 19 27 2E 65]
ATCMED:76 46 45 13 01 08 00 00 00 00 00 00 00 00 00 01 00 01 02 00 3C 00
DO AT CMD
NONCE:0880D2D7F873EBD32F098028D1437D35
UID:31 00 50 00 19 27 2E 65
CMD: 02 18 01 76 46 45 13 01 08 00 00 00 00 00 00 00 00 00 01 00 01 02 00 3C 00 00 01 9C 0F F7 B3 AC FF 9A 0A 0F F4 02 76 C1 1A 24 3D A7 06 63 04 18 85 DF 55 C4 AE 5F 88 BA 21 AB DB 93 68 1B 8B A0 30 E3 DC 63 D6 C5 9F AE 13 E3 5B BE 5C 43 AD C8 92 EE EE 23 E4 35 C8 E5 C3 A8 7F BE B1 C8 4E AA B4 B5 6F 24 0C 6A 9C 83 D7 67 A6 79 ED 02 F2 B3 7A 0A C7 1F 23 2B 26 35 67 35 D9 9D 04 9C C3 A5 99 4A C7 07 73 7F 32 69 D7 38 B5 6A B4 36 7B 84 3B 54 A4 CA 77 F3 2C 37 EE 57 05 4C A5 5C 7E 33 51 80 F7 DE FA 7E 44 8B 8E 48 E7 77 BB 31 98 F2 0A E7 66 65 29 3D EE 3E 66 13 AC E2 50 2B 77 77 6A 00 5B 2E DA 84 BF 0E 0F F1 D1 DA E7 10 57 9F 9B B3 15 1F 79 18 63 BE 17 25 D8 7A 54 35 A1 CD 62 BE A4 E7 9F 35 C9 DE 15 9B 9B 3D 09 60 9F B7 B1 54 23 C2 BB F7 6A 7E 40 EA E0 ED C7 79 74 77 C9 71 9D 9F 00 FC 8E C7 1F 19 57 CE 2D 57 89 DC 91 E5 C1 8D 22 12 18 5C E4 80 CC 64 FC 03 
OUT: 02 06 00 15 90 52 67 46 45 B3 E9 03 
ASCII:  êRgFE

13:46:48: >>[Do Scripts]>>

GETNONCE:76 46 27 12 00 10 00 1A 2A 3A 44 55 66 77 88 99 00 11 22 33 44 55 67
CMD: 02 17 00 76 46 27 12 00 10 00 1A 2A 3A 44 55 66 77 88 99 00 11 22 33 44 55 67 78 80 03 
OUT: 02 18 00 06 67 46 27 12 00 10 00 A5 20 EB FA 5F 6C 10 7C 28 B6 69 51 73 61 B5 00 C8 1E 03 
ASCII:  gF'    • Î˙_l |(∂iQsaµ 
SETUID:31 00 50 00 19 27 2E 65
User Set UID
UID:[31 00 50 00 19 27 2E 65]
ATFILE:true
ATCMED:76 46 45 13 01 08 00 00 00 00 00 00 00 00 00 01 00 01 02 00 3C 00
DO AT CMD
NONCE:A520EBFA5F6C107C28B669517361B500
UID:31 00 50 00 19 27 2E 65
CMD: 02 18 01 76 46 45 13 01 08 00 00 00 00 00 00 00 00 00 01 00 01 02 00 3C 00 00 01 19 04 81 00 F7 02 11 BF 2F B7 B1 28 CC E0 55 2C BF B1 78 87 33 88 3F 4B D8 4D 39 EE CB 4B 4D ED 72 46 7A B9 7E 72 81 47 F1 BF 86 C2 9F 3E E5 47 CE CC D8 75 6F 0C 93 EE 08 72 AB 23 37 D7 D7 B9 70 CB 00 76 3B 14 19 04 15 AE B4 F8 F6 44 98 1B B3 1B AC 05 6F 59 DF D8 B9 52 F5 08 B7 D3 DA CD 57 C2 2D 50 E3 9C 89 13 E6 1B 95 91 34 4C 76 9E 91 E4 BF 7C 13 5A BB 14 39 54 6E 40 10 CB F1 A9 4A 54 DB EB BA 01 94 49 BB A6 E9 4F 68 B0 73 F5 81 4E 36 5B F0 CD C5 75 E3 0D CA 75 14 53 AD C4 AA 86 D1 4A FF 01 F9 71 A0 59 63 74 17 A3 46 58 43 F9 54 E4 3A 5E 1C ED 2F 90 95 33 11 6E 1A CB CB FC A8 D9 F8 D0 19 7E D7 F8 AD 70 EF 66 E1 86 BD 42 CF 14 10 93 09 D1 B6 01 0B BB D9 EE 01 A8 67 77 2B E1 39 C2 5F 5E A8 A3 7B 05 68 83 D3 78 E4 16 50 2B 27 C3 0F FE 7D 10 9C B5 6F B5 55 00 1F 77 03 
OUT: 02 06 00 15 90 3A 67 46 45 DB D1 03 
ASCII:  ê:gFE
ATFILE:false
