2022-11-15 09:59:49 : 680 MS

TX:56 69 56 4F 74 65 63 68 32 00 29 00 00 00 DE A0
RX:56 69 56 4F 74 65 63 68 32 00 29 00 00 1A 56 50 33 33 35 30 20 46 57 20 76 31 2E 30 30 2E 31 33 36 2E 32 32 34 35 2E 54 88 44
RX-ASCII:ViVOtech2.)...VP3350 FW v1.00.136.2245.T?D
Time Spent:0MS
Check_RX:PASS
Get Device Firmware Version:VP3350 FW v1.00.136.2245.T
2022-11-15 09:59:49 : 715 MS

TX:56 69 56 4F 74 65 63 68 32 00 C7 3F 00 00 FA 6F
RX:56 69 56 4F 74 65 63 68 32 00 C7 00 00 29 49 44 20 54 45 43 48 20 54 4D 34 20 66 6F 72 20 4E 45 4F 32 2E 30 20 52 53 32 33 32 20 52 65 61 64 65 72 20 56 34 2E 30 36 DF C2
RX-ASCII:ViVOtech2.?..)ID TECH TM4 for NEO2.0 RS232 Reader V4.06??
Time Spent:234MS
<NEOII>
Get device memory
2022-11-15 09:59:49 : 985 MS

TX:56 69 56 4F 74 65 63 68 32 00 09 30 00 00 35 52
RX:56 69 56 4F 74 65 63 68 32 00 09 00 00 0C 00 01 22 60 00 02 33 80 FF FF FF FF BA A1
RX-ASCII:ViVOtech2......."`..3???????
Time Spent:15MS
Passthrough Enable
2022-11-15 09:59:50 : 014 MS

TX:56 69 56 4F 74 65 63 68 32 00 2C 01 00 01 01 19 1D
RX:56 69 56 4F 74 65 63 68 32 00 2C 00 00 00 1C 9B
RX-ASCII:ViVOtech2.,....?
Time Spent:47MS
Check_RX:PASS
EXR:2C00

Poll for token
2022-11-15 09:59:52 : 053 MS

TX:56 69 56 4F 74 65 63 68 32 00 2C 40 00 02 FF 0A 71 A9
RX:56 69 56 4F 74 65 63 68 32 00 2C 00 00 09 0C 01 2E 59 24 2B 41 43 5F 32 4A
RX-ASCII:ViVOtech2.,......Y$+AC_2J
Time Spent:63MS
Poll for token 2C-40
Please Tap Felica Card
Normal Write S_PADx -- BLOCK 03
2022-11-15 09:59:52 : 157 MS

TX:56 69 56 4F 74 65 63 68 32 00 2C 41 00 17 08 01 09 00 01 80 03 03 03 03 03 03 03 03 03 03 03 03 03 03 03 03 03 96 FF
RX:56 69 56 4F 74 65 63 68 32 00 2C 0A 00 00 DB 5A
RX-ASCII:ViVOtech2.,...?Z
Time Spent:47MS
Check_RX:FAIL
FAIL
EXR:56 69 56 4F 74 65 63 68 32 00 2C 00 
Normal Read S_PADx -- BLOCK 03
2022-11-15 09:59:52 : 215 MS

TX:56 69 56 4F 74 65 63 68 32 00 2C 41 00 07 06 01 0B 00 01 80 03 E0 A6
RX:56 69 56 4F 74 65 63 68 32 00 2C 00 00 13 00 00 01 03 03 03 03 03 03 03 03 03 03 03 03 03 03 03 03 16 1C
RX-ASCII:ViVOtech2.,........................
Time Spent:15MS
Check_RX:PASS
EXR:2C 00 00 13 00 00 01 03 03 03 03 03 03 03 03 03 03 03 03 03 03 03 03
Normal Write S_PADx -- BLOCK 03
2022-11-15 09:59:52 : 246 MS

TX:56 69 56 4F 74 65 63 68 32 00 2C 41 00 17 08 01 09 00 01 80 03 00 00 00 00 00 00 00 00 00 00 00 00 00 00 00 00 6F C0
RX:56 69 56 4F 74 65 63 68 32 00 2C 00 00 02 00 00 1A AC
RX-ASCII:ViVOtech2.,......?
Time Spent:31MS
Check_RX:PASS
EXR:56 69 56 4F 74 65 63 68 32 00 2C 00
Normal Read S_PADx-x+3 -- BLOCK 03, 06, 04, 05
2022-11-15 09:59:52 : 310 MS

TX:56 69 56 4F 74 65 63 68 32 00 2C 41 00 0D 06 01 0B 00 04 80 03 80 06 80 04 80 05 C0 6E
RX:56 69 56 4F 74 65 63 68 32 00 2C 00 00 43 00 00 04 00 00 00 00 00 00 00 00 00 00 00 00 00 00 00 00 00 00 00 00 00 00 00 00 00 00 00 00 00 00 00 00 00 00 00 00 00 00 00 00 00 00 00 00 00 00 00 00 00 00 00 00 00 00 00 00 00 00 00 00 00 00 00 00 6D 70
RX-ASCII:ViVOtech2.,..C...................................................................mp
Time Spent:16MS
Check_RX:PASS
EXR:56 69 56 4F 74 65 63 68 32 00 2C 00 00 43 00 00 04 00 00 00 00 00 00 00 00 00 00 00 00 00 00 00 00
Passthrough Disable
2022-11-15 09:59:52 : 349 MS

TX:56 69 56 4F 74 65 63 68 32 00 2C 01 00 01 00 38 0D
RX:56 69 56 4F 74 65 63 68 32 00 2C 00 00 00 1C 9B
RX-ASCII:ViVOtech2.,....?
Time Spent:47MS
Check_RX:PASS
EXR:2C00
Get device memory
2022-11-15 09:59:52 : 432 MS

TX:56 69 56 4F 74 65 63 68 32 00 09 30 00 00 35 52
RX:56 69 56 4F 74 65 63 68 32 00 09 00 00 0C 00 01 22 60 00 02 33 80 FF FF FF FF BA A1
RX-ASCII:ViVOtech2......."`..3???????
Time Spent:0MS
Check_RX:PASS
EXR:5669564F7465636832000900000C0001226000023380
[Test Result] - Fail
 Warning:0
 Fail:1

2022-11-15 09:59:54 : 488 MS

TX:56 69 56 4F 74 65 63 68 32 00 29 00 00 00 DE A0
RX:56 69 56 4F 74 65 63 68 32 00 29 00 00 1A 56 50 33 33 35 30 20 46 57 20 76 31 2E 30 30 2E 31 33 36 2E 32 32 34 35 2E 54 88 44
RX-ASCII:ViVOtech2.)...VP3350 FW v1.00.136.2245.T?D
Time Spent:0MS
Check_RX:PASS
Get Device Firmware Version:VP3350 FW v1.00.136.2245.T
2022-11-15 09:59:54 : 535 MS

TX:56 69 56 4F 74 65 63 68 32 00 C7 3F 00 00 FA 6F
RX:56 69 56 4F 74 65 63 68 32 00 C7 00 00 29 49 44 20 54 45 43 48 20 54 4D 34 20 66 6F 72 20 4E 45 4F 32 2E 30 20 52 53 32 33 32 20 52 65 61 64 65 72 20 56 34 2E 30 36 DF C2
RX-ASCII:ViVOtech2.?..)ID TECH TM4 for NEO2.0 RS232 Reader V4.06??
Time Spent:218MS
<NEOII>
Get device memory
2022-11-15 09:59:54 : 776 MS

TX:56 69 56 4F 74 65 63 68 32 00 09 30 00 00 35 52
RX:56 69 56 4F 74 65 63 68 32 00 09 00 00 0C 00 01 22 60 00 02 33 80 FF FF FF FF BA A1
RX-ASCII:ViVOtech2......."`..3???????
Time Spent:31MS
Passthrough Enable
2022-11-15 09:59:54 : 818 MS

TX:56 69 56 4F 74 65 63 68 32 00 2C 01 00 01 01 19 1D
RX:56 69 56 4F 74 65 63 68 32 00 2C 00 00 00 1C 9B
RX-ASCII:ViVOtech2.,....?
Time Spent:47MS
Check_RX:PASS
EXR:2C00

Poll for token
2022-11-15 09:59:56 : 811 MS

TX:56 69 56 4F 74 65 63 68 32 00 2C 40 00 02 FF 0A 71 A9
RX:56 69 56 4F 74 65 63 68 32 00 2C 00 00 09 0C 01 2E 59 24 2B 41 43 5F 32 4A
RX-ASCII:ViVOtech2.,......Y$+AC_2J
Time Spent:63MS
Poll for token 2C-40
Please Tap Felica Card
Normal Write S_PADx -- BLOCK 03
2022-11-15 09:59:56 : 914 MS

TX:56 69 56 4F 74 65 63 68 32 00 2C 41 00 17 08 01 09 00 01 80 03 03 03 03 03 03 03 03 03 03 03 03 03 03 03 03 03 96 FF
RX:56 69 56 4F 74 65 63 68 32 00 2C 00 00 02 00 00 1A AC
RX-ASCII:ViVOtech2.,......?
Time Spent:47MS
Check_RX:PASS
EXR:56 69 56 4F 74 65 63 68 32 00 2C 00 
Normal Read S_PADx -- BLOCK 03
2022-11-15 09:59:56 : 972 MS

TX:56 69 56 4F 74 65 63 68 32 00 2C 41 00 07 06 01 0B 00 01 80 03 E0 A6
RX:56 69 56 4F 74 65 63 68 32 00 2C 00 00 13 00 00 01 03 03 03 03 03 03 03 03 03 03 03 03 03 03 03 03 16 1C
RX-ASCII:ViVOtech2.,........................
Time Spent:15MS
Check_RX:PASS
EXR:2C 00 00 13 00 00 01 03 03 03 03 03 03 03 03 03 03 03 03 03 03 03 03
Normal Write S_PADx -- BLOCK 03
2022-11-15 09:59:57 : 004 MS

TX:56 69 56 4F 74 65 63 68 32 00 2C 41 00 17 08 01 09 00 01 80 03 00 00 00 00 00 00 00 00 00 00 00 00 00 00 00 00 6F C0
RX:56 69 56 4F 74 65 63 68 32 00 2C 00 00 02 00 00 1A AC
RX-ASCII:ViVOtech2.,......?
Time Spent:31MS
Check_RX:PASS
EXR:56 69 56 4F 74 65 63 68 32 00 2C 00
Normal Read S_PADx-x+3 -- BLOCK 03, 06, 04, 05
2022-11-15 09:59:57 : 051 MS

TX:56 69 56 4F 74 65 63 68 32 00 2C 41 00 0D 06 01 0B 00 04 80 03 80 06 80 04 80 05 C0 6E
RX:56 69 56 4F 74 65 63 68 32 00 2C 00 00 43 00 00 04 00 00 00 00 00 00 00 00 00 00 00 00 00 00 00 00 00 00 00 00 00 00 00 00 00 00 00 00 00 00 00 00 00 00 00 00 00 00 00 00 00 00 00 00 00 00 00 00 00 00 00 00 00 00 00 00 00 00 00 00 00 00 00 00 6D 70
RX-ASCII:ViVOtech2.,..C...................................................................mp
Time Spent:31MS
Check_RX:PASS
EXR:56 69 56 4F 74 65 63 68 32 00 2C 00 00 43 00 00 04 00 00 00 00 00 00 00 00 00 00 00 00 00 00 00 00
Passthrough Disable
2022-11-15 09:59:57 : 098 MS

TX:56 69 56 4F 74 65 63 68 32 00 2C 01 00 01 00 38 0D
RX:56 69 56 4F 74 65 63 68 32 00 2C 00 00 00 1C 9B
RX-ASCII:ViVOtech2.,....?
Time Spent:47MS
Check_RX:PASS
EXR:2C00
Get device memory
2022-11-15 09:59:57 : 164 MS

TX:56 69 56 4F 74 65 63 68 32 00 09 30 00 00 35 52
RX:56 69 56 4F 74 65 63 68 32 00 09 00 00 0C 00 01 22 60 00 02 33 80 FF FF FF FF BA A1
RX-ASCII:ViVOtech2......."`..3???????
Time Spent:31MS
Check_RX:PASS
EXR:5669564F7465636832000900000C0001226000023380
[Test Result] - PASS
 Warning:0
 Fail:0

