
12:01:12: [Load Script File]
Path_File:C:\vivotech\regress\regression\regress_test\test_tree\Custom_Quick Chip Mode_TW\HIDtoKB (02=CT+CL+MSR).txt
Items: 27
Load Case Succeed!


12:01:15: >>[Do Scripts]>>

Objective: set reader to Quick Chip mode = 02 (USB/ HID to USB/ KBD), reader MUST have 5C terminal data. 02 = CT, CL and MSR would be active.
--------------------
>>> Set CT ICS Identification = 2C.
Pack L = 17-5669564F746563683200600000003D3500
CMD: 56 69 56 4F 74 65 63 68 32 00 60 16 00 01 02 FD B3 
OUT: 56 69 56 4F 74 65 63 68 32 00 60 00 00 00 3D 35 
ASCII: Otech2 `  
>>> Set CT terminal data = 2C.
Pack L = 17-5669564F746563683200600000003D3500
CMD: 56 69 56 4F 74 65 63 68 32 00 60 06 00 2C 07 00 9F 33 03 60 28 C8 9F 35 01 21 9F 40 05 F0 00 F0 A0 01 DF 11 01 00 DF 26 01 01 DF 27 01 00 DF EE 1E 08 D0 DC 20 D0 C4 1E 16 00 46 17 
OUT: 56 69 56 4F 74 65 63 68 32 00 60 00 00 00 3D 35 
ASCII: Otech2 `  
>>> Change to Quick Chip Mode
Pack L = 17-5669564F746563683200010A0000D59200
CMD: 56 69 56 4F 74 65 63 68 32 00 01 01 00 01 02 04 B4 
OUT: 56 69 56 4F 74 65 63 68 32 00 01 0A 00 00 D5 92 
ASCII: Otech2    
--------------------
>>> Set CT ICS Identification = 5C.
Pack L = 17-5669564F746563683200600000003D3500
CMD: 56 69 56 4F 74 65 63 68 32 00 60 16 00 01 05 8D 54 
OUT: 56 69 56 4F 74 65 63 68 32 00 60 00 00 00 3D 35 
ASCII: Otech2 `  
>>> Change to Quick Chip Mode
Pack L = 17-5669564F746563683200010A0000D59200
CMD: 56 69 56 4F 74 65 63 68 32 00 01 01 00 01 02 04 B4 
OUT: 56 69 56 4F 74 65 63 68 32 00 01 0A 00 00 D5 92 
ASCII: Otech2    
>>> Set CT terminal data = 5C.
Pack L = 17-5669564F746563683200600000003D3500
CMD: 56 69 56 4F 74 65 63 68 32 00 60 06 00 2C 07 00 9F 33 03 60 28 C8 9F 35 01 21 9F 40 05 F0 00 F0 A0 01 DF 11 01 00 DF 26 01 01 DF 27 01 00 DF EE 1E 08 D0 9C 20 D0 C4 1E 16 00 9B FB 
OUT: 56 69 56 4F 74 65 63 68 32 00 60 00 00 00 3D 35 
ASCII: Otech2 `  
>>> Change to Quick Chip Mode
Pack L = 17-5669564F74656368320001000000125300
CMD: 56 69 56 4F 74 65 63 68 32 00 01 01 00 01 02 04 B4 
OUT: 56 69 56 4F 74 65 63 68 32 00 01 00 00 00 12 53 
ASCII: Otech2    
--------------------
>>> Check USB connection type
MESSAGECK: 1) Check USB connection type = KBD; 2) Disconnect/ reconnect w/ PC, check again; 3) Reset reader/ reconnect w/ PC, check again
User Judgment Pass


12:02:24: CONNECT SUCCESS

12:02:28: [Send Command]

Protocal:Pack ViVopay2

CMD: 56 69 56 4F 74 65 63 68 32 00 04 F0 00 00 4D 44 
OUT: 56 69 56 4F 74 65 63 68 32 00 04 00 00 00 AE 
ASCII: Otech2   

15:39:26: [Load Script File]
Path_File:C:\vivotech\regress\regression\regress_test\test_tree\Custom_Quick Chip Mode_TW\HIDtoKB (02=CT+CL+MSR).txt
Items: 27
Load Case Succeed!


15:39:53: >>[Do Scripts]>>

Objective: set reader to Quick Chip mode = 02 (USB/ HID to USB/ KBD), reader MUST have 5C terminal data. 02 = CT, CL and MSR would be active.
--------------------
>>> Set CT ICS Identification = 2C.
Pack L = 17-5669564F746563683200600000003D3500
CMD: 56 69 56 4F 74 65 63 68 32 00 60 16 00 01 02 FD B3 
OUT: 56 69 56 4F 74 65 63 68 32 00 60 00 00 00 3D 35 
ASCII: Otech2 `  
>>> Set CT terminal data = 2C.
Pack L = 17-5669564F746563683200600000003D3500
CMD: 56 69 56 4F 74 65 63 68 32 00 60 06 00 2C 07 00 9F 33 03 60 28 C8 9F 35 01 21 9F 40 05 F0 00 F0 A0 01 DF 11 01 00 DF 26 01 01 DF 27 01 00 DF EE 1E 08 D0 DC 20 D0 C4 1E 16 00 46 17 
OUT: 56 69 56 4F 74 65 63 68 32 00 60 00 00 00 3D 35 
ASCII: Otech2 `  
>>> Change to Quick Chip Mode
Pack L = 17-5669564F746563683200010A0000D59200
CMD: 56 69 56 4F 74 65 63 68 32 00 01 01 00 01 02 04 B4 
OUT: 56 69 56 4F 74 65 63 68 32 00 01 0A 00 00 D5 92 
ASCII: Otech2    
--------------------
>>> Set CT ICS Identification = 5C.
Pack L = 17-5669564F746563683200600000003D3500
CMD: 56 69 56 4F 74 65 63 68 32 00 60 16 00 01 05 8D 54 
OUT: 56 69 56 4F 74 65 63 68 32 00 60 00 00 00 3D 35 
ASCII: Otech2 `  
>>> Change to Quick Chip Mode
Pack L = 17-5669564F746563683200010A0000D59200
CMD: 56 69 56 4F 74 65 63 68 32 00 01 01 00 01 02 04 B4 
OUT: 56 69 56 4F 74 65 63 68 32 00 01 0A 00 00 D5 92 
ASCII: Otech2    
>>> Set CT terminal data = 5C.
Pack L = 17-5669564F746563683200600000003D3500
CMD: 56 69 56 4F 74 65 63 68 32 00 60 06 00 2C 07 00 9F 33 03 60 28 C8 9F 35 01 21 9F 40 05 F0 00 F0 A0 01 DF 11 01 00 DF 26 01 01 DF 27 01 00 DF EE 1E 08 D0 9C 20 D0 C4 1E 16 00 9B FB 
OUT: 56 69 56 4F 74 65 63 68 32 00 60 00 00 00 3D 35 
ASCII: Otech2 `  
>>> Change to Quick Chip Mode
Pack L = 17-5669564F74656368320001000000125300
CMD: 56 69 56 4F 74 65 63 68 32 00 01 01 00 01 02 04 B4 
OUT: 56 69 56 4F 74 65 63 68 32 00 01 00 00 00 12 53 
ASCII: Otech2    
--------------------
>>> Check USB connection type
MESSAGECK: 1) Check USB connection type = KBD; 2) Disconnect/ reconnect w/ PC, check again; 3) Reset reader/ reconnect w/ PC, check again
User Judgment Pass


15:40:01: CONNECT SUCCESS

15:40:05: [Load Script File]
Path_File:C:\vivotech\regress\regression\regress_test\test_tree\Custom_Quick Chip Mode_TW\KBtoHID.txt
Items: 8
Load Case Succeed!


15:40:36: >>[Do Scripts]>>

Objective: Under Quick Chip mode, set reader to Poll on demand mode (USB/ KBD to USB/ HID)
--------------------
>>> Change to Poll On Demand
CMD: 56 69 56 4F 74 65 63 68 32 00 01 01 00 01 01 34 D7 
OUT: 56 69 56 4F 74 65 63 68 32 00 01 00 00 00 12 
ASCII: Otech2   
--------------------
>>> Check USB connection type
MESSAGECK: 1) Check USB connection type = HID; 2) Disconnect/ reconnect w/ PC, check again; 3) Reset reader/ reconnect w/ PC, check again
User Judgment Pass


15:40:49: CONNECT SUCCESS

15:40:52: [Load Script File]
Path_File:C:\vivotech\regress\regression\regress_test\test_tree\Custom_Quick Chip Mode_TW\HIDtoKB (03=CT+MSR).txt
Items: 27
Load Case Succeed!


15:41:11: >>[Do Scripts]>>

Objective: set reader to Quick Chip mode = 03 (USB/ HID to USB/ KBD), reader MUST have 5C terminal data. 03 = CT and MSR would be active.
--------------------
>>> Set CT ICS Identification = 2C.
Pack L = 17-5669564F746563683200600000003D3500
CMD: 56 69 56 4F 74 65 63 68 32 00 60 16 00 01 02 FD B3 
OUT: 56 69 56 4F 74 65 63 68 32 00 60 00 00 00 3D 35 
ASCII: Otech2 `  
>>> Set CT terminal data = 2C.
Pack L = 17-5669564F746563683200600000003D3500
CMD: 56 69 56 4F 74 65 63 68 32 00 60 06 00 2C 07 00 9F 33 03 60 28 C8 9F 35 01 21 9F 40 05 F0 00 F0 A0 01 DF 11 01 00 DF 26 01 01 DF 27 01 00 DF EE 1E 08 D0 DC 20 D0 C4 1E 16 00 46 17 
OUT: 56 69 56 4F 74 65 63 68 32 00 60 00 00 00 3D 35 
ASCII: Otech2 `  
>>> Change to Quick Chip Mode
Pack L = 17-5669564F746563683200010A0000D59200
CMD: 56 69 56 4F 74 65 63 68 32 00 01 01 00 01 02 04 B4 
OUT: 56 69 56 4F 74 65 63 68 32 00 01 0A 00 00 D5 92 
ASCII: Otech2    
--------------------
>>> Set CT ICS Identification = 5C.
Pack L = 17-5669564F746563683200600000003D3500
CMD: 56 69 56 4F 74 65 63 68 32 00 60 16 00 01 05 8D 54 
OUT: 56 69 56 4F 74 65 63 68 32 00 60 00 00 00 3D 35 
ASCII: Otech2 `  
>>> Change to Quick Chip Mode
Pack L = 17-5669564F746563683200010A0000D59200
CMD: 56 69 56 4F 74 65 63 68 32 00 01 01 00 01 02 04 B4 
OUT: 56 69 56 4F 74 65 63 68 32 00 01 0A 00 00 D5 92 
ASCII: Otech2    
>>> Set CT terminal data = 5C.
Pack L = 17-5669564F746563683200600000003D3500
CMD: 56 69 56 4F 74 65 63 68 32 00 60 06 00 2C 07 00 9F 33 03 60 28 C8 9F 35 01 21 9F 40 05 F0 00 F0 A0 01 DF 11 01 00 DF 26 01 01 DF 27 01 00 DF EE 1E 08 D0 9C 20 D0 C4 1E 16 00 9B FB 
OUT: 56 69 56 4F 74 65 63 68 32 00 60 00 00 00 3D 35 
ASCII: Otech2 `  
>>> Change to Quick Chip Mode
Pack L = 17-5669564F74656368320001050000F9A300
CMD: 56 69 56 4F 74 65 63 68 32 00 01 01 00 01 03 14 95 
OUT: 56 69 56 4F 74 65 63 68 32 00 01 05 00 00 F9 A3 
ASCII: Otech2    
Error! >>>> Expect OUT:EXR: 56 69 56 4F 74 65 63 68 32 00 01 00 00 00
--------------------
>>> Check USB connection type
MESSAGECK: 1) Check USB connection type = KBD; 2) Disconnect/ reconnect w/ PC, check again; 3) Reset reader/ reconnect w/ PC, check again
EXR: 56 69 56 4F 74 65 63 68 32 00 01 00 00 00
Error! >>>> User Judgment Fail:MESSAGECK: 1) Check USB connection type = KBD; 2) Disconnect/ reconnect w/ PC, check again; 3) Reset reader/ reconnect w/ PC, check again


15:41:25: [Send Command]

Protocal:Pack ViVopay2

CMD: 56 69 56 4F 74 65 63 68 32 00 01 01 00 01 03 14 95 
OUT: 56 69 56 4F 74 65 63 68 32 00 01 05 00 00 F9 A3 
ASCII: Otech2    

15:41:33: [Send Command]

Protocal:Pack ViVopay2

CMD: 56 69 56 4F 74 65 63 68 32 00 01 01 00 01 04 64 72 
OUT: 56 69 56 4F 74 65 63 68 32 00 01 00 00 00 12 53 
ASCII: Otech2    

15:41:38: CONNECT SUCCESS

15:41:42: [Send Command]

Protocal:Pack ViVopay2

CMD: 56 69 56 4F 74 65 63 68 32 00 01 01 00 01 03 14 95 
OUT: 56 69 56 4F 74 65 63 68 32 00 01 05 00 00 F9 
ASCII: Otech2   

15:41:55: [Load Script File]
Path_File:C:\vivotech\regress\regression\regress_test\test_tree\Custom_Quick Chip Mode_TW\KBtoHID.txt
Items: 8
Load Case Succeed!


15:41:58: >>[Do Scripts]>>

Objective: Under Quick Chip mode, set reader to Poll on demand mode (USB/ KBD to USB/ HID)
--------------------
>>> Change to Poll On Demand
CMD: 56 69 56 4F 74 65 63 68 32 00 01 01 00 01 01 34 D7 
OUT: 56 69 56 4F 74 65 63 68 32 00 01 00 00 00 12 
ASCII: Otech2   
--------------------
>>> Check USB connection type
MESSAGECK: 1) Check USB connection type = HID; 2) Disconnect/ reconnect w/ PC, check again; 3) Reset reader/ reconnect w/ PC, check again
User Judgment Pass


15:42:01: CONNECT SUCCESS

15:42:05: [Load Script File]
Path_File:C:\vivotech\regress\regression\regress_test\test_tree\Custom_Quick Chip Mode_TW\HIDtoKB (04=CL+MSR).txt
Items: 27
Load Case Succeed!


15:42:40: >>[Do Scripts]>>

Objective: set reader to Quick Chip mode = 04 (USB/ HID to USB/ KBD), reader MUST have 5C terminal data. 04 = CL and MSR would be active.
--------------------
>>> Set CT ICS Identification = 2C.
Pack L = 17-5669564F746563683200600000003D3500
CMD: 56 69 56 4F 74 65 63 68 32 00 60 16 00 01 02 FD B3 
OUT: 56 69 56 4F 74 65 63 68 32 00 60 00 00 00 3D 35 
ASCII: Otech2 `  
>>> Set CT terminal data = 2C.
Pack L = 17-5669564F746563683200600000003D3500
CMD: 56 69 56 4F 74 65 63 68 32 00 60 06 00 2C 07 00 9F 33 03 60 28 C8 9F 35 01 21 9F 40 05 F0 00 F0 A0 01 DF 11 01 00 DF 26 01 01 DF 27 01 00 DF EE 1E 08 D0 DC 20 D0 C4 1E 16 00 46 17 
OUT: 56 69 56 4F 74 65 63 68 32 00 60 00 00 00 3D 35 
ASCII: Otech2 `  
>>> Change to Quick Chip Mode
Pack L = 17-5669564F746563683200010A0000D59200
CMD: 56 69 56 4F 74 65 63 68 32 00 01 01 00 01 02 04 B4 
OUT: 56 69 56 4F 74 65 63 68 32 00 01 0A 00 00 D5 92 
ASCII: Otech2    
--------------------
>>> Set CT ICS Identification = 5C.
Pack L = 17-5669564F746563683200600000003D3500
CMD: 56 69 56 4F 74 65 63 68 32 00 60 16 00 01 05 8D 54 
OUT: 56 69 56 4F 74 65 63 68 32 00 60 00 00 00 3D 35 
ASCII: Otech2 `  
>>> Change to Quick Chip Mode
Pack L = 17-5669564F746563683200010A0000D59200
CMD: 56 69 56 4F 74 65 63 68 32 00 01 01 00 01 02 04 B4 
OUT: 56 69 56 4F 74 65 63 68 32 00 01 0A 00 00 D5 92 
ASCII: Otech2    
>>> Set CT terminal data = 5C.
Pack L = 17-5669564F746563683200600000003D3500
CMD: 56 69 56 4F 74 65 63 68 32 00 60 06 00 2C 07 00 9F 33 03 60 28 C8 9F 35 01 21 9F 40 05 F0 00 F0 A0 01 DF 11 01 00 DF 26 01 01 DF 27 01 00 DF EE 1E 08 D0 9C 20 D0 C4 1E 16 00 9B FB 
OUT: 56 69 56 4F 74 65 63 68 32 00 60 00 00 00 3D 35 
ASCII: Otech2 `  
>>> Change to Quick Chip Mode
Pack L = 17-5669564F74656368320001000000125300
CMD: 56 69 56 4F 74 65 63 68 32 00 01 01 00 01 04 64 72 
OUT: 56 69 56 4F 74 65 63 68 32 00 01 00 00 00 12 53 
ASCII: Otech2    
--------------------
>>> Check USB connection type
MESSAGECK: 1) Check USB connection type = KBD; 2) Disconnect/ reconnect w/ PC, check again; 3) Reset reader/ reconnect w/ PC, check again
User Judgment Pass


15:42:52: CONNECT SUCCESS

15:42:55: [Load Script File]
Path_File:C:\vivotech\regress\regression\regress_test\test_tree\Custom_Quick Chip Mode_TW\KBtoHID.txt
Items: 8
Load Case Succeed!


15:42:57: >>[Do Scripts]>>

Objective: Under Quick Chip mode, set reader to Poll on demand mode (USB/ KBD to USB/ HID)
--------------------
>>> Change to Poll On Demand
CMD: 56 69 56 4F 74 65 63 68 32 00 01 01 00 01 01 34 D7 
OUT: 56 69 56 4F 74 65 63 68 32 00 01 00 00 00 12 
ASCII: Otech2   
--------------------
>>> Check USB connection type
MESSAGECK: 1) Check USB connection type = HID; 2) Disconnect/ reconnect w/ PC, check again; 3) Reset reader/ reconnect w/ PC, check again
User Judgment Pass


15:42:59: CONNECT SUCCESS

15:43:47: [Load Script File]
Path_File:C:\vivotech\regress\regression\regress_test\test_tree\Custom_Quick Chip Mode_TW\HIDtoKB (02=CT+CL+MSR).txt
Items: 27
Load Case Succeed!


15:43:50: >>[Do Scripts]>>

Objective: set reader to Quick Chip mode = 02 (USB/ HID to USB/ KBD), reader MUST have 5C terminal data. 02 = CT, CL and MSR would be active.
--------------------
>>> Set CT ICS Identification = 2C.
Pack L = 17-5669564F746563683200600000003D3500
CMD: 56 69 56 4F 74 65 63 68 32 00 60 16 00 01 02 FD B3 
OUT: 56 69 56 4F 74 65 63 68 32 00 60 00 00 00 3D 35 
ASCII: Otech2 `  
>>> Set CT terminal data = 2C.
Pack L = 17-5669564F746563683200600000003D3500
CMD: 56 69 56 4F 74 65 63 68 32 00 60 06 00 2C 07 00 9F 33 03 60 28 C8 9F 35 01 21 9F 40 05 F0 00 F0 A0 01 DF 11 01 00 DF 26 01 01 DF 27 01 00 DF EE 1E 08 D0 DC 20 D0 C4 1E 16 00 46 17 
OUT: 56 69 56 4F 74 65 63 68 32 00 60 00 00 00 3D 35 
ASCII: Otech2 `  
>>> Change to Quick Chip Mode
Pack L = 17-5669564F746563683200010A0000D59200
CMD: 56 69 56 4F 74 65 63 68 32 00 01 01 00 01 02 04 B4 
OUT: 56 69 56 4F 74 65 63 68 32 00 01 0A 00 00 D5 92 
ASCII: Otech2    
--------------------
>>> Set CT ICS Identification = 5C.
Pack L = 17-5669564F746563683200600000003D3500
CMD: 56 69 56 4F 74 65 63 68 32 00 60 16 00 01 05 8D 54 
OUT: 56 69 56 4F 74 65 63 68 32 00 60 00 00 00 3D 35 
ASCII: Otech2 `  
>>> Change to Quick Chip Mode
Pack L = 17-5669564F746563683200010A0000D59200
CMD: 56 69 56 4F 74 65 63 68 32 00 01 01 00 01 02 04 B4 
OUT: 56 69 56 4F 74 65 63 68 32 00 01 0A 00 00 D5 92 
ASCII: Otech2    
>>> Set CT terminal data = 5C.
Pack L = 17-5669564F746563683200600000003D3500
CMD: 56 69 56 4F 74 65 63 68 32 00 60 06 00 2C 07 00 9F 33 03 60 28 C8 9F 35 01 21 9F 40 05 F0 00 F0 A0 01 DF 11 01 00 DF 26 01 01 DF 27 01 00 DF EE 1E 08 D0 9C 20 D0 C4 1E 16 00 9B FB 
OUT: 56 69 56 4F 74 65 63 68 32 00 60 00 00 00 3D 35 
ASCII: Otech2 `  
>>> Change to Quick Chip Mode
Pack L = 17-5669564F74656368320001000000125300
CMD: 56 69 56 4F 74 65 63 68 32 00 01 01 00 01 02 04 B4 
OUT: 56 69 56 4F 74 65 63 68 32 00 01 00 00 00 12 53 
ASCII: Otech2    
--------------------
>>> Check USB connection type
MESSAGECK: 1) Check USB connection type = KBD; 2) Disconnect/ reconnect w/ PC, check again; 3) Reset reader/ reconnect w/ PC, check again
User Judgment Pass


15:43:53: CONNECT SUCCESS

13:29:07: [Load Script File]
Path_File:C:\vivotech\regress\regression\regress_test\test_tree\Custom_Quick Chip Mode_TW\HIDtoKB (02=CT+CL+MSR).txt
Items: 27
Load Case Succeed!


13:29:36: >>[Do Scripts]>>

Objective: set reader to Quick Chip mode = 02 (USB/ HID to USB/ KBD), reader MUST have 5C terminal data. 02 = CT, CL and MSR would be active.
--------------------
>>> Set CT ICS Identification = 2C.
Pack L = 17-5669564F746563683200600000003D3500
CMD: 56 69 56 4F 74 65 63 68 32 00 60 16 00 01 02 FD B3 
OUT: 56 69 56 4F 74 65 63 68 32 00 60 00 00 00 3D 35 
ASCII: Otech2 `  
>>> Set CT terminal data = 2C.
Pack L = 17-5669564F746563683200600000003D3500
CMD: 56 69 56 4F 74 65 63 68 32 00 60 06 00 2C 07 00 9F 33 03 60 28 C8 9F 35 01 21 9F 40 05 F0 00 F0 A0 01 DF 11 01 00 DF 26 01 01 DF 27 01 00 DF EE 1E 08 D0 DC 20 D0 C4 1E 16 00 46 17 
OUT: 56 69 56 4F 74 65 63 68 32 00 60 00 00 00 3D 35 
ASCII: Otech2 `  
>>> Change to Quick Chip Mode
Pack L = 17-5669564F746563683200010A0000D59200
CMD: 56 69 56 4F 74 65 63 68 32 00 01 01 00 01 02 04 B4 
OUT: 56 69 56 4F 74 65 63 68 32 00 01 0A 00 00 D5 92 
ASCII: Otech2    
--------------------
>>> Set CT ICS Identification = 5C.
Pack L = 17-5669564F746563683200600000003D3500
CMD: 56 69 56 4F 74 65 63 68 32 00 60 16 00 01 05 8D 54 
OUT: 56 69 56 4F 74 65 63 68 32 00 60 00 00 00 3D 35 
ASCII: Otech2 `  
>>> Change to Quick Chip Mode
Pack L = 17-5669564F746563683200010A0000D59200
CMD: 56 69 56 4F 74 65 63 68 32 00 01 01 00 01 02 04 B4 
OUT: 56 69 56 4F 74 65 63 68 32 00 01 0A 00 00 D5 92 
ASCII: Otech2    
>>> Set CT terminal data = 5C.
Pack L = 17-5669564F746563683200600000003D3500
CMD: 56 69 56 4F 74 65 63 68 32 00 60 06 00 2C 07 00 9F 33 03 60 28 C8 9F 35 01 21 9F 40 05 F0 00 F0 A0 01 DF 11 01 00 DF 26 01 01 DF 27 01 00 DF EE 1E 08 D0 9C 20 D0 C4 1E 16 00 9B FB 
OUT: 56 69 56 4F 74 65 63 68 32 00 60 00 00 00 3D 35 
ASCII: Otech2 `  
>>> Change to Quick Chip Mode
Pack L = 17-5669564F74656368320001000000125300
CMD: 56 69 56 4F 74 65 63 68 32 00 01 01 00 01 02 04 B4 
OUT: 56 69 56 4F 74 65 63 68 32 00 01 00 00 00 12 53 
ASCII: Otech2    
--------------------
>>> Check USB connection type
MESSAGECK: 1) Check USB connection type = KBD; 2) Disconnect/ reconnect w/ PC, check again; 3) Reset reader/ reconnect w/ PC, check again
User Judgment Pass


13:29:44: CONNECT SUCCESS

13:29:48: [Load Script File]
Path_File:C:\vivotech\regress\regression\regress_test\test_tree\Custom_Quick Chip Mode_TW\KBtoHID.txt
Items: 8
Load Case Succeed!


13:30:17: >>[Do Scripts]>>

Objective: Under Quick Chip mode, set reader to Poll on demand mode (USB/ KBD to USB/ HID)
--------------------
>>> Change to Poll On Demand
CMD: 56 69 56 4F 74 65 63 68 32 00 01 01 00 01 01 34 D7 
OUT: 56 69 56 4F 74 65 63 68 32 00 01 00 00 00 12 
ASCII: Otech2   
--------------------
>>> Check USB connection type
MESSAGECK: 1) Check USB connection type = HID; 2) Disconnect/ reconnect w/ PC, check again; 3) Reset reader/ reconnect w/ PC, check again
User Judgment Pass


13:30:25: CONNECT SUCCESS

13:30:32: [Load Script File]
Path_File:C:\vivotech\regress\regression\regress_test\test_tree\Custom_Quick Chip Mode_TW\HIDtoKB (04=CL+MSR).txt
Items: 27
Load Case Succeed!


13:30:55: >>[Do Scripts]>>

Objective: set reader to Quick Chip mode = 04 (USB/ HID to USB/ KBD), reader MUST have 5C terminal data. 04 = CL and MSR would be active.
--------------------
>>> Set CT ICS Identification = 2C.
Pack L = 17-5669564F746563683200600000003D3500
CMD: 56 69 56 4F 74 65 63 68 32 00 60 16 00 01 02 FD B3 
OUT: 56 69 56 4F 74 65 63 68 32 00 60 00 00 00 3D 35 
ASCII: Otech2 `  
>>> Set CT terminal data = 2C.
Pack L = 17-5669564F746563683200600000003D3500
CMD: 56 69 56 4F 74 65 63 68 32 00 60 06 00 2C 07 00 9F 33 03 60 28 C8 9F 35 01 21 9F 40 05 F0 00 F0 A0 01 DF 11 01 00 DF 26 01 01 DF 27 01 00 DF EE 1E 08 D0 DC 20 D0 C4 1E 16 00 46 17 
OUT: 56 69 56 4F 74 65 63 68 32 00 60 00 00 00 3D 35 
ASCII: Otech2 `  
>>> Change to Quick Chip Mode
Pack L = 17-5669564F746563683200010A0000D59200
CMD: 56 69 56 4F 74 65 63 68 32 00 01 01 00 01 02 04 B4 
OUT: 56 69 56 4F 74 65 63 68 32 00 01 0A 00 00 D5 92 
ASCII: Otech2    
--------------------
>>> Set CT ICS Identification = 5C.
Pack L = 17-5669564F746563683200600000003D3500
CMD: 56 69 56 4F 74 65 63 68 32 00 60 16 00 01 05 8D 54 
OUT: 56 69 56 4F 74 65 63 68 32 00 60 00 00 00 3D 35 
ASCII: Otech2 `  
>>> Change to Quick Chip Mode
Pack L = 17-5669564F746563683200010A0000D59200
CMD: 56 69 56 4F 74 65 63 68 32 00 01 01 00 01 02 04 B4 
OUT: 56 69 56 4F 74 65 63 68 32 00 01 0A 00 00 D5 92 
ASCII: Otech2    
>>> Set CT terminal data = 5C.
Pack L = 17-5669564F746563683200600000003D3500
CMD: 56 69 56 4F 74 65 63 68 32 00 60 06 00 2C 07 00 9F 33 03 60 28 C8 9F 35 01 21 9F 40 05 F0 00 F0 A0 01 DF 11 01 00 DF 26 01 01 DF 27 01 00 DF EE 1E 08 D0 9C 20 D0 C4 1E 16 00 9B FB 
OUT: 56 69 56 4F 74 65 63 68 32 00 60 00 00 00 3D 35 
ASCII: Otech2 `  
>>> Change to Quick Chip Mode
Pack L = 17-5669564F74656368320001000000125300
CMD: 56 69 56 4F 74 65 63 68 32 00 01 01 00 01 04 64 72 
OUT: 56 69 56 4F 74 65 63 68 32 00 01 00 00 00 12 53 
ASCII: Otech2    
--------------------
>>> Check USB connection type
MESSAGECK: 1) Check USB connection type = KBD; 2) Disconnect/ reconnect w/ PC, check again; 3) Reset reader/ reconnect w/ PC, check again
User Judgment Pass


13:31:13: CONNECT SUCCESS

13:35:26: [Load Script File]
Path_File:C:\vivotech\regress\regression\regress_test\test_tree\Custom_Quick Chip Mode_TW\KBtoHID.txt
Items: 8
Load Case Succeed!


13:35:28: >>[Do Scripts]>>

Objective: Under Quick Chip mode, set reader to Poll on demand mode (USB/ KBD to USB/ HID)
--------------------
>>> Change to Poll On Demand
CMD: 56 69 56 4F 74 65 63 68 32 00 01 01 00 01 01 34 D7 
OUT: 56 69 56 4F 74 65 63 68 32 00 01 00 00 00 12 
ASCII: Otech2   
--------------------
>>> Check USB connection type
MESSAGECK: 1) Check USB connection type = HID; 2) Disconnect/ reconnect w/ PC, check again; 3) Reset reader/ reconnect w/ PC, check again
User Judgment Pass


13:35:31: CONNECT SUCCESS

13:36:37: [Load Script File]
Path_File:C:\vivotech\regress\regression\regress_test\test_tree\Custom_Quick Chip Mode_TW\HIDtoKB (02=CT+CL+MSR).txt
Items: 27
Load Case Succeed!


13:36:46: >>[Do Scripts]>>

Objective: set reader to Quick Chip mode = 02 (USB/ HID to USB/ KBD), reader MUST have 5C terminal data. 02 = CT, CL and MSR would be active.
--------------------
>>> Set CT ICS Identification = 2C.
Pack L = 17-5669564F746563683200600000003D3500
CMD: 56 69 56 4F 74 65 63 68 32 00 60 16 00 01 02 FD B3 
OUT: 56 69 56 4F 74 65 63 68 32 00 60 00 00 00 3D 35 
ASCII: Otech2 `  
>>> Set CT terminal data = 2C.
Pack L = 17-5669564F746563683200600000003D3500
CMD: 56 69 56 4F 74 65 63 68 32 00 60 06 00 2C 07 00 9F 33 03 60 28 C8 9F 35 01 21 9F 40 05 F0 00 F0 A0 01 DF 11 01 00 DF 26 01 01 DF 27 01 00 DF EE 1E 08 D0 DC 20 D0 C4 1E 16 00 46 17 
OUT: 56 69 56 4F 74 65 63 68 32 00 60 00 00 00 3D 35 
ASCII: Otech2 `  
>>> Change to Quick Chip Mode
Pack L = 17-5669564F746563683200010A0000D59200
CMD: 56 69 56 4F 74 65 63 68 32 00 01 01 00 01 02 04 B4 
OUT: 56 69 56 4F 74 65 63 68 32 00 01 0A 00 00 D5 92 
ASCII: Otech2    
--------------------
>>> Set CT ICS Identification = 5C.
Pack L = 17-5669564F746563683200600000003D3500
CMD: 56 69 56 4F 74 65 63 68 32 00 60 16 00 01 05 8D 54 
OUT: 56 69 56 4F 74 65 63 68 32 00 60 00 00 00 3D 35 
ASCII: Otech2 `  
>>> Change to Quick Chip Mode
Pack L = 17-5669564F746563683200010A0000D59200
CMD: 56 69 56 4F 74 65 63 68 32 00 01 01 00 01 02 04 B4 
OUT: 56 69 56 4F 74 65 63 68 32 00 01 0A 00 00 D5 92 
ASCII: Otech2    
>>> Set CT terminal data = 5C.
Pack L = 17-5669564F746563683200600000003D3500
CMD: 56 69 56 4F 74 65 63 68 32 00 60 06 00 2C 07 00 9F 33 03 60 28 C8 9F 35 01 21 9F 40 05 F0 00 F0 A0 01 DF 11 01 00 DF 26 01 01 DF 27 01 00 DF EE 1E 08 D0 9C 20 D0 C4 1E 16 00 9B FB 
OUT: 56 69 56 4F 74 65 63 68 32 00 60 00 00 00 3D 35 
ASCII: Otech2 `  
>>> Change to Quick Chip Mode
Pack L = 17-5669564F74656368320001000000125300
CMD: 56 69 56 4F 74 65 63 68 32 00 01 01 00 01 02 04 B4 
OUT: 56 69 56 4F 74 65 63 68 32 00 01 00 00 00 12 53 
ASCII: Otech2    
--------------------
>>> Check USB connection type
MESSAGECK: 1) Check USB connection type = KBD; 2) Disconnect/ reconnect w/ PC, check again; 3) Reset reader/ reconnect w/ PC, check again
User Judgment Pass


13:36:54: CONNECT SUCCESS
